[2024-02-01T12:48:56.838+0000] {processor.py:157} INFO - Started process (PID=36) to work on /opt/airflow/dags/task.py
[2024-02-01T12:48:56.846+0000] {processor.py:829} INFO - Processing file /opt/airflow/dags/task.py for tasks to queue
[2024-02-01T12:48:56.855+0000] {logging_mixin.py:154} INFO - [2024-02-01T12:48:56.855+0000] {dagbag.py:536} INFO - Filling up the DagBag from /opt/airflow/dags/task.py
[2024-02-01T12:49:03.452+0000] {processor.py:839} INFO - DAG(s) dict_keys(['stt_task']) retrieved from /opt/airflow/dags/task.py
[2024-02-01T12:49:04.793+0000] {logging_mixin.py:154} INFO - [2024-02-01T12:49:04.792+0000] {manager.py:499} INFO - Created Permission View: %s
[2024-02-01T12:49:05.033+0000] {logging_mixin.py:154} INFO - [2024-02-01T12:49:04.996+0000] {manager.py:499} INFO - Created Permission View: %s
[2024-02-01T12:49:05.430+0000] {logging_mixin.py:154} INFO - [2024-02-01T12:49:05.424+0000] {manager.py:499} INFO - Created Permission View: %s
[2024-02-01T12:49:05.492+0000] {logging_mixin.py:154} INFO - [2024-02-01T12:49:05.452+0000] {dag.py:2941} INFO - Sync 1 DAGs
[2024-02-01T12:49:05.627+0000] {logging_mixin.py:154} INFO - [2024-02-01T12:49:05.624+0000] {dag.py:2963} INFO - Creating ORM DAG for stt_task
[2024-02-01T12:49:05.693+0000] {logging_mixin.py:154} INFO - [2024-02-01T12:49:05.693+0000] {dag.py:3722} INFO - Setting next_dagrun for stt_task to 2024-01-31T00:00:00+00:00, run_after=2024-02-01T00:00:00+00:00
[2024-02-01T12:49:05.788+0000] {processor.py:179} INFO - Processing /opt/airflow/dags/task.py took 8.972 seconds
[2024-02-01T12:49:36.545+0000] {processor.py:157} INFO - Started process (PID=49) to work on /opt/airflow/dags/task.py
[2024-02-01T12:49:36.551+0000] {processor.py:829} INFO - Processing file /opt/airflow/dags/task.py for tasks to queue
[2024-02-01T12:49:36.575+0000] {logging_mixin.py:154} INFO - [2024-02-01T12:49:36.573+0000] {dagbag.py:536} INFO - Filling up the DagBag from /opt/airflow/dags/task.py
[2024-02-01T12:49:44.101+0000] {processor.py:839} INFO - DAG(s) dict_keys(['stt_task']) retrieved from /opt/airflow/dags/task.py
[2024-02-01T12:49:44.318+0000] {logging_mixin.py:154} INFO - [2024-02-01T12:49:44.315+0000] {dag.py:2941} INFO - Sync 1 DAGs
[2024-02-01T12:49:44.611+0000] {logging_mixin.py:154} INFO - [2024-02-01T12:49:44.611+0000] {dag.py:3722} INFO - Setting next_dagrun for stt_task to 2024-01-31T00:00:00+00:00, run_after=2024-02-01T00:00:00+00:00
[2024-02-01T12:49:44.769+0000] {processor.py:179} INFO - Processing /opt/airflow/dags/task.py took 8.248 seconds
[2024-02-01T12:50:16.027+0000] {processor.py:157} INFO - Started process (PID=67) to work on /opt/airflow/dags/task.py
[2024-02-01T12:50:16.039+0000] {processor.py:829} INFO - Processing file /opt/airflow/dags/task.py for tasks to queue
[2024-02-01T12:50:16.077+0000] {logging_mixin.py:154} INFO - [2024-02-01T12:50:16.076+0000] {dagbag.py:536} INFO - Filling up the DagBag from /opt/airflow/dags/task.py
[2024-02-01T12:50:19.537+0000] {processor.py:839} INFO - DAG(s) dict_keys(['stt_task']) retrieved from /opt/airflow/dags/task.py
[2024-02-01T12:50:19.608+0000] {logging_mixin.py:154} INFO - [2024-02-01T12:50:19.607+0000] {dag.py:2941} INFO - Sync 1 DAGs
[2024-02-01T12:50:19.672+0000] {logging_mixin.py:154} INFO - [2024-02-01T12:50:19.671+0000] {dag.py:3722} INFO - Setting next_dagrun for stt_task to 2024-01-31T00:00:00+00:00, run_after=2024-02-01T00:00:00+00:00
[2024-02-01T12:50:19.721+0000] {processor.py:179} INFO - Processing /opt/airflow/dags/task.py took 3.730 seconds
