[2024-01-16T06:32:43.848+0000] {processor.py:157} INFO - Started process (PID=38) to work on /opt/airflow/dags/task.py
[2024-01-16T06:32:43.854+0000] {processor.py:829} INFO - Processing file /opt/airflow/dags/task.py for tasks to queue
[2024-01-16T06:32:43.870+0000] {logging_mixin.py:154} INFO - [2024-01-16T06:32:43.869+0000] {dagbag.py:536} INFO - Filling up the DagBag from /opt/airflow/dags/task.py
[2024-01-16T06:33:27.426+0000] {processor.py:157} INFO - Started process (PID=37) to work on /opt/airflow/dags/task.py
[2024-01-16T06:33:27.429+0000] {processor.py:829} INFO - Processing file /opt/airflow/dags/task.py for tasks to queue
[2024-01-16T06:33:27.435+0000] {logging_mixin.py:154} INFO - [2024-01-16T06:33:27.435+0000] {dagbag.py:536} INFO - Filling up the DagBag from /opt/airflow/dags/task.py
[2024-01-16T06:33:29.932+0000] {logging_mixin.py:154} INFO - [2024-01-16T06:33:29.925+0000] {dagbag.py:346} ERROR - Failed to import: /opt/airflow/dags/task.py
Traceback (most recent call last):
  File "/home/airflow/.local/lib/python3.9/site-packages/airflow/models/dagbag.py", line 342, in parse
    loader.exec_module(new_module)
  File "<frozen importlib._bootstrap_external>", line 850, in exec_module
  File "<frozen importlib._bootstrap>", line 228, in _call_with_frames_removed
  File "/opt/airflow/dags/task.py", line 19, in <module>
    dag = DAG(
  File "/home/airflow/.local/lib/python3.9/site-packages/airflow/models/dag.py", line 493, in __init__
    validate_key(dag_id)
  File "/home/airflow/.local/lib/python3.9/site-packages/airflow/utils/helpers.py", line 57, in validate_key
    raise AirflowException(
airflow.exceptions.AirflowException: The key 'STT files' has to be made of alphanumeric characters, dashes, dots and underscores exclusively
[2024-01-16T06:33:29.933+0000] {processor.py:841} WARNING - No viable dags retrieved from /opt/airflow/dags/task.py
[2024-01-16T06:33:29.960+0000] {processor.py:179} INFO - Processing /opt/airflow/dags/task.py took 2.540 seconds
[2024-01-16T06:34:00.545+0000] {processor.py:157} INFO - Started process (PID=48) to work on /opt/airflow/dags/task.py
[2024-01-16T06:34:00.550+0000] {processor.py:829} INFO - Processing file /opt/airflow/dags/task.py for tasks to queue
[2024-01-16T06:34:00.562+0000] {logging_mixin.py:154} INFO - [2024-01-16T06:34:00.561+0000] {dagbag.py:536} INFO - Filling up the DagBag from /opt/airflow/dags/task.py
[2024-01-16T06:34:01.636+0000] {logging_mixin.py:154} INFO - [2024-01-16T06:34:01.631+0000] {dagbag.py:346} ERROR - Failed to import: /opt/airflow/dags/task.py
Traceback (most recent call last):
  File "/home/airflow/.local/lib/python3.9/site-packages/airflow/models/dagbag.py", line 342, in parse
    loader.exec_module(new_module)
  File "<frozen importlib._bootstrap_external>", line 850, in exec_module
  File "<frozen importlib._bootstrap>", line 228, in _call_with_frames_removed
  File "/opt/airflow/dags/task.py", line 19, in <module>
    dag = DAG(
  File "/home/airflow/.local/lib/python3.9/site-packages/airflow/models/dag.py", line 493, in __init__
    validate_key(dag_id)
  File "/home/airflow/.local/lib/python3.9/site-packages/airflow/utils/helpers.py", line 57, in validate_key
    raise AirflowException(
airflow.exceptions.AirflowException: The key 'STT files' has to be made of alphanumeric characters, dashes, dots and underscores exclusively
[2024-01-16T06:34:01.638+0000] {processor.py:841} WARNING - No viable dags retrieved from /opt/airflow/dags/task.py
[2024-01-16T06:34:01.676+0000] {processor.py:179} INFO - Processing /opt/airflow/dags/task.py took 1.156 seconds
[2024-01-16T06:34:31.942+0000] {processor.py:157} INFO - Started process (PID=59) to work on /opt/airflow/dags/task.py
[2024-01-16T06:34:31.959+0000] {processor.py:829} INFO - Processing file /opt/airflow/dags/task.py for tasks to queue
[2024-01-16T06:34:32.017+0000] {logging_mixin.py:154} INFO - [2024-01-16T06:34:32.015+0000] {dagbag.py:536} INFO - Filling up the DagBag from /opt/airflow/dags/task.py
[2024-01-16T06:34:36.110+0000] {logging_mixin.py:154} INFO - [2024-01-16T06:34:36.095+0000] {dagbag.py:346} ERROR - Failed to import: /opt/airflow/dags/task.py
Traceback (most recent call last):
  File "/home/airflow/.local/lib/python3.9/site-packages/airflow/models/dagbag.py", line 342, in parse
    loader.exec_module(new_module)
  File "<frozen importlib._bootstrap_external>", line 850, in exec_module
  File "<frozen importlib._bootstrap>", line 228, in _call_with_frames_removed
  File "/opt/airflow/dags/task.py", line 19, in <module>
    dag = DAG(
  File "/home/airflow/.local/lib/python3.9/site-packages/airflow/models/dag.py", line 493, in __init__
    validate_key(dag_id)
  File "/home/airflow/.local/lib/python3.9/site-packages/airflow/utils/helpers.py", line 57, in validate_key
    raise AirflowException(
airflow.exceptions.AirflowException: The key 'STT files' has to be made of alphanumeric characters, dashes, dots and underscores exclusively
[2024-01-16T06:34:36.137+0000] {processor.py:841} WARNING - No viable dags retrieved from /opt/airflow/dags/task.py
[2024-01-16T06:34:36.222+0000] {processor.py:179} INFO - Processing /opt/airflow/dags/task.py took 4.290 seconds
[2024-01-16T06:35:07.979+0000] {processor.py:157} INFO - Started process (PID=70) to work on /opt/airflow/dags/task.py
[2024-01-16T06:35:08.028+0000] {processor.py:829} INFO - Processing file /opt/airflow/dags/task.py for tasks to queue
[2024-01-16T06:35:08.258+0000] {logging_mixin.py:154} INFO - [2024-01-16T06:35:08.237+0000] {dagbag.py:536} INFO - Filling up the DagBag from /opt/airflow/dags/task.py
[2024-01-16T06:35:13.382+0000] {processor.py:839} INFO - DAG(s) dict_keys(['STT-files']) retrieved from /opt/airflow/dags/task.py
[2024-01-16T06:35:14.659+0000] {logging_mixin.py:154} INFO - [2024-01-16T06:35:14.658+0000] {manager.py:499} INFO - Created Permission View: %s
[2024-01-16T06:35:14.705+0000] {logging_mixin.py:154} INFO - [2024-01-16T06:35:14.703+0000] {manager.py:499} INFO - Created Permission View: %s
[2024-01-16T06:35:14.734+0000] {logging_mixin.py:154} INFO - [2024-01-16T06:35:14.733+0000] {manager.py:499} INFO - Created Permission View: %s
[2024-01-16T06:35:14.738+0000] {logging_mixin.py:154} INFO - [2024-01-16T06:35:14.735+0000] {dag.py:2941} INFO - Sync 1 DAGs
[2024-01-16T06:35:14.777+0000] {logging_mixin.py:154} INFO - [2024-01-16T06:35:14.775+0000] {dag.py:2963} INFO - Creating ORM DAG for STT-files
[2024-01-16T06:35:14.814+0000] {logging_mixin.py:154} INFO - [2024-01-16T06:35:14.814+0000] {dag.py:3722} INFO - Setting next_dagrun for STT-files to 2024-01-15T00:00:00+00:00, run_after=2024-01-16T00:00:00+00:00
[2024-01-16T06:35:14.874+0000] {processor.py:179} INFO - Processing /opt/airflow/dags/task.py took 7.144 seconds
[2024-01-16T06:35:45.230+0000] {processor.py:157} INFO - Started process (PID=84) to work on /opt/airflow/dags/task.py
[2024-01-16T06:35:45.251+0000] {processor.py:829} INFO - Processing file /opt/airflow/dags/task.py for tasks to queue
[2024-01-16T06:35:45.310+0000] {logging_mixin.py:154} INFO - [2024-01-16T06:35:45.310+0000] {dagbag.py:536} INFO - Filling up the DagBag from /opt/airflow/dags/task.py
[2024-01-16T06:36:03.375+0000] {processor.py:839} INFO - DAG(s) dict_keys(['STT-files']) retrieved from /opt/airflow/dags/task.py
[2024-01-16T06:36:03.546+0000] {logging_mixin.py:154} INFO - [2024-01-16T06:36:03.544+0000] {dag.py:2941} INFO - Sync 1 DAGs
[2024-01-16T06:36:03.639+0000] {logging_mixin.py:154} INFO - [2024-01-16T06:36:03.638+0000] {dag.py:3722} INFO - Setting next_dagrun for STT-files to 2024-01-15T00:00:00+00:00, run_after=2024-01-16T00:00:00+00:00
[2024-01-16T06:36:03.724+0000] {processor.py:179} INFO - Processing /opt/airflow/dags/task.py took 18.586 seconds
[2024-01-16T06:36:34.222+0000] {processor.py:157} INFO - Started process (PID=102) to work on /opt/airflow/dags/task.py
[2024-01-16T06:36:34.247+0000] {processor.py:829} INFO - Processing file /opt/airflow/dags/task.py for tasks to queue
[2024-01-16T06:36:34.317+0000] {logging_mixin.py:154} INFO - [2024-01-16T06:36:34.312+0000] {dagbag.py:536} INFO - Filling up the DagBag from /opt/airflow/dags/task.py
[2024-01-16T06:36:42.301+0000] {processor.py:839} INFO - DAG(s) dict_keys(['STT-files']) retrieved from /opt/airflow/dags/task.py
[2024-01-16T06:36:42.471+0000] {logging_mixin.py:154} INFO - [2024-01-16T06:36:42.470+0000] {dag.py:2941} INFO - Sync 1 DAGs
[2024-01-16T06:36:42.625+0000] {logging_mixin.py:154} INFO - [2024-01-16T06:36:42.624+0000] {dag.py:3722} INFO - Setting next_dagrun for STT-files to 2024-01-15T00:00:00+00:00, run_after=2024-01-16T00:00:00+00:00
[2024-01-16T06:36:42.714+0000] {processor.py:179} INFO - Processing /opt/airflow/dags/task.py took 8.561 seconds
[2024-01-16T06:37:13.822+0000] {processor.py:157} INFO - Started process (PID=111) to work on /opt/airflow/dags/task.py
[2024-01-16T06:37:13.867+0000] {processor.py:829} INFO - Processing file /opt/airflow/dags/task.py for tasks to queue
[2024-01-16T06:37:14.122+0000] {logging_mixin.py:154} INFO - [2024-01-16T06:37:14.121+0000] {dagbag.py:536} INFO - Filling up the DagBag from /opt/airflow/dags/task.py
[2024-01-16T06:37:32.473+0000] {processor.py:839} INFO - DAG(s) dict_keys(['STT-files']) retrieved from /opt/airflow/dags/task.py
[2024-01-16T06:37:32.925+0000] {logging_mixin.py:154} INFO - [2024-01-16T06:37:32.921+0000] {dag.py:2941} INFO - Sync 1 DAGs
[2024-01-16T06:37:33.284+0000] {logging_mixin.py:154} INFO - [2024-01-16T06:37:33.284+0000] {dag.py:3722} INFO - Setting next_dagrun for STT-files to 2024-01-15T00:00:00+00:00, run_after=2024-01-16T00:00:00+00:00
[2024-01-16T06:37:33.400+0000] {processor.py:179} INFO - Processing /opt/airflow/dags/task.py took 19.803 seconds
[2024-01-16T06:38:04.762+0000] {processor.py:157} INFO - Started process (PID=134) to work on /opt/airflow/dags/task.py
[2024-01-16T06:38:04.773+0000] {processor.py:829} INFO - Processing file /opt/airflow/dags/task.py for tasks to queue
[2024-01-16T06:38:04.832+0000] {logging_mixin.py:154} INFO - [2024-01-16T06:38:04.825+0000] {dagbag.py:536} INFO - Filling up the DagBag from /opt/airflow/dags/task.py
[2024-01-16T06:38:19.840+0000] {processor.py:839} INFO - DAG(s) dict_keys(['STT-files']) retrieved from /opt/airflow/dags/task.py
[2024-01-16T06:38:20.266+0000] {logging_mixin.py:154} INFO - [2024-01-16T06:38:20.262+0000] {dag.py:2941} INFO - Sync 1 DAGs
[2024-01-16T06:38:20.513+0000] {logging_mixin.py:154} INFO - [2024-01-16T06:38:20.513+0000] {dag.py:3722} INFO - Setting next_dagrun for STT-files to 2024-01-16T00:00:00+00:00, run_after=2024-01-17T00:00:00+00:00
[2024-01-16T06:38:20.573+0000] {processor.py:179} INFO - Processing /opt/airflow/dags/task.py took 15.876 seconds
[2024-01-16T06:38:51.305+0000] {processor.py:157} INFO - Started process (PID=152) to work on /opt/airflow/dags/task.py
[2024-01-16T06:38:51.321+0000] {processor.py:829} INFO - Processing file /opt/airflow/dags/task.py for tasks to queue
[2024-01-16T06:38:51.371+0000] {logging_mixin.py:154} INFO - [2024-01-16T06:38:51.366+0000] {dagbag.py:536} INFO - Filling up the DagBag from /opt/airflow/dags/task.py
[2024-01-16T06:39:03.095+0000] {processor.py:839} INFO - DAG(s) dict_keys(['STT-files']) retrieved from /opt/airflow/dags/task.py
[2024-01-16T06:39:04.032+0000] {logging_mixin.py:154} INFO - [2024-01-16T06:39:04.026+0000] {dag.py:2941} INFO - Sync 1 DAGs
[2024-01-16T06:39:04.219+0000] {logging_mixin.py:154} INFO - [2024-01-16T06:39:04.218+0000] {dag.py:3722} INFO - Setting next_dagrun for STT-files to 2024-01-16T00:00:00+00:00, run_after=2024-01-17T00:00:00+00:00
[2024-01-16T06:39:04.392+0000] {processor.py:179} INFO - Processing /opt/airflow/dags/task.py took 13.186 seconds
[2024-01-16T06:39:35.683+0000] {processor.py:157} INFO - Started process (PID=167) to work on /opt/airflow/dags/task.py
[2024-01-16T06:39:35.740+0000] {processor.py:829} INFO - Processing file /opt/airflow/dags/task.py for tasks to queue
[2024-01-16T06:39:35.939+0000] {logging_mixin.py:154} INFO - [2024-01-16T06:39:35.914+0000] {dagbag.py:536} INFO - Filling up the DagBag from /opt/airflow/dags/task.py
[2024-01-16T06:39:48.068+0000] {processor.py:839} INFO - DAG(s) dict_keys(['STT-files']) retrieved from /opt/airflow/dags/task.py
[2024-01-16T06:39:48.158+0000] {logging_mixin.py:154} INFO - [2024-01-16T06:39:48.157+0000] {dag.py:2941} INFO - Sync 1 DAGs
[2024-01-16T06:39:48.429+0000] {logging_mixin.py:154} INFO - [2024-01-16T06:39:48.428+0000] {dag.py:3722} INFO - Setting next_dagrun for STT-files to 2024-01-16T00:00:00+00:00, run_after=2024-01-17T00:00:00+00:00
[2024-01-16T06:39:48.513+0000] {processor.py:179} INFO - Processing /opt/airflow/dags/task.py took 13.339 seconds
[2024-01-16T06:40:19.345+0000] {processor.py:157} INFO - Started process (PID=200) to work on /opt/airflow/dags/task.py
[2024-01-16T06:40:19.348+0000] {processor.py:829} INFO - Processing file /opt/airflow/dags/task.py for tasks to queue
[2024-01-16T06:40:19.352+0000] {logging_mixin.py:154} INFO - [2024-01-16T06:40:19.351+0000] {dagbag.py:536} INFO - Filling up the DagBag from /opt/airflow/dags/task.py
[2024-01-16T06:40:20.222+0000] {processor.py:839} INFO - DAG(s) dict_keys(['STT-files']) retrieved from /opt/airflow/dags/task.py
[2024-01-16T06:40:20.258+0000] {logging_mixin.py:154} INFO - [2024-01-16T06:40:20.257+0000] {dag.py:2941} INFO - Sync 1 DAGs
[2024-01-16T06:40:20.290+0000] {logging_mixin.py:154} INFO - [2024-01-16T06:40:20.290+0000] {dag.py:3722} INFO - Setting next_dagrun for STT-files to 2024-01-16T00:00:00+00:00, run_after=2024-01-17T00:00:00+00:00
[2024-01-16T06:40:20.321+0000] {processor.py:179} INFO - Processing /opt/airflow/dags/task.py took 0.994 seconds
[2024-01-16T06:40:52.540+0000] {processor.py:157} INFO - Started process (PID=210) to work on /opt/airflow/dags/task.py
[2024-01-16T06:40:52.581+0000] {processor.py:829} INFO - Processing file /opt/airflow/dags/task.py for tasks to queue
[2024-01-16T06:40:52.770+0000] {logging_mixin.py:154} INFO - [2024-01-16T06:40:52.756+0000] {dagbag.py:536} INFO - Filling up the DagBag from /opt/airflow/dags/task.py
[2024-01-16T06:41:06.950+0000] {processor.py:839} INFO - DAG(s) dict_keys(['STT-files']) retrieved from /opt/airflow/dags/task.py
[2024-01-16T06:41:07.621+0000] {logging_mixin.py:154} INFO - [2024-01-16T06:41:07.608+0000] {dag.py:2941} INFO - Sync 1 DAGs
[2024-01-16T06:41:08.061+0000] {logging_mixin.py:154} INFO - [2024-01-16T06:41:08.060+0000] {dag.py:3722} INFO - Setting next_dagrun for STT-files to 2024-01-16T00:00:00+00:00, run_after=2024-01-17T00:00:00+00:00
[2024-01-16T06:41:08.139+0000] {processor.py:179} INFO - Processing /opt/airflow/dags/task.py took 15.660 seconds
[2024-01-16T06:41:39.373+0000] {processor.py:157} INFO - Started process (PID=222) to work on /opt/airflow/dags/task.py
[2024-01-16T06:41:39.546+0000] {processor.py:829} INFO - Processing file /opt/airflow/dags/task.py for tasks to queue
[2024-01-16T06:41:39.677+0000] {logging_mixin.py:154} INFO - [2024-01-16T06:41:39.669+0000] {dagbag.py:536} INFO - Filling up the DagBag from /opt/airflow/dags/task.py
[2024-01-16T06:41:44.356+0000] {processor.py:839} INFO - DAG(s) dict_keys(['STT-files']) retrieved from /opt/airflow/dags/task.py
[2024-01-16T06:41:45.052+0000] {logging_mixin.py:154} INFO - [2024-01-16T06:41:45.050+0000] {dag.py:2941} INFO - Sync 1 DAGs
[2024-01-16T06:41:45.574+0000] {logging_mixin.py:154} INFO - [2024-01-16T06:41:45.574+0000] {dag.py:3722} INFO - Setting next_dagrun for STT-files to 2024-01-16T00:00:00+00:00, run_after=2024-01-17T00:00:00+00:00
[2024-01-16T06:41:45.722+0000] {processor.py:179} INFO - Processing /opt/airflow/dags/task.py took 6.941 seconds
[2024-01-16T06:42:16.810+0000] {processor.py:157} INFO - Started process (PID=240) to work on /opt/airflow/dags/task.py
[2024-01-16T06:42:16.815+0000] {processor.py:829} INFO - Processing file /opt/airflow/dags/task.py for tasks to queue
[2024-01-16T06:42:16.838+0000] {logging_mixin.py:154} INFO - [2024-01-16T06:42:16.835+0000] {dagbag.py:536} INFO - Filling up the DagBag from /opt/airflow/dags/task.py
[2024-01-16T06:42:20.006+0000] {processor.py:839} INFO - DAG(s) dict_keys(['STT-files']) retrieved from /opt/airflow/dags/task.py
[2024-01-16T06:42:20.087+0000] {logging_mixin.py:154} INFO - [2024-01-16T06:42:20.086+0000] {dag.py:2941} INFO - Sync 1 DAGs
[2024-01-16T06:42:20.168+0000] {logging_mixin.py:154} INFO - [2024-01-16T06:42:20.167+0000] {dag.py:3722} INFO - Setting next_dagrun for STT-files to 2024-01-16T00:00:00+00:00, run_after=2024-01-17T00:00:00+00:00
[2024-01-16T06:42:20.236+0000] {processor.py:179} INFO - Processing /opt/airflow/dags/task.py took 3.443 seconds
[2024-01-16T06:42:50.847+0000] {processor.py:157} INFO - Started process (PID=251) to work on /opt/airflow/dags/task.py
[2024-01-16T06:42:50.858+0000] {processor.py:829} INFO - Processing file /opt/airflow/dags/task.py for tasks to queue
[2024-01-16T06:42:50.900+0000] {logging_mixin.py:154} INFO - [2024-01-16T06:42:50.899+0000] {dagbag.py:536} INFO - Filling up the DagBag from /opt/airflow/dags/task.py
[2024-01-16T06:42:59.279+0000] {processor.py:839} INFO - DAG(s) dict_keys(['STT-files']) retrieved from /opt/airflow/dags/task.py
[2024-01-16T06:42:59.333+0000] {logging_mixin.py:154} INFO - [2024-01-16T06:42:59.333+0000] {dag.py:2941} INFO - Sync 1 DAGs
[2024-01-16T06:42:59.368+0000] {logging_mixin.py:154} INFO - [2024-01-16T06:42:59.368+0000] {dag.py:3722} INFO - Setting next_dagrun for STT-files to 2024-01-16T00:00:00+00:00, run_after=2024-01-17T00:00:00+00:00
[2024-01-16T06:42:59.403+0000] {processor.py:179} INFO - Processing /opt/airflow/dags/task.py took 8.620 seconds
[2024-01-16T06:43:30.187+0000] {processor.py:157} INFO - Started process (PID=262) to work on /opt/airflow/dags/task.py
[2024-01-16T06:43:30.189+0000] {processor.py:829} INFO - Processing file /opt/airflow/dags/task.py for tasks to queue
[2024-01-16T06:43:30.198+0000] {logging_mixin.py:154} INFO - [2024-01-16T06:43:30.196+0000] {dagbag.py:536} INFO - Filling up the DagBag from /opt/airflow/dags/task.py
[2024-01-16T06:43:31.811+0000] {processor.py:839} INFO - DAG(s) dict_keys(['STT-files']) retrieved from /opt/airflow/dags/task.py
[2024-01-16T06:43:32.769+0000] {logging_mixin.py:154} INFO - [2024-01-16T06:43:32.768+0000] {dag.py:2941} INFO - Sync 1 DAGs
[2024-01-16T06:43:32.793+0000] {logging_mixin.py:154} INFO - [2024-01-16T06:43:32.793+0000] {dag.py:2963} INFO - Creating ORM DAG for STT-files
[2024-01-16T06:43:32.830+0000] {logging_mixin.py:154} INFO - [2024-01-16T06:43:32.829+0000] {dag.py:3722} INFO - Setting next_dagrun for STT-files to 2024-01-15T00:00:00+00:00, run_after=2024-01-16T00:00:00+00:00
[2024-01-16T06:43:32.868+0000] {processor.py:179} INFO - Processing /opt/airflow/dags/task.py took 2.688 seconds
[2024-01-16T06:44:03.237+0000] {processor.py:157} INFO - Started process (PID=279) to work on /opt/airflow/dags/task.py
[2024-01-16T06:44:03.243+0000] {processor.py:829} INFO - Processing file /opt/airflow/dags/task.py for tasks to queue
[2024-01-16T06:44:03.269+0000] {logging_mixin.py:154} INFO - [2024-01-16T06:44:03.268+0000] {dagbag.py:536} INFO - Filling up the DagBag from /opt/airflow/dags/task.py
[2024-01-16T06:44:05.244+0000] {processor.py:839} INFO - DAG(s) dict_keys(['STT-files']) retrieved from /opt/airflow/dags/task.py
[2024-01-16T06:44:05.293+0000] {logging_mixin.py:154} INFO - [2024-01-16T06:44:05.292+0000] {dag.py:2941} INFO - Sync 1 DAGs
[2024-01-16T06:44:05.350+0000] {logging_mixin.py:154} INFO - [2024-01-16T06:44:05.349+0000] {dag.py:3722} INFO - Setting next_dagrun for STT-files to 2024-01-16T00:00:00+00:00, run_after=2024-01-17T00:00:00+00:00
[2024-01-16T06:44:05.404+0000] {processor.py:179} INFO - Processing /opt/airflow/dags/task.py took 2.202 seconds
[2024-01-16T06:44:35.563+0000] {processor.py:157} INFO - Started process (PID=290) to work on /opt/airflow/dags/task.py
[2024-01-16T06:44:35.601+0000] {processor.py:829} INFO - Processing file /opt/airflow/dags/task.py for tasks to queue
[2024-01-16T06:44:35.604+0000] {logging_mixin.py:154} INFO - [2024-01-16T06:44:35.604+0000] {dagbag.py:536} INFO - Filling up the DagBag from /opt/airflow/dags/task.py
[2024-01-16T06:44:36.556+0000] {processor.py:839} INFO - DAG(s) dict_keys(['STT-files']) retrieved from /opt/airflow/dags/task.py
[2024-01-16T06:44:36.587+0000] {logging_mixin.py:154} INFO - [2024-01-16T06:44:36.587+0000] {dag.py:2941} INFO - Sync 1 DAGs
[2024-01-16T06:44:36.617+0000] {logging_mixin.py:154} INFO - [2024-01-16T06:44:36.617+0000] {dag.py:3722} INFO - Setting next_dagrun for STT-files to 2024-01-16T00:00:00+00:00, run_after=2024-01-17T00:00:00+00:00
[2024-01-16T06:44:36.643+0000] {processor.py:179} INFO - Processing /opt/airflow/dags/task.py took 1.093 seconds
[2024-01-16T06:45:06.928+0000] {processor.py:157} INFO - Started process (PID=301) to work on /opt/airflow/dags/task.py
[2024-01-16T06:45:06.930+0000] {processor.py:829} INFO - Processing file /opt/airflow/dags/task.py for tasks to queue
[2024-01-16T06:45:06.935+0000] {logging_mixin.py:154} INFO - [2024-01-16T06:45:06.935+0000] {dagbag.py:536} INFO - Filling up the DagBag from /opt/airflow/dags/task.py
[2024-01-16T06:45:08.822+0000] {processor.py:839} INFO - DAG(s) dict_keys(['STT-files']) retrieved from /opt/airflow/dags/task.py
[2024-01-16T06:45:08.911+0000] {logging_mixin.py:154} INFO - [2024-01-16T06:45:08.910+0000] {dag.py:2941} INFO - Sync 1 DAGs
[2024-01-16T06:45:09.068+0000] {logging_mixin.py:154} INFO - [2024-01-16T06:45:09.067+0000] {dag.py:3722} INFO - Setting next_dagrun for STT-files to 2024-01-16T00:00:00+00:00, run_after=2024-01-17T00:00:00+00:00
[2024-01-16T06:45:09.131+0000] {processor.py:179} INFO - Processing /opt/airflow/dags/task.py took 2.210 seconds
[2024-01-16T06:45:39.401+0000] {processor.py:157} INFO - Started process (PID=316) to work on /opt/airflow/dags/task.py
[2024-01-16T06:45:39.408+0000] {processor.py:829} INFO - Processing file /opt/airflow/dags/task.py for tasks to queue
[2024-01-16T06:45:39.417+0000] {logging_mixin.py:154} INFO - [2024-01-16T06:45:39.416+0000] {dagbag.py:536} INFO - Filling up the DagBag from /opt/airflow/dags/task.py
[2024-01-16T06:45:40.081+0000] {processor.py:839} INFO - DAG(s) dict_keys(['STT-files']) retrieved from /opt/airflow/dags/task.py
[2024-01-16T06:45:40.115+0000] {logging_mixin.py:154} INFO - [2024-01-16T06:45:40.114+0000] {dag.py:2941} INFO - Sync 1 DAGs
[2024-01-16T06:45:40.147+0000] {logging_mixin.py:154} INFO - [2024-01-16T06:45:40.147+0000] {dag.py:3722} INFO - Setting next_dagrun for STT-files to 2024-01-16T00:00:00+00:00, run_after=2024-01-17T00:00:00+00:00
[2024-01-16T06:45:40.177+0000] {processor.py:179} INFO - Processing /opt/airflow/dags/task.py took 0.782 seconds
[2024-01-16T06:46:10.505+0000] {processor.py:157} INFO - Started process (PID=327) to work on /opt/airflow/dags/task.py
[2024-01-16T06:46:10.508+0000] {processor.py:829} INFO - Processing file /opt/airflow/dags/task.py for tasks to queue
[2024-01-16T06:46:10.512+0000] {logging_mixin.py:154} INFO - [2024-01-16T06:46:10.511+0000] {dagbag.py:536} INFO - Filling up the DagBag from /opt/airflow/dags/task.py
[2024-01-16T06:46:11.339+0000] {processor.py:839} INFO - DAG(s) dict_keys(['STT-files']) retrieved from /opt/airflow/dags/task.py
[2024-01-16T06:46:11.366+0000] {logging_mixin.py:154} INFO - [2024-01-16T06:46:11.366+0000] {dag.py:2941} INFO - Sync 1 DAGs
[2024-01-16T06:46:11.403+0000] {logging_mixin.py:154} INFO - [2024-01-16T06:46:11.403+0000] {dag.py:3722} INFO - Setting next_dagrun for STT-files to 2024-01-16T00:00:00+00:00, run_after=2024-01-17T00:00:00+00:00
[2024-01-16T06:46:11.435+0000] {processor.py:179} INFO - Processing /opt/airflow/dags/task.py took 0.936 seconds
[2024-01-16T06:46:41.921+0000] {processor.py:157} INFO - Started process (PID=338) to work on /opt/airflow/dags/task.py
[2024-01-16T06:46:41.925+0000] {processor.py:829} INFO - Processing file /opt/airflow/dags/task.py for tasks to queue
[2024-01-16T06:46:41.936+0000] {logging_mixin.py:154} INFO - [2024-01-16T06:46:41.935+0000] {dagbag.py:536} INFO - Filling up the DagBag from /opt/airflow/dags/task.py
[2024-01-16T06:46:44.904+0000] {processor.py:839} INFO - DAG(s) dict_keys(['STT-files']) retrieved from /opt/airflow/dags/task.py
[2024-01-16T06:46:44.969+0000] {logging_mixin.py:154} INFO - [2024-01-16T06:46:44.967+0000] {dag.py:2941} INFO - Sync 1 DAGs
[2024-01-16T06:46:45.029+0000] {logging_mixin.py:154} INFO - [2024-01-16T06:46:45.029+0000] {dag.py:3722} INFO - Setting next_dagrun for STT-files to 2024-01-16T00:00:00+00:00, run_after=2024-01-17T00:00:00+00:00
[2024-01-16T06:46:45.071+0000] {processor.py:179} INFO - Processing /opt/airflow/dags/task.py took 3.158 seconds
[2024-01-16T06:47:15.566+0000] {processor.py:157} INFO - Started process (PID=348) to work on /opt/airflow/dags/task.py
[2024-01-16T06:47:15.577+0000] {processor.py:829} INFO - Processing file /opt/airflow/dags/task.py for tasks to queue
[2024-01-16T06:47:15.588+0000] {logging_mixin.py:154} INFO - [2024-01-16T06:47:15.587+0000] {dagbag.py:536} INFO - Filling up the DagBag from /opt/airflow/dags/task.py
[2024-01-16T06:47:20.997+0000] {processor.py:839} INFO - DAG(s) dict_keys(['STT-files']) retrieved from /opt/airflow/dags/task.py
[2024-01-16T06:47:21.083+0000] {logging_mixin.py:154} INFO - [2024-01-16T06:47:21.082+0000] {dag.py:2941} INFO - Sync 1 DAGs
[2024-01-16T06:47:21.148+0000] {logging_mixin.py:154} INFO - [2024-01-16T06:47:21.148+0000] {dag.py:3722} INFO - Setting next_dagrun for STT-files to 2024-01-16T00:00:00+00:00, run_after=2024-01-17T00:00:00+00:00
[2024-01-16T06:47:21.212+0000] {processor.py:179} INFO - Processing /opt/airflow/dags/task.py took 5.684 seconds
[2024-01-16T06:47:52.272+0000] {processor.py:157} INFO - Started process (PID=367) to work on /opt/airflow/dags/task.py
[2024-01-16T06:47:52.289+0000] {processor.py:829} INFO - Processing file /opt/airflow/dags/task.py for tasks to queue
[2024-01-16T06:47:52.306+0000] {logging_mixin.py:154} INFO - [2024-01-16T06:47:52.305+0000] {dagbag.py:536} INFO - Filling up the DagBag from /opt/airflow/dags/task.py
[2024-01-16T06:47:58.826+0000] {processor.py:839} INFO - DAG(s) dict_keys(['STT-files']) retrieved from /opt/airflow/dags/task.py
[2024-01-16T06:47:59.157+0000] {logging_mixin.py:154} INFO - [2024-01-16T06:47:59.150+0000] {dag.py:2941} INFO - Sync 1 DAGs
[2024-01-16T06:47:59.414+0000] {logging_mixin.py:154} INFO - [2024-01-16T06:47:59.414+0000] {dag.py:3722} INFO - Setting next_dagrun for STT-files to 2024-01-16T00:00:00+00:00, run_after=2024-01-17T00:00:00+00:00
[2024-01-16T06:47:59.467+0000] {processor.py:179} INFO - Processing /opt/airflow/dags/task.py took 7.236 seconds
[2024-01-16T06:48:30.513+0000] {processor.py:157} INFO - Started process (PID=378) to work on /opt/airflow/dags/task.py
[2024-01-16T06:48:30.534+0000] {processor.py:829} INFO - Processing file /opt/airflow/dags/task.py for tasks to queue
[2024-01-16T06:48:30.579+0000] {logging_mixin.py:154} INFO - [2024-01-16T06:48:30.575+0000] {dagbag.py:536} INFO - Filling up the DagBag from /opt/airflow/dags/task.py
[2024-01-16T06:48:37.453+0000] {processor.py:839} INFO - DAG(s) dict_keys(['STT-files']) retrieved from /opt/airflow/dags/task.py
[2024-01-16T06:48:37.690+0000] {logging_mixin.py:154} INFO - [2024-01-16T06:48:37.689+0000] {dag.py:2941} INFO - Sync 1 DAGs
[2024-01-16T06:48:37.811+0000] {logging_mixin.py:154} INFO - [2024-01-16T06:48:37.810+0000] {dag.py:3722} INFO - Setting next_dagrun for STT-files to 2024-01-16T00:00:00+00:00, run_after=2024-01-17T00:00:00+00:00
[2024-01-16T06:48:37.918+0000] {processor.py:179} INFO - Processing /opt/airflow/dags/task.py took 7.536 seconds
[2024-01-16T06:49:09.318+0000] {processor.py:157} INFO - Started process (PID=390) to work on /opt/airflow/dags/task.py
[2024-01-16T06:49:09.366+0000] {processor.py:829} INFO - Processing file /opt/airflow/dags/task.py for tasks to queue
[2024-01-16T06:49:09.430+0000] {logging_mixin.py:154} INFO - [2024-01-16T06:49:09.429+0000] {dagbag.py:536} INFO - Filling up the DagBag from /opt/airflow/dags/task.py
[2024-01-16T06:49:18.577+0000] {processor.py:839} INFO - DAG(s) dict_keys(['STT-files']) retrieved from /opt/airflow/dags/task.py
[2024-01-16T06:49:18.748+0000] {logging_mixin.py:154} INFO - [2024-01-16T06:49:18.740+0000] {dag.py:2941} INFO - Sync 1 DAGs
[2024-01-16T06:49:18.993+0000] {logging_mixin.py:154} INFO - [2024-01-16T06:49:18.991+0000] {dag.py:3722} INFO - Setting next_dagrun for STT-files to 2024-01-16T00:00:00+00:00, run_after=2024-01-17T00:00:00+00:00
[2024-01-16T06:49:19.402+0000] {processor.py:179} INFO - Processing /opt/airflow/dags/task.py took 10.142 seconds
[2024-01-16T06:49:49.966+0000] {processor.py:157} INFO - Started process (PID=401) to work on /opt/airflow/dags/task.py
[2024-01-16T06:49:50.011+0000] {processor.py:829} INFO - Processing file /opt/airflow/dags/task.py for tasks to queue
[2024-01-16T06:49:50.120+0000] {logging_mixin.py:154} INFO - [2024-01-16T06:49:50.113+0000] {dagbag.py:536} INFO - Filling up the DagBag from /opt/airflow/dags/task.py
[2024-01-16T06:50:04.410+0000] {processor.py:839} INFO - DAG(s) dict_keys(['STT-files']) retrieved from /opt/airflow/dags/task.py
[2024-01-16T06:50:04.911+0000] {logging_mixin.py:154} INFO - [2024-01-16T06:50:04.910+0000] {dag.py:2941} INFO - Sync 1 DAGs
[2024-01-16T06:50:05.437+0000] {logging_mixin.py:154} INFO - [2024-01-16T06:50:05.434+0000] {dag.py:3722} INFO - Setting next_dagrun for STT-files to 2024-01-16T00:00:00+00:00, run_after=2024-01-17T00:00:00+00:00
[2024-01-16T06:50:05.766+0000] {processor.py:179} INFO - Processing /opt/airflow/dags/task.py took 15.975 seconds
[2024-01-16T06:50:37.208+0000] {processor.py:157} INFO - Started process (PID=420) to work on /opt/airflow/dags/task.py
[2024-01-16T06:50:37.284+0000] {processor.py:829} INFO - Processing file /opt/airflow/dags/task.py for tasks to queue
[2024-01-16T06:50:37.409+0000] {logging_mixin.py:154} INFO - [2024-01-16T06:50:37.407+0000] {dagbag.py:536} INFO - Filling up the DagBag from /opt/airflow/dags/task.py
[2024-01-16T06:50:49.752+0000] {processor.py:839} INFO - DAG(s) dict_keys(['STT-files']) retrieved from /opt/airflow/dags/task.py
[2024-01-16T06:50:49.963+0000] {logging_mixin.py:154} INFO - [2024-01-16T06:50:49.959+0000] {dag.py:2941} INFO - Sync 1 DAGs
[2024-01-16T06:50:50.219+0000] {logging_mixin.py:154} INFO - [2024-01-16T06:50:50.217+0000] {dag.py:3722} INFO - Setting next_dagrun for STT-files to 2024-01-16T00:00:00+00:00, run_after=2024-01-17T00:00:00+00:00
[2024-01-16T06:50:50.567+0000] {processor.py:179} INFO - Processing /opt/airflow/dags/task.py took 13.520 seconds
[2024-01-16T06:51:21.453+0000] {processor.py:157} INFO - Started process (PID=432) to work on /opt/airflow/dags/task.py
[2024-01-16T06:51:21.464+0000] {processor.py:829} INFO - Processing file /opt/airflow/dags/task.py for tasks to queue
[2024-01-16T06:51:21.497+0000] {logging_mixin.py:154} INFO - [2024-01-16T06:51:21.495+0000] {dagbag.py:536} INFO - Filling up the DagBag from /opt/airflow/dags/task.py
[2024-01-16T06:51:31.780+0000] {processor.py:839} INFO - DAG(s) dict_keys(['STT-files']) retrieved from /opt/airflow/dags/task.py
[2024-01-16T06:51:32.236+0000] {logging_mixin.py:154} INFO - [2024-01-16T06:51:32.234+0000] {dag.py:2941} INFO - Sync 1 DAGs
[2024-01-16T06:51:32.590+0000] {logging_mixin.py:154} INFO - [2024-01-16T06:51:32.590+0000] {dag.py:3722} INFO - Setting next_dagrun for STT-files to 2024-01-16T00:00:00+00:00, run_after=2024-01-17T00:00:00+00:00
[2024-01-16T06:51:32.788+0000] {processor.py:179} INFO - Processing /opt/airflow/dags/task.py took 11.364 seconds
[2024-01-16T06:52:02.929+0000] {processor.py:157} INFO - Started process (PID=450) to work on /opt/airflow/dags/task.py
[2024-01-16T06:52:02.931+0000] {processor.py:829} INFO - Processing file /opt/airflow/dags/task.py for tasks to queue
[2024-01-16T06:52:02.935+0000] {logging_mixin.py:154} INFO - [2024-01-16T06:52:02.934+0000] {dagbag.py:536} INFO - Filling up the DagBag from /opt/airflow/dags/task.py
[2024-01-16T06:52:05.503+0000] {processor.py:839} INFO - DAG(s) dict_keys(['STT-files']) retrieved from /opt/airflow/dags/task.py
[2024-01-16T06:52:06.147+0000] {logging_mixin.py:154} INFO - [2024-01-16T06:52:06.133+0000] {dag.py:2941} INFO - Sync 1 DAGs
[2024-01-16T06:52:06.847+0000] {logging_mixin.py:154} INFO - [2024-01-16T06:52:06.844+0000] {dag.py:3722} INFO - Setting next_dagrun for STT-files to 2024-01-16T00:00:00+00:00, run_after=2024-01-17T00:00:00+00:00
[2024-01-16T06:52:06.912+0000] {processor.py:179} INFO - Processing /opt/airflow/dags/task.py took 3.988 seconds
[2024-01-16T06:52:37.448+0000] {processor.py:157} INFO - Started process (PID=461) to work on /opt/airflow/dags/task.py
[2024-01-16T06:52:37.457+0000] {processor.py:829} INFO - Processing file /opt/airflow/dags/task.py for tasks to queue
[2024-01-16T06:52:37.464+0000] {logging_mixin.py:154} INFO - [2024-01-16T06:52:37.463+0000] {dagbag.py:536} INFO - Filling up the DagBag from /opt/airflow/dags/task.py
[2024-01-16T06:52:39.322+0000] {processor.py:839} INFO - DAG(s) dict_keys(['STT-files']) retrieved from /opt/airflow/dags/task.py
[2024-01-16T06:52:39.404+0000] {logging_mixin.py:154} INFO - [2024-01-16T06:52:39.403+0000] {dag.py:2941} INFO - Sync 1 DAGs
[2024-01-16T06:52:39.457+0000] {logging_mixin.py:154} INFO - [2024-01-16T06:52:39.456+0000] {dag.py:3722} INFO - Setting next_dagrun for STT-files to 2024-01-16T00:00:00+00:00, run_after=2024-01-17T00:00:00+00:00
[2024-01-16T06:52:39.495+0000] {processor.py:179} INFO - Processing /opt/airflow/dags/task.py took 2.061 seconds
[2024-01-16T06:53:10.182+0000] {processor.py:157} INFO - Started process (PID=472) to work on /opt/airflow/dags/task.py
[2024-01-16T06:53:10.184+0000] {processor.py:829} INFO - Processing file /opt/airflow/dags/task.py for tasks to queue
[2024-01-16T06:53:10.190+0000] {logging_mixin.py:154} INFO - [2024-01-16T06:53:10.189+0000] {dagbag.py:536} INFO - Filling up the DagBag from /opt/airflow/dags/task.py
[2024-01-16T06:53:11.980+0000] {processor.py:839} INFO - DAG(s) dict_keys(['STT-files']) retrieved from /opt/airflow/dags/task.py
[2024-01-16T06:53:12.166+0000] {logging_mixin.py:154} INFO - [2024-01-16T06:53:12.164+0000] {dag.py:2941} INFO - Sync 1 DAGs
[2024-01-16T06:53:12.310+0000] {logging_mixin.py:154} INFO - [2024-01-16T06:53:12.310+0000] {dag.py:3722} INFO - Setting next_dagrun for STT-files to 2024-01-16T00:00:00+00:00, run_after=2024-01-17T00:00:00+00:00
[2024-01-16T06:53:12.395+0000] {processor.py:179} INFO - Processing /opt/airflow/dags/task.py took 2.230 seconds
[2024-01-16T06:53:42.774+0000] {processor.py:157} INFO - Started process (PID=484) to work on /opt/airflow/dags/task.py
[2024-01-16T06:53:42.783+0000] {processor.py:829} INFO - Processing file /opt/airflow/dags/task.py for tasks to queue
[2024-01-16T06:53:42.810+0000] {logging_mixin.py:154} INFO - [2024-01-16T06:53:42.808+0000] {dagbag.py:536} INFO - Filling up the DagBag from /opt/airflow/dags/task.py
[2024-01-16T06:53:44.051+0000] {processor.py:839} INFO - DAG(s) dict_keys(['STT-files']) retrieved from /opt/airflow/dags/task.py
[2024-01-16T06:53:44.172+0000] {logging_mixin.py:154} INFO - [2024-01-16T06:53:44.172+0000] {dag.py:2941} INFO - Sync 1 DAGs
[2024-01-16T06:53:44.257+0000] {logging_mixin.py:154} INFO - [2024-01-16T06:53:44.256+0000] {dag.py:3722} INFO - Setting next_dagrun for STT-files to 2024-01-16T00:00:00+00:00, run_after=2024-01-17T00:00:00+00:00
[2024-01-16T06:53:44.320+0000] {processor.py:179} INFO - Processing /opt/airflow/dags/task.py took 1.599 seconds
[2024-01-16T06:54:14.757+0000] {processor.py:157} INFO - Started process (PID=497) to work on /opt/airflow/dags/task.py
[2024-01-16T06:54:14.759+0000] {processor.py:829} INFO - Processing file /opt/airflow/dags/task.py for tasks to queue
[2024-01-16T06:54:14.765+0000] {logging_mixin.py:154} INFO - [2024-01-16T06:54:14.764+0000] {dagbag.py:536} INFO - Filling up the DagBag from /opt/airflow/dags/task.py
[2024-01-16T06:54:15.457+0000] {processor.py:839} INFO - DAG(s) dict_keys(['STT-files']) retrieved from /opt/airflow/dags/task.py
[2024-01-16T06:54:15.489+0000] {logging_mixin.py:154} INFO - [2024-01-16T06:54:15.488+0000] {dag.py:2941} INFO - Sync 1 DAGs
[2024-01-16T06:54:15.521+0000] {logging_mixin.py:154} INFO - [2024-01-16T06:54:15.520+0000] {dag.py:3722} INFO - Setting next_dagrun for STT-files to 2024-01-16T00:00:00+00:00, run_after=2024-01-17T00:00:00+00:00
[2024-01-16T06:54:15.593+0000] {processor.py:179} INFO - Processing /opt/airflow/dags/task.py took 0.845 seconds
[2024-01-16T06:54:46.243+0000] {processor.py:157} INFO - Started process (PID=508) to work on /opt/airflow/dags/task.py
[2024-01-16T06:54:46.244+0000] {processor.py:829} INFO - Processing file /opt/airflow/dags/task.py for tasks to queue
[2024-01-16T06:54:46.248+0000] {logging_mixin.py:154} INFO - [2024-01-16T06:54:46.248+0000] {dagbag.py:536} INFO - Filling up the DagBag from /opt/airflow/dags/task.py
[2024-01-16T06:54:46.783+0000] {processor.py:839} INFO - DAG(s) dict_keys(['STT-files']) retrieved from /opt/airflow/dags/task.py
[2024-01-16T06:54:46.814+0000] {logging_mixin.py:154} INFO - [2024-01-16T06:54:46.813+0000] {dag.py:2941} INFO - Sync 1 DAGs
[2024-01-16T06:54:46.838+0000] {logging_mixin.py:154} INFO - [2024-01-16T06:54:46.838+0000] {dag.py:3722} INFO - Setting next_dagrun for STT-files to 2024-01-16T00:00:00+00:00, run_after=2024-01-17T00:00:00+00:00
[2024-01-16T06:54:46.860+0000] {processor.py:179} INFO - Processing /opt/airflow/dags/task.py took 0.622 seconds
[2024-01-16T06:55:17.029+0000] {processor.py:157} INFO - Started process (PID=519) to work on /opt/airflow/dags/task.py
[2024-01-16T06:55:17.031+0000] {processor.py:829} INFO - Processing file /opt/airflow/dags/task.py for tasks to queue
[2024-01-16T06:55:17.036+0000] {logging_mixin.py:154} INFO - [2024-01-16T06:55:17.035+0000] {dagbag.py:536} INFO - Filling up the DagBag from /opt/airflow/dags/task.py
[2024-01-16T06:55:17.536+0000] {processor.py:839} INFO - DAG(s) dict_keys(['STT-files']) retrieved from /opt/airflow/dags/task.py
[2024-01-16T06:55:17.574+0000] {logging_mixin.py:154} INFO - [2024-01-16T06:55:17.574+0000] {dag.py:2941} INFO - Sync 1 DAGs
[2024-01-16T06:55:17.635+0000] {logging_mixin.py:154} INFO - [2024-01-16T06:55:17.634+0000] {dag.py:3722} INFO - Setting next_dagrun for STT-files to 2024-01-16T00:00:00+00:00, run_after=2024-01-17T00:00:00+00:00
[2024-01-16T06:55:17.655+0000] {processor.py:179} INFO - Processing /opt/airflow/dags/task.py took 0.631 seconds
[2024-01-16T06:55:48.219+0000] {processor.py:157} INFO - Started process (PID=530) to work on /opt/airflow/dags/task.py
[2024-01-16T06:55:48.227+0000] {processor.py:829} INFO - Processing file /opt/airflow/dags/task.py for tasks to queue
[2024-01-16T06:55:48.236+0000] {logging_mixin.py:154} INFO - [2024-01-16T06:55:48.235+0000] {dagbag.py:536} INFO - Filling up the DagBag from /opt/airflow/dags/task.py
[2024-01-16T06:55:49.618+0000] {processor.py:839} INFO - DAG(s) dict_keys(['STT-files']) retrieved from /opt/airflow/dags/task.py
[2024-01-16T06:55:49.646+0000] {logging_mixin.py:154} INFO - [2024-01-16T06:55:49.646+0000] {dag.py:2941} INFO - Sync 1 DAGs
[2024-01-16T06:55:49.673+0000] {logging_mixin.py:154} INFO - [2024-01-16T06:55:49.673+0000] {dag.py:3722} INFO - Setting next_dagrun for STT-files to 2024-01-16T00:00:00+00:00, run_after=2024-01-17T00:00:00+00:00
[2024-01-16T06:55:49.694+0000] {processor.py:179} INFO - Processing /opt/airflow/dags/task.py took 1.487 seconds
[2024-01-16T06:56:20.583+0000] {processor.py:157} INFO - Started process (PID=541) to work on /opt/airflow/dags/task.py
[2024-01-16T06:56:20.585+0000] {processor.py:829} INFO - Processing file /opt/airflow/dags/task.py for tasks to queue
[2024-01-16T06:56:20.594+0000] {logging_mixin.py:154} INFO - [2024-01-16T06:56:20.593+0000] {dagbag.py:536} INFO - Filling up the DagBag from /opt/airflow/dags/task.py
[2024-01-16T06:56:21.434+0000] {processor.py:839} INFO - DAG(s) dict_keys(['STT-files']) retrieved from /opt/airflow/dags/task.py
[2024-01-16T06:56:21.468+0000] {logging_mixin.py:154} INFO - [2024-01-16T06:56:21.468+0000] {dag.py:2941} INFO - Sync 1 DAGs
[2024-01-16T06:56:21.514+0000] {logging_mixin.py:154} INFO - [2024-01-16T06:56:21.513+0000] {dag.py:3722} INFO - Setting next_dagrun for STT-files to 2024-01-16T00:00:00+00:00, run_after=2024-01-17T00:00:00+00:00
[2024-01-16T06:56:21.544+0000] {processor.py:179} INFO - Processing /opt/airflow/dags/task.py took 0.969 seconds
[2024-01-16T06:56:51.838+0000] {processor.py:157} INFO - Started process (PID=552) to work on /opt/airflow/dags/task.py
[2024-01-16T06:56:51.840+0000] {processor.py:829} INFO - Processing file /opt/airflow/dags/task.py for tasks to queue
[2024-01-16T06:56:51.845+0000] {logging_mixin.py:154} INFO - [2024-01-16T06:56:51.844+0000] {dagbag.py:536} INFO - Filling up the DagBag from /opt/airflow/dags/task.py
[2024-01-16T06:56:52.992+0000] {processor.py:839} INFO - DAG(s) dict_keys(['STT-files']) retrieved from /opt/airflow/dags/task.py
[2024-01-16T06:56:53.052+0000] {logging_mixin.py:154} INFO - [2024-01-16T06:56:53.051+0000] {dag.py:2941} INFO - Sync 1 DAGs
[2024-01-16T06:56:53.103+0000] {logging_mixin.py:154} INFO - [2024-01-16T06:56:53.102+0000] {dag.py:3722} INFO - Setting next_dagrun for STT-files to 2024-01-16T00:00:00+00:00, run_after=2024-01-17T00:00:00+00:00
[2024-01-16T06:56:53.146+0000] {processor.py:179} INFO - Processing /opt/airflow/dags/task.py took 1.314 seconds
[2024-01-16T06:57:23.372+0000] {processor.py:157} INFO - Started process (PID=563) to work on /opt/airflow/dags/task.py
[2024-01-16T06:57:23.377+0000] {processor.py:829} INFO - Processing file /opt/airflow/dags/task.py for tasks to queue
[2024-01-16T06:57:23.386+0000] {logging_mixin.py:154} INFO - [2024-01-16T06:57:23.385+0000] {dagbag.py:536} INFO - Filling up the DagBag from /opt/airflow/dags/task.py
[2024-01-16T06:57:24.378+0000] {processor.py:839} INFO - DAG(s) dict_keys(['STT-files']) retrieved from /opt/airflow/dags/task.py
[2024-01-16T06:57:24.425+0000] {logging_mixin.py:154} INFO - [2024-01-16T06:57:24.424+0000] {dag.py:2941} INFO - Sync 1 DAGs
[2024-01-16T06:57:24.469+0000] {logging_mixin.py:154} INFO - [2024-01-16T06:57:24.469+0000] {dag.py:3722} INFO - Setting next_dagrun for STT-files to 2024-01-16T00:00:00+00:00, run_after=2024-01-17T00:00:00+00:00
[2024-01-16T06:57:24.520+0000] {processor.py:179} INFO - Processing /opt/airflow/dags/task.py took 1.157 seconds
[2024-01-16T06:57:54.866+0000] {processor.py:157} INFO - Started process (PID=574) to work on /opt/airflow/dags/task.py
[2024-01-16T06:57:54.868+0000] {processor.py:829} INFO - Processing file /opt/airflow/dags/task.py for tasks to queue
[2024-01-16T06:57:54.873+0000] {logging_mixin.py:154} INFO - [2024-01-16T06:57:54.872+0000] {dagbag.py:536} INFO - Filling up the DagBag from /opt/airflow/dags/task.py
[2024-01-16T06:57:55.467+0000] {processor.py:839} INFO - DAG(s) dict_keys(['STT-files']) retrieved from /opt/airflow/dags/task.py
[2024-01-16T06:57:55.503+0000] {logging_mixin.py:154} INFO - [2024-01-16T06:57:55.502+0000] {dag.py:2941} INFO - Sync 1 DAGs
[2024-01-16T06:57:55.538+0000] {logging_mixin.py:154} INFO - [2024-01-16T06:57:55.538+0000] {dag.py:3722} INFO - Setting next_dagrun for STT-files to 2024-01-16T00:00:00+00:00, run_after=2024-01-17T00:00:00+00:00
[2024-01-16T06:57:55.570+0000] {processor.py:179} INFO - Processing /opt/airflow/dags/task.py took 0.708 seconds
[2024-01-16T06:58:18.789+0000] {processor.py:157} INFO - Started process (PID=583) to work on /opt/airflow/dags/task.py
[2024-01-16T06:58:18.790+0000] {processor.py:829} INFO - Processing file /opt/airflow/dags/task.py for tasks to queue
[2024-01-16T06:58:18.794+0000] {logging_mixin.py:154} INFO - [2024-01-16T06:58:18.793+0000] {dagbag.py:536} INFO - Filling up the DagBag from /opt/airflow/dags/task.py
[2024-01-16T06:58:19.396+0000] {processor.py:839} INFO - DAG(s) dict_keys(['STT-files']) retrieved from /opt/airflow/dags/task.py
[2024-01-16T06:58:19.433+0000] {logging_mixin.py:154} INFO - [2024-01-16T06:58:19.432+0000] {dag.py:2941} INFO - Sync 1 DAGs
[2024-01-16T06:58:19.464+0000] {logging_mixin.py:154} INFO - [2024-01-16T06:58:19.463+0000] {dag.py:3722} INFO - Setting next_dagrun for STT-files to 2024-01-16T00:00:00+00:00, run_after=2024-01-17T00:00:00+00:00
[2024-01-16T06:58:19.499+0000] {processor.py:179} INFO - Processing /opt/airflow/dags/task.py took 0.715 seconds
[2024-01-16T06:58:32.010+0000] {processor.py:157} INFO - Started process (PID=587) to work on /opt/airflow/dags/task.py
[2024-01-16T06:58:32.011+0000] {processor.py:829} INFO - Processing file /opt/airflow/dags/task.py for tasks to queue
[2024-01-16T06:58:32.016+0000] {logging_mixin.py:154} INFO - [2024-01-16T06:58:32.015+0000] {dagbag.py:536} INFO - Filling up the DagBag from /opt/airflow/dags/task.py
[2024-01-16T06:58:32.601+0000] {processor.py:839} INFO - DAG(s) dict_keys(['STT-files']) retrieved from /opt/airflow/dags/task.py
[2024-01-16T06:58:32.631+0000] {logging_mixin.py:154} INFO - [2024-01-16T06:58:32.631+0000] {dag.py:2941} INFO - Sync 1 DAGs
[2024-01-16T06:58:32.662+0000] {logging_mixin.py:154} INFO - [2024-01-16T06:58:32.662+0000] {dag.py:3722} INFO - Setting next_dagrun for STT-files to 2024-01-16T00:00:00+00:00, run_after=2024-01-17T00:00:00+00:00
[2024-01-16T06:58:32.691+0000] {processor.py:179} INFO - Processing /opt/airflow/dags/task.py took 0.687 seconds
[2024-01-16T06:59:02.936+0000] {processor.py:157} INFO - Started process (PID=598) to work on /opt/airflow/dags/task.py
[2024-01-16T06:59:02.938+0000] {processor.py:829} INFO - Processing file /opt/airflow/dags/task.py for tasks to queue
[2024-01-16T06:59:02.941+0000] {logging_mixin.py:154} INFO - [2024-01-16T06:59:02.941+0000] {dagbag.py:536} INFO - Filling up the DagBag from /opt/airflow/dags/task.py
[2024-01-16T06:59:03.516+0000] {processor.py:839} INFO - DAG(s) dict_keys(['STT-files']) retrieved from /opt/airflow/dags/task.py
[2024-01-16T06:59:03.542+0000] {logging_mixin.py:154} INFO - [2024-01-16T06:59:03.541+0000] {dag.py:2941} INFO - Sync 1 DAGs
[2024-01-16T06:59:03.572+0000] {logging_mixin.py:154} INFO - [2024-01-16T06:59:03.572+0000] {dag.py:3722} INFO - Setting next_dagrun for STT-files to 2024-01-16T00:00:00+00:00, run_after=2024-01-17T00:00:00+00:00
[2024-01-16T06:59:03.599+0000] {processor.py:179} INFO - Processing /opt/airflow/dags/task.py took 0.668 seconds
[2024-01-16T06:59:33.912+0000] {processor.py:157} INFO - Started process (PID=609) to work on /opt/airflow/dags/task.py
[2024-01-16T06:59:33.914+0000] {processor.py:829} INFO - Processing file /opt/airflow/dags/task.py for tasks to queue
[2024-01-16T06:59:33.919+0000] {logging_mixin.py:154} INFO - [2024-01-16T06:59:33.918+0000] {dagbag.py:536} INFO - Filling up the DagBag from /opt/airflow/dags/task.py
[2024-01-16T06:59:34.490+0000] {processor.py:839} INFO - DAG(s) dict_keys(['STT-files']) retrieved from /opt/airflow/dags/task.py
[2024-01-16T06:59:34.523+0000] {logging_mixin.py:154} INFO - [2024-01-16T06:59:34.522+0000] {dag.py:2941} INFO - Sync 1 DAGs
[2024-01-16T06:59:34.557+0000] {logging_mixin.py:154} INFO - [2024-01-16T06:59:34.557+0000] {dag.py:3722} INFO - Setting next_dagrun for STT-files to 2024-01-16T00:00:00+00:00, run_after=2024-01-17T00:00:00+00:00
[2024-01-16T06:59:34.589+0000] {processor.py:179} INFO - Processing /opt/airflow/dags/task.py took 0.686 seconds
[2024-01-16T07:00:04.967+0000] {processor.py:157} INFO - Started process (PID=627) to work on /opt/airflow/dags/task.py
[2024-01-16T07:00:04.969+0000] {processor.py:829} INFO - Processing file /opt/airflow/dags/task.py for tasks to queue
[2024-01-16T07:00:04.973+0000] {logging_mixin.py:154} INFO - [2024-01-16T07:00:04.973+0000] {dagbag.py:536} INFO - Filling up the DagBag from /opt/airflow/dags/task.py
[2024-01-16T07:00:05.533+0000] {processor.py:839} INFO - DAG(s) dict_keys(['STT-files']) retrieved from /opt/airflow/dags/task.py
[2024-01-16T07:00:05.563+0000] {logging_mixin.py:154} INFO - [2024-01-16T07:00:05.563+0000] {dag.py:2941} INFO - Sync 1 DAGs
[2024-01-16T07:00:05.590+0000] {logging_mixin.py:154} INFO - [2024-01-16T07:00:05.590+0000] {dag.py:3722} INFO - Setting next_dagrun for STT-files to 2024-01-16T00:00:00+00:00, run_after=2024-01-17T00:00:00+00:00
[2024-01-16T07:00:05.619+0000] {processor.py:179} INFO - Processing /opt/airflow/dags/task.py took 0.656 seconds
[2024-01-16T07:00:35.953+0000] {processor.py:157} INFO - Started process (PID=638) to work on /opt/airflow/dags/task.py
[2024-01-16T07:00:35.954+0000] {processor.py:829} INFO - Processing file /opt/airflow/dags/task.py for tasks to queue
[2024-01-16T07:00:35.958+0000] {logging_mixin.py:154} INFO - [2024-01-16T07:00:35.957+0000] {dagbag.py:536} INFO - Filling up the DagBag from /opt/airflow/dags/task.py
[2024-01-16T07:00:36.444+0000] {processor.py:839} INFO - DAG(s) dict_keys(['STT-files']) retrieved from /opt/airflow/dags/task.py
[2024-01-16T07:00:36.469+0000] {logging_mixin.py:154} INFO - [2024-01-16T07:00:36.469+0000] {dag.py:2941} INFO - Sync 1 DAGs
[2024-01-16T07:00:36.495+0000] {logging_mixin.py:154} INFO - [2024-01-16T07:00:36.495+0000] {dag.py:3722} INFO - Setting next_dagrun for STT-files to 2024-01-16T00:00:00+00:00, run_after=2024-01-17T00:00:00+00:00
[2024-01-16T07:00:36.525+0000] {processor.py:179} INFO - Processing /opt/airflow/dags/task.py took 0.577 seconds
[2024-01-16T07:00:49.697+0000] {processor.py:157} INFO - Started process (PID=642) to work on /opt/airflow/dags/task.py
[2024-01-16T07:00:49.699+0000] {processor.py:829} INFO - Processing file /opt/airflow/dags/task.py for tasks to queue
[2024-01-16T07:00:49.704+0000] {logging_mixin.py:154} INFO - [2024-01-16T07:00:49.704+0000] {dagbag.py:536} INFO - Filling up the DagBag from /opt/airflow/dags/task.py
[2024-01-16T07:00:50.257+0000] {processor.py:839} INFO - DAG(s) dict_keys(['stt_task']) retrieved from /opt/airflow/dags/task.py
[2024-01-16T07:00:50.493+0000] {logging_mixin.py:154} INFO - [2024-01-16T07:00:50.493+0000] {manager.py:499} INFO - Created Permission View: %s
[2024-01-16T07:00:50.507+0000] {logging_mixin.py:154} INFO - [2024-01-16T07:00:50.507+0000] {manager.py:499} INFO - Created Permission View: %s
[2024-01-16T07:00:50.518+0000] {logging_mixin.py:154} INFO - [2024-01-16T07:00:50.518+0000] {manager.py:499} INFO - Created Permission View: %s
[2024-01-16T07:00:50.519+0000] {logging_mixin.py:154} INFO - [2024-01-16T07:00:50.519+0000] {dag.py:2941} INFO - Sync 1 DAGs
[2024-01-16T07:00:50.534+0000] {logging_mixin.py:154} INFO - [2024-01-16T07:00:50.533+0000] {dag.py:2963} INFO - Creating ORM DAG for stt_task
[2024-01-16T07:00:50.548+0000] {logging_mixin.py:154} INFO - [2024-01-16T07:00:50.548+0000] {dag.py:3722} INFO - Setting next_dagrun for stt_task to 2024-01-15T00:00:00+00:00, run_after=2024-01-16T00:00:00+00:00
[2024-01-16T07:00:50.568+0000] {processor.py:179} INFO - Processing /opt/airflow/dags/task.py took 0.877 seconds
[2024-01-16T07:01:21.096+0000] {processor.py:157} INFO - Started process (PID=657) to work on /opt/airflow/dags/task.py
[2024-01-16T07:01:21.098+0000] {processor.py:829} INFO - Processing file /opt/airflow/dags/task.py for tasks to queue
[2024-01-16T07:01:21.102+0000] {logging_mixin.py:154} INFO - [2024-01-16T07:01:21.102+0000] {dagbag.py:536} INFO - Filling up the DagBag from /opt/airflow/dags/task.py
[2024-01-16T07:01:21.671+0000] {processor.py:839} INFO - DAG(s) dict_keys(['stt_task']) retrieved from /opt/airflow/dags/task.py
[2024-01-16T07:01:21.701+0000] {logging_mixin.py:154} INFO - [2024-01-16T07:01:21.700+0000] {dag.py:2941} INFO - Sync 1 DAGs
[2024-01-16T07:01:21.727+0000] {logging_mixin.py:154} INFO - [2024-01-16T07:01:21.726+0000] {dag.py:3722} INFO - Setting next_dagrun for stt_task to 2024-01-16T00:00:00+00:00, run_after=2024-01-17T00:00:00+00:00
[2024-01-16T07:01:21.753+0000] {processor.py:179} INFO - Processing /opt/airflow/dags/task.py took 0.664 seconds
[2024-01-16T07:01:52.080+0000] {processor.py:157} INFO - Started process (PID=668) to work on /opt/airflow/dags/task.py
[2024-01-16T07:01:52.082+0000] {processor.py:829} INFO - Processing file /opt/airflow/dags/task.py for tasks to queue
[2024-01-16T07:01:52.086+0000] {logging_mixin.py:154} INFO - [2024-01-16T07:01:52.085+0000] {dagbag.py:536} INFO - Filling up the DagBag from /opt/airflow/dags/task.py
[2024-01-16T07:01:52.599+0000] {processor.py:839} INFO - DAG(s) dict_keys(['stt_task']) retrieved from /opt/airflow/dags/task.py
[2024-01-16T07:01:52.627+0000] {logging_mixin.py:154} INFO - [2024-01-16T07:01:52.626+0000] {dag.py:2941} INFO - Sync 1 DAGs
[2024-01-16T07:01:52.655+0000] {logging_mixin.py:154} INFO - [2024-01-16T07:01:52.655+0000] {dag.py:3722} INFO - Setting next_dagrun for stt_task to 2024-01-16T00:00:00+00:00, run_after=2024-01-17T00:00:00+00:00
[2024-01-16T07:01:52.682+0000] {processor.py:179} INFO - Processing /opt/airflow/dags/task.py took 0.606 seconds
[2024-01-16T07:02:22.988+0000] {processor.py:157} INFO - Started process (PID=679) to work on /opt/airflow/dags/task.py
[2024-01-16T07:02:22.990+0000] {processor.py:829} INFO - Processing file /opt/airflow/dags/task.py for tasks to queue
[2024-01-16T07:02:22.993+0000] {logging_mixin.py:154} INFO - [2024-01-16T07:02:22.993+0000] {dagbag.py:536} INFO - Filling up the DagBag from /opt/airflow/dags/task.py
[2024-01-16T07:02:23.619+0000] {processor.py:839} INFO - DAG(s) dict_keys(['stt_task']) retrieved from /opt/airflow/dags/task.py
[2024-01-16T07:02:23.658+0000] {logging_mixin.py:154} INFO - [2024-01-16T07:02:23.657+0000] {dag.py:2941} INFO - Sync 1 DAGs
[2024-01-16T07:02:23.687+0000] {logging_mixin.py:154} INFO - [2024-01-16T07:02:23.687+0000] {dag.py:3722} INFO - Setting next_dagrun for stt_task to 2024-01-16T00:00:00+00:00, run_after=2024-01-17T00:00:00+00:00
[2024-01-16T07:02:23.715+0000] {processor.py:179} INFO - Processing /opt/airflow/dags/task.py took 0.730 seconds
[2024-01-16T07:02:54.269+0000] {processor.py:157} INFO - Started process (PID=690) to work on /opt/airflow/dags/task.py
[2024-01-16T07:02:54.270+0000] {processor.py:829} INFO - Processing file /opt/airflow/dags/task.py for tasks to queue
[2024-01-16T07:02:54.273+0000] {logging_mixin.py:154} INFO - [2024-01-16T07:02:54.273+0000] {dagbag.py:536} INFO - Filling up the DagBag from /opt/airflow/dags/task.py
[2024-01-16T07:02:54.821+0000] {processor.py:839} INFO - DAG(s) dict_keys(['stt_task']) retrieved from /opt/airflow/dags/task.py
[2024-01-16T07:02:54.850+0000] {logging_mixin.py:154} INFO - [2024-01-16T07:02:54.849+0000] {dag.py:2941} INFO - Sync 1 DAGs
[2024-01-16T07:02:54.877+0000] {logging_mixin.py:154} INFO - [2024-01-16T07:02:54.877+0000] {dag.py:3722} INFO - Setting next_dagrun for stt_task to 2024-01-16T00:00:00+00:00, run_after=2024-01-17T00:00:00+00:00
[2024-01-16T07:02:54.904+0000] {processor.py:179} INFO - Processing /opt/airflow/dags/task.py took 0.640 seconds
[2024-01-16T07:03:12.805+0000] {processor.py:157} INFO - Started process (PID=699) to work on /opt/airflow/dags/task.py
[2024-01-16T07:03:12.807+0000] {processor.py:829} INFO - Processing file /opt/airflow/dags/task.py for tasks to queue
[2024-01-16T07:03:12.811+0000] {logging_mixin.py:154} INFO - [2024-01-16T07:03:12.811+0000] {dagbag.py:536} INFO - Filling up the DagBag from /opt/airflow/dags/task.py
[2024-01-16T07:03:13.412+0000] {processor.py:839} INFO - DAG(s) dict_keys(['stt_task']) retrieved from /opt/airflow/dags/task.py
[2024-01-16T07:03:13.454+0000] {logging_mixin.py:154} INFO - [2024-01-16T07:03:13.453+0000] {dag.py:2941} INFO - Sync 1 DAGs
[2024-01-16T07:03:13.490+0000] {logging_mixin.py:154} INFO - [2024-01-16T07:03:13.489+0000] {dag.py:3722} INFO - Setting next_dagrun for stt_task to 2024-01-16T00:00:00+00:00, run_after=2024-01-17T00:00:00+00:00
[2024-01-16T07:03:13.518+0000] {processor.py:179} INFO - Processing /opt/airflow/dags/task.py took 0.717 seconds
[2024-01-16T07:03:18.643+0000] {processor.py:157} INFO - Started process (PID=703) to work on /opt/airflow/dags/task.py
[2024-01-16T07:03:18.645+0000] {processor.py:829} INFO - Processing file /opt/airflow/dags/task.py for tasks to queue
[2024-01-16T07:03:18.649+0000] {logging_mixin.py:154} INFO - [2024-01-16T07:03:18.649+0000] {dagbag.py:536} INFO - Filling up the DagBag from /opt/airflow/dags/task.py
[2024-01-16T07:03:19.290+0000] {processor.py:839} INFO - DAG(s) dict_keys(['stt_task']) retrieved from /opt/airflow/dags/task.py
[2024-01-16T07:03:19.331+0000] {logging_mixin.py:154} INFO - [2024-01-16T07:03:19.330+0000] {dag.py:2941} INFO - Sync 1 DAGs
[2024-01-16T07:03:19.370+0000] {logging_mixin.py:154} INFO - [2024-01-16T07:03:19.370+0000] {dag.py:3722} INFO - Setting next_dagrun for stt_task to 2024-01-16T00:00:00+00:00, run_after=2024-01-17T00:00:00+00:00
[2024-01-16T07:03:19.423+0000] {processor.py:179} INFO - Processing /opt/airflow/dags/task.py took 0.785 seconds
[2024-01-16T07:03:49.960+0000] {processor.py:157} INFO - Started process (PID=714) to work on /opt/airflow/dags/task.py
[2024-01-16T07:03:49.962+0000] {processor.py:829} INFO - Processing file /opt/airflow/dags/task.py for tasks to queue
[2024-01-16T07:03:49.966+0000] {logging_mixin.py:154} INFO - [2024-01-16T07:03:49.966+0000] {dagbag.py:536} INFO - Filling up the DagBag from /opt/airflow/dags/task.py
[2024-01-16T07:03:50.497+0000] {processor.py:839} INFO - DAG(s) dict_keys(['stt_task']) retrieved from /opt/airflow/dags/task.py
[2024-01-16T07:03:50.522+0000] {logging_mixin.py:154} INFO - [2024-01-16T07:03:50.522+0000] {dag.py:2941} INFO - Sync 1 DAGs
[2024-01-16T07:03:50.547+0000] {logging_mixin.py:154} INFO - [2024-01-16T07:03:50.547+0000] {dag.py:3722} INFO - Setting next_dagrun for stt_task to 2024-01-16T00:00:00+00:00, run_after=2024-01-17T00:00:00+00:00
[2024-01-16T07:03:50.572+0000] {processor.py:179} INFO - Processing /opt/airflow/dags/task.py took 0.618 seconds
[2024-01-16T07:04:20.834+0000] {processor.py:157} INFO - Started process (PID=725) to work on /opt/airflow/dags/task.py
[2024-01-16T07:04:20.835+0000] {processor.py:829} INFO - Processing file /opt/airflow/dags/task.py for tasks to queue
[2024-01-16T07:04:20.840+0000] {logging_mixin.py:154} INFO - [2024-01-16T07:04:20.839+0000] {dagbag.py:536} INFO - Filling up the DagBag from /opt/airflow/dags/task.py
[2024-01-16T07:04:21.390+0000] {processor.py:839} INFO - DAG(s) dict_keys(['stt_task']) retrieved from /opt/airflow/dags/task.py
[2024-01-16T07:04:21.417+0000] {logging_mixin.py:154} INFO - [2024-01-16T07:04:21.416+0000] {dag.py:2941} INFO - Sync 1 DAGs
[2024-01-16T07:04:21.443+0000] {logging_mixin.py:154} INFO - [2024-01-16T07:04:21.443+0000] {dag.py:3722} INFO - Setting next_dagrun for stt_task to 2024-01-16T00:00:00+00:00, run_after=2024-01-17T00:00:00+00:00
[2024-01-16T07:04:21.467+0000] {processor.py:179} INFO - Processing /opt/airflow/dags/task.py took 0.638 seconds
[2024-01-16T07:04:23.342+0000] {processor.py:157} INFO - Started process (PID=727) to work on /opt/airflow/dags/task.py
[2024-01-16T07:04:23.344+0000] {processor.py:829} INFO - Processing file /opt/airflow/dags/task.py for tasks to queue
[2024-01-16T07:04:23.347+0000] {logging_mixin.py:154} INFO - [2024-01-16T07:04:23.347+0000] {dagbag.py:536} INFO - Filling up the DagBag from /opt/airflow/dags/task.py
[2024-01-16T07:04:23.931+0000] {processor.py:839} INFO - DAG(s) dict_keys(['stt_task']) retrieved from /opt/airflow/dags/task.py
[2024-01-16T07:04:23.958+0000] {logging_mixin.py:154} INFO - [2024-01-16T07:04:23.957+0000] {dag.py:2941} INFO - Sync 1 DAGs
[2024-01-16T07:04:23.986+0000] {logging_mixin.py:154} INFO - [2024-01-16T07:04:23.986+0000] {dag.py:3722} INFO - Setting next_dagrun for stt_task to 2024-01-16T00:00:00+00:00, run_after=2024-01-17T00:00:00+00:00
[2024-01-16T07:04:24.035+0000] {processor.py:179} INFO - Processing /opt/airflow/dags/task.py took 0.697 seconds
[2024-01-16T07:04:54.321+0000] {processor.py:157} INFO - Started process (PID=738) to work on /opt/airflow/dags/task.py
[2024-01-16T07:04:54.323+0000] {processor.py:829} INFO - Processing file /opt/airflow/dags/task.py for tasks to queue
[2024-01-16T07:04:54.327+0000] {logging_mixin.py:154} INFO - [2024-01-16T07:04:54.327+0000] {dagbag.py:536} INFO - Filling up the DagBag from /opt/airflow/dags/task.py
[2024-01-16T07:04:54.923+0000] {processor.py:839} INFO - DAG(s) dict_keys(['stt_task']) retrieved from /opt/airflow/dags/task.py
[2024-01-16T07:04:54.970+0000] {logging_mixin.py:154} INFO - [2024-01-16T07:04:54.969+0000] {dag.py:2941} INFO - Sync 1 DAGs
[2024-01-16T07:04:55.016+0000] {logging_mixin.py:154} INFO - [2024-01-16T07:04:55.015+0000] {dag.py:3722} INFO - Setting next_dagrun for stt_task to 2024-01-16T00:00:00+00:00, run_after=2024-01-17T00:00:00+00:00
[2024-01-16T07:04:55.055+0000] {processor.py:179} INFO - Processing /opt/airflow/dags/task.py took 0.740 seconds
[2024-01-16T07:05:16.251+0000] {processor.py:157} INFO - Started process (PID=747) to work on /opt/airflow/dags/task.py
[2024-01-16T07:05:16.253+0000] {processor.py:829} INFO - Processing file /opt/airflow/dags/task.py for tasks to queue
[2024-01-16T07:05:16.257+0000] {logging_mixin.py:154} INFO - [2024-01-16T07:05:16.257+0000] {dagbag.py:536} INFO - Filling up the DagBag from /opt/airflow/dags/task.py
[2024-01-16T07:05:16.856+0000] {processor.py:839} INFO - DAG(s) dict_keys(['stt_task']) retrieved from /opt/airflow/dags/task.py
[2024-01-16T07:05:16.893+0000] {logging_mixin.py:154} INFO - [2024-01-16T07:05:16.892+0000] {dag.py:2941} INFO - Sync 1 DAGs
[2024-01-16T07:05:16.928+0000] {logging_mixin.py:154} INFO - [2024-01-16T07:05:16.926+0000] {dag.py:3722} INFO - Setting next_dagrun for stt_task to 2024-01-16T00:00:00+00:00, run_after=2024-01-17T00:00:00+00:00
[2024-01-16T07:05:16.959+0000] {processor.py:179} INFO - Processing /opt/airflow/dags/task.py took 0.713 seconds
[2024-01-16T07:05:47.251+0000] {processor.py:157} INFO - Started process (PID=758) to work on /opt/airflow/dags/task.py
[2024-01-16T07:05:47.254+0000] {processor.py:829} INFO - Processing file /opt/airflow/dags/task.py for tasks to queue
[2024-01-16T07:05:47.261+0000] {logging_mixin.py:154} INFO - [2024-01-16T07:05:47.260+0000] {dagbag.py:536} INFO - Filling up the DagBag from /opt/airflow/dags/task.py
[2024-01-16T07:05:48.044+0000] {processor.py:839} INFO - DAG(s) dict_keys(['stt_task']) retrieved from /opt/airflow/dags/task.py
[2024-01-16T07:05:48.077+0000] {logging_mixin.py:154} INFO - [2024-01-16T07:05:48.076+0000] {dag.py:2941} INFO - Sync 1 DAGs
[2024-01-16T07:05:48.106+0000] {logging_mixin.py:154} INFO - [2024-01-16T07:05:48.106+0000] {dag.py:3722} INFO - Setting next_dagrun for stt_task to 2024-01-16T00:00:00+00:00, run_after=2024-01-17T00:00:00+00:00
[2024-01-16T07:05:48.136+0000] {processor.py:179} INFO - Processing /opt/airflow/dags/task.py took 0.890 seconds
[2024-01-16T07:06:18.485+0000] {processor.py:157} INFO - Started process (PID=769) to work on /opt/airflow/dags/task.py
[2024-01-16T07:06:18.487+0000] {processor.py:829} INFO - Processing file /opt/airflow/dags/task.py for tasks to queue
[2024-01-16T07:06:18.491+0000] {logging_mixin.py:154} INFO - [2024-01-16T07:06:18.490+0000] {dagbag.py:536} INFO - Filling up the DagBag from /opt/airflow/dags/task.py
[2024-01-16T07:06:19.076+0000] {processor.py:839} INFO - DAG(s) dict_keys(['stt_task']) retrieved from /opt/airflow/dags/task.py
[2024-01-16T07:06:19.107+0000] {logging_mixin.py:154} INFO - [2024-01-16T07:06:19.107+0000] {dag.py:2941} INFO - Sync 1 DAGs
[2024-01-16T07:06:19.136+0000] {logging_mixin.py:154} INFO - [2024-01-16T07:06:19.136+0000] {dag.py:3722} INFO - Setting next_dagrun for stt_task to 2024-01-16T00:00:00+00:00, run_after=2024-01-17T00:00:00+00:00
[2024-01-16T07:06:19.167+0000] {processor.py:179} INFO - Processing /opt/airflow/dags/task.py took 0.686 seconds
[2024-01-16T07:06:49.558+0000] {processor.py:157} INFO - Started process (PID=780) to work on /opt/airflow/dags/task.py
[2024-01-16T07:06:49.560+0000] {processor.py:829} INFO - Processing file /opt/airflow/dags/task.py for tasks to queue
[2024-01-16T07:06:49.563+0000] {logging_mixin.py:154} INFO - [2024-01-16T07:06:49.563+0000] {dagbag.py:536} INFO - Filling up the DagBag from /opt/airflow/dags/task.py
[2024-01-16T07:06:50.061+0000] {processor.py:839} INFO - DAG(s) dict_keys(['stt_task']) retrieved from /opt/airflow/dags/task.py
[2024-01-16T07:06:50.089+0000] {logging_mixin.py:154} INFO - [2024-01-16T07:06:50.088+0000] {dag.py:2941} INFO - Sync 1 DAGs
[2024-01-16T07:06:50.118+0000] {logging_mixin.py:154} INFO - [2024-01-16T07:06:50.117+0000] {dag.py:3722} INFO - Setting next_dagrun for stt_task to 2024-01-16T00:00:00+00:00, run_after=2024-01-17T00:00:00+00:00
[2024-01-16T07:06:50.147+0000] {processor.py:179} INFO - Processing /opt/airflow/dags/task.py took 0.593 seconds
[2024-01-16T07:07:20.431+0000] {processor.py:157} INFO - Started process (PID=791) to work on /opt/airflow/dags/task.py
[2024-01-16T07:07:20.433+0000] {processor.py:829} INFO - Processing file /opt/airflow/dags/task.py for tasks to queue
[2024-01-16T07:07:20.436+0000] {logging_mixin.py:154} INFO - [2024-01-16T07:07:20.436+0000] {dagbag.py:536} INFO - Filling up the DagBag from /opt/airflow/dags/task.py
[2024-01-16T07:07:20.910+0000] {processor.py:839} INFO - DAG(s) dict_keys(['stt_task']) retrieved from /opt/airflow/dags/task.py
[2024-01-16T07:07:20.935+0000] {logging_mixin.py:154} INFO - [2024-01-16T07:07:20.935+0000] {dag.py:2941} INFO - Sync 1 DAGs
[2024-01-16T07:07:20.959+0000] {logging_mixin.py:154} INFO - [2024-01-16T07:07:20.959+0000] {dag.py:3722} INFO - Setting next_dagrun for stt_task to 2024-01-16T00:00:00+00:00, run_after=2024-01-17T00:00:00+00:00
[2024-01-16T07:07:20.984+0000] {processor.py:179} INFO - Processing /opt/airflow/dags/task.py took 0.558 seconds
[2024-01-16T07:07:51.293+0000] {processor.py:157} INFO - Started process (PID=802) to work on /opt/airflow/dags/task.py
[2024-01-16T07:07:51.296+0000] {processor.py:829} INFO - Processing file /opt/airflow/dags/task.py for tasks to queue
[2024-01-16T07:07:51.299+0000] {logging_mixin.py:154} INFO - [2024-01-16T07:07:51.299+0000] {dagbag.py:536} INFO - Filling up the DagBag from /opt/airflow/dags/task.py
[2024-01-16T07:07:51.829+0000] {processor.py:839} INFO - DAG(s) dict_keys(['stt_task']) retrieved from /opt/airflow/dags/task.py
[2024-01-16T07:07:51.854+0000] {logging_mixin.py:154} INFO - [2024-01-16T07:07:51.854+0000] {dag.py:2941} INFO - Sync 1 DAGs
[2024-01-16T07:07:51.881+0000] {logging_mixin.py:154} INFO - [2024-01-16T07:07:51.880+0000] {dag.py:3722} INFO - Setting next_dagrun for stt_task to 2024-01-16T00:00:00+00:00, run_after=2024-01-17T00:00:00+00:00
[2024-01-16T07:07:51.907+0000] {processor.py:179} INFO - Processing /opt/airflow/dags/task.py took 0.619 seconds
[2024-01-16T07:08:22.239+0000] {processor.py:157} INFO - Started process (PID=813) to work on /opt/airflow/dags/task.py
[2024-01-16T07:08:22.240+0000] {processor.py:829} INFO - Processing file /opt/airflow/dags/task.py for tasks to queue
[2024-01-16T07:08:22.244+0000] {logging_mixin.py:154} INFO - [2024-01-16T07:08:22.243+0000] {dagbag.py:536} INFO - Filling up the DagBag from /opt/airflow/dags/task.py
[2024-01-16T07:08:22.763+0000] {processor.py:839} INFO - DAG(s) dict_keys(['stt_task']) retrieved from /opt/airflow/dags/task.py
[2024-01-16T07:08:22.791+0000] {logging_mixin.py:154} INFO - [2024-01-16T07:08:22.790+0000] {dag.py:2941} INFO - Sync 1 DAGs
[2024-01-16T07:08:22.818+0000] {logging_mixin.py:154} INFO - [2024-01-16T07:08:22.818+0000] {dag.py:3722} INFO - Setting next_dagrun for stt_task to 2024-01-16T00:00:00+00:00, run_after=2024-01-17T00:00:00+00:00
[2024-01-16T07:08:22.845+0000] {processor.py:179} INFO - Processing /opt/airflow/dags/task.py took 0.611 seconds
[2024-01-16T07:08:53.254+0000] {processor.py:157} INFO - Started process (PID=824) to work on /opt/airflow/dags/task.py
[2024-01-16T07:08:53.258+0000] {processor.py:829} INFO - Processing file /opt/airflow/dags/task.py for tasks to queue
[2024-01-16T07:08:53.261+0000] {logging_mixin.py:154} INFO - [2024-01-16T07:08:53.261+0000] {dagbag.py:536} INFO - Filling up the DagBag from /opt/airflow/dags/task.py
[2024-01-16T07:08:53.782+0000] {processor.py:839} INFO - DAG(s) dict_keys(['stt_task']) retrieved from /opt/airflow/dags/task.py
[2024-01-16T07:08:53.812+0000] {logging_mixin.py:154} INFO - [2024-01-16T07:08:53.811+0000] {dag.py:2941} INFO - Sync 1 DAGs
[2024-01-16T07:08:53.841+0000] {logging_mixin.py:154} INFO - [2024-01-16T07:08:53.841+0000] {dag.py:3722} INFO - Setting next_dagrun for stt_task to 2024-01-16T00:00:00+00:00, run_after=2024-01-17T00:00:00+00:00
[2024-01-16T07:08:53.868+0000] {processor.py:179} INFO - Processing /opt/airflow/dags/task.py took 0.619 seconds
[2024-01-16T07:09:24.234+0000] {processor.py:157} INFO - Started process (PID=835) to work on /opt/airflow/dags/task.py
[2024-01-16T07:09:24.235+0000] {processor.py:829} INFO - Processing file /opt/airflow/dags/task.py for tasks to queue
[2024-01-16T07:09:24.240+0000] {logging_mixin.py:154} INFO - [2024-01-16T07:09:24.239+0000] {dagbag.py:536} INFO - Filling up the DagBag from /opt/airflow/dags/task.py
[2024-01-16T07:09:24.782+0000] {processor.py:839} INFO - DAG(s) dict_keys(['stt_task']) retrieved from /opt/airflow/dags/task.py
[2024-01-16T07:09:24.810+0000] {logging_mixin.py:154} INFO - [2024-01-16T07:09:24.810+0000] {dag.py:2941} INFO - Sync 1 DAGs
[2024-01-16T07:09:24.837+0000] {logging_mixin.py:154} INFO - [2024-01-16T07:09:24.837+0000] {dag.py:3722} INFO - Setting next_dagrun for stt_task to 2024-01-16T00:00:00+00:00, run_after=2024-01-17T00:00:00+00:00
[2024-01-16T07:09:24.869+0000] {processor.py:179} INFO - Processing /opt/airflow/dags/task.py took 0.640 seconds
[2024-01-16T07:09:55.131+0000] {processor.py:157} INFO - Started process (PID=846) to work on /opt/airflow/dags/task.py
[2024-01-16T07:09:55.133+0000] {processor.py:829} INFO - Processing file /opt/airflow/dags/task.py for tasks to queue
[2024-01-16T07:09:55.137+0000] {logging_mixin.py:154} INFO - [2024-01-16T07:09:55.137+0000] {dagbag.py:536} INFO - Filling up the DagBag from /opt/airflow/dags/task.py
[2024-01-16T07:09:56.004+0000] {processor.py:839} INFO - DAG(s) dict_keys(['stt_task']) retrieved from /opt/airflow/dags/task.py
[2024-01-16T07:09:56.037+0000] {logging_mixin.py:154} INFO - [2024-01-16T07:09:56.037+0000] {dag.py:2941} INFO - Sync 1 DAGs
[2024-01-16T07:09:56.076+0000] {logging_mixin.py:154} INFO - [2024-01-16T07:09:56.076+0000] {dag.py:3722} INFO - Setting next_dagrun for stt_task to 2024-01-16T00:00:00+00:00, run_after=2024-01-17T00:00:00+00:00
[2024-01-16T07:09:56.159+0000] {processor.py:179} INFO - Processing /opt/airflow/dags/task.py took 1.034 seconds
[2024-01-16T07:10:26.236+0000] {processor.py:157} INFO - Started process (PID=857) to work on /opt/airflow/dags/task.py
[2024-01-16T07:10:26.238+0000] {processor.py:829} INFO - Processing file /opt/airflow/dags/task.py for tasks to queue
[2024-01-16T07:10:26.242+0000] {logging_mixin.py:154} INFO - [2024-01-16T07:10:26.241+0000] {dagbag.py:536} INFO - Filling up the DagBag from /opt/airflow/dags/task.py
[2024-01-16T07:10:26.720+0000] {processor.py:839} INFO - DAG(s) dict_keys(['stt_task']) retrieved from /opt/airflow/dags/task.py
[2024-01-16T07:10:26.747+0000] {logging_mixin.py:154} INFO - [2024-01-16T07:10:26.746+0000] {dag.py:2941} INFO - Sync 1 DAGs
[2024-01-16T07:10:26.771+0000] {logging_mixin.py:154} INFO - [2024-01-16T07:10:26.771+0000] {dag.py:3722} INFO - Setting next_dagrun for stt_task to 2024-01-16T00:00:00+00:00, run_after=2024-01-17T00:00:00+00:00
[2024-01-16T07:10:26.795+0000] {processor.py:179} INFO - Processing /opt/airflow/dags/task.py took 0.565 seconds
[2024-01-16T07:10:57.167+0000] {processor.py:157} INFO - Started process (PID=868) to work on /opt/airflow/dags/task.py
[2024-01-16T07:10:57.171+0000] {processor.py:829} INFO - Processing file /opt/airflow/dags/task.py for tasks to queue
[2024-01-16T07:10:57.177+0000] {logging_mixin.py:154} INFO - [2024-01-16T07:10:57.176+0000] {dagbag.py:536} INFO - Filling up the DagBag from /opt/airflow/dags/task.py
[2024-01-16T07:10:57.791+0000] {processor.py:839} INFO - DAG(s) dict_keys(['stt_task']) retrieved from /opt/airflow/dags/task.py
[2024-01-16T07:10:57.820+0000] {logging_mixin.py:154} INFO - [2024-01-16T07:10:57.819+0000] {dag.py:2941} INFO - Sync 1 DAGs
[2024-01-16T07:10:57.845+0000] {logging_mixin.py:154} INFO - [2024-01-16T07:10:57.845+0000] {dag.py:3722} INFO - Setting next_dagrun for stt_task to 2024-01-16T00:00:00+00:00, run_after=2024-01-17T00:00:00+00:00
[2024-01-16T07:10:57.872+0000] {processor.py:179} INFO - Processing /opt/airflow/dags/task.py took 0.712 seconds
[2024-01-16T07:11:28.080+0000] {processor.py:157} INFO - Started process (PID=879) to work on /opt/airflow/dags/task.py
[2024-01-16T07:11:28.082+0000] {processor.py:829} INFO - Processing file /opt/airflow/dags/task.py for tasks to queue
[2024-01-16T07:11:28.085+0000] {logging_mixin.py:154} INFO - [2024-01-16T07:11:28.085+0000] {dagbag.py:536} INFO - Filling up the DagBag from /opt/airflow/dags/task.py
[2024-01-16T07:11:28.594+0000] {processor.py:839} INFO - DAG(s) dict_keys(['stt_task']) retrieved from /opt/airflow/dags/task.py
[2024-01-16T07:11:28.623+0000] {logging_mixin.py:154} INFO - [2024-01-16T07:11:28.623+0000] {dag.py:2941} INFO - Sync 1 DAGs
[2024-01-16T07:11:28.654+0000] {logging_mixin.py:154} INFO - [2024-01-16T07:11:28.654+0000] {dag.py:3722} INFO - Setting next_dagrun for stt_task to 2024-01-16T00:00:00+00:00, run_after=2024-01-17T00:00:00+00:00
[2024-01-16T07:11:28.678+0000] {processor.py:179} INFO - Processing /opt/airflow/dags/task.py took 0.602 seconds
[2024-01-16T07:11:59.022+0000] {processor.py:157} INFO - Started process (PID=890) to work on /opt/airflow/dags/task.py
[2024-01-16T07:11:59.024+0000] {processor.py:829} INFO - Processing file /opt/airflow/dags/task.py for tasks to queue
[2024-01-16T07:11:59.028+0000] {logging_mixin.py:154} INFO - [2024-01-16T07:11:59.027+0000] {dagbag.py:536} INFO - Filling up the DagBag from /opt/airflow/dags/task.py
[2024-01-16T07:11:59.704+0000] {processor.py:839} INFO - DAG(s) dict_keys(['stt_task']) retrieved from /opt/airflow/dags/task.py
[2024-01-16T07:11:59.733+0000] {logging_mixin.py:154} INFO - [2024-01-16T07:11:59.733+0000] {dag.py:2941} INFO - Sync 1 DAGs
[2024-01-16T07:11:59.760+0000] {logging_mixin.py:154} INFO - [2024-01-16T07:11:59.760+0000] {dag.py:3722} INFO - Setting next_dagrun for stt_task to 2024-01-16T00:00:00+00:00, run_after=2024-01-17T00:00:00+00:00
[2024-01-16T07:11:59.788+0000] {processor.py:179} INFO - Processing /opt/airflow/dags/task.py took 0.771 seconds
[2024-01-16T07:12:30.136+0000] {processor.py:157} INFO - Started process (PID=901) to work on /opt/airflow/dags/task.py
[2024-01-16T07:12:30.138+0000] {processor.py:829} INFO - Processing file /opt/airflow/dags/task.py for tasks to queue
[2024-01-16T07:12:30.142+0000] {logging_mixin.py:154} INFO - [2024-01-16T07:12:30.142+0000] {dagbag.py:536} INFO - Filling up the DagBag from /opt/airflow/dags/task.py
[2024-01-16T07:12:30.663+0000] {processor.py:839} INFO - DAG(s) dict_keys(['stt_task']) retrieved from /opt/airflow/dags/task.py
[2024-01-16T07:12:30.691+0000] {logging_mixin.py:154} INFO - [2024-01-16T07:12:30.691+0000] {dag.py:2941} INFO - Sync 1 DAGs
[2024-01-16T07:12:30.721+0000] {logging_mixin.py:154} INFO - [2024-01-16T07:12:30.721+0000] {dag.py:3722} INFO - Setting next_dagrun for stt_task to 2024-01-16T00:00:00+00:00, run_after=2024-01-17T00:00:00+00:00
[2024-01-16T07:12:30.753+0000] {processor.py:179} INFO - Processing /opt/airflow/dags/task.py took 0.621 seconds
[2024-01-16T07:13:01.000+0000] {processor.py:157} INFO - Started process (PID=912) to work on /opt/airflow/dags/task.py
[2024-01-16T07:13:01.001+0000] {processor.py:829} INFO - Processing file /opt/airflow/dags/task.py for tasks to queue
[2024-01-16T07:13:01.005+0000] {logging_mixin.py:154} INFO - [2024-01-16T07:13:01.005+0000] {dagbag.py:536} INFO - Filling up the DagBag from /opt/airflow/dags/task.py
[2024-01-16T07:13:01.495+0000] {processor.py:839} INFO - DAG(s) dict_keys(['stt_task']) retrieved from /opt/airflow/dags/task.py
[2024-01-16T07:13:01.521+0000] {logging_mixin.py:154} INFO - [2024-01-16T07:13:01.520+0000] {dag.py:2941} INFO - Sync 1 DAGs
[2024-01-16T07:13:01.546+0000] {logging_mixin.py:154} INFO - [2024-01-16T07:13:01.546+0000] {dag.py:3722} INFO - Setting next_dagrun for stt_task to 2024-01-16T00:00:00+00:00, run_after=2024-01-17T00:00:00+00:00
[2024-01-16T07:13:01.570+0000] {processor.py:179} INFO - Processing /opt/airflow/dags/task.py took 0.576 seconds
[2024-01-16T07:13:31.912+0000] {processor.py:157} INFO - Started process (PID=923) to work on /opt/airflow/dags/task.py
[2024-01-16T07:13:31.914+0000] {processor.py:829} INFO - Processing file /opt/airflow/dags/task.py for tasks to queue
[2024-01-16T07:13:31.919+0000] {logging_mixin.py:154} INFO - [2024-01-16T07:13:31.918+0000] {dagbag.py:536} INFO - Filling up the DagBag from /opt/airflow/dags/task.py
[2024-01-16T07:13:32.504+0000] {processor.py:839} INFO - DAG(s) dict_keys(['stt_task']) retrieved from /opt/airflow/dags/task.py
[2024-01-16T07:13:32.530+0000] {logging_mixin.py:154} INFO - [2024-01-16T07:13:32.530+0000] {dag.py:2941} INFO - Sync 1 DAGs
[2024-01-16T07:13:32.555+0000] {logging_mixin.py:154} INFO - [2024-01-16T07:13:32.554+0000] {dag.py:3722} INFO - Setting next_dagrun for stt_task to 2024-01-16T00:00:00+00:00, run_after=2024-01-17T00:00:00+00:00
[2024-01-16T07:13:32.580+0000] {processor.py:179} INFO - Processing /opt/airflow/dags/task.py took 0.673 seconds
[2024-01-16T07:14:02.923+0000] {processor.py:157} INFO - Started process (PID=934) to work on /opt/airflow/dags/task.py
[2024-01-16T07:14:02.925+0000] {processor.py:829} INFO - Processing file /opt/airflow/dags/task.py for tasks to queue
[2024-01-16T07:14:02.929+0000] {logging_mixin.py:154} INFO - [2024-01-16T07:14:02.928+0000] {dagbag.py:536} INFO - Filling up the DagBag from /opt/airflow/dags/task.py
[2024-01-16T07:14:03.598+0000] {processor.py:839} INFO - DAG(s) dict_keys(['stt_task']) retrieved from /opt/airflow/dags/task.py
[2024-01-16T07:14:03.636+0000] {logging_mixin.py:154} INFO - [2024-01-16T07:14:03.636+0000] {dag.py:2941} INFO - Sync 1 DAGs
[2024-01-16T07:14:03.689+0000] {logging_mixin.py:154} INFO - [2024-01-16T07:14:03.688+0000] {dag.py:3722} INFO - Setting next_dagrun for stt_task to 2024-01-16T00:00:00+00:00, run_after=2024-01-17T00:00:00+00:00
[2024-01-16T07:14:03.764+0000] {processor.py:179} INFO - Processing /opt/airflow/dags/task.py took 0.845 seconds
[2024-01-16T07:14:33.994+0000] {processor.py:157} INFO - Started process (PID=945) to work on /opt/airflow/dags/task.py
[2024-01-16T07:14:33.995+0000] {processor.py:829} INFO - Processing file /opt/airflow/dags/task.py for tasks to queue
[2024-01-16T07:14:33.998+0000] {logging_mixin.py:154} INFO - [2024-01-16T07:14:33.998+0000] {dagbag.py:536} INFO - Filling up the DagBag from /opt/airflow/dags/task.py
[2024-01-16T07:14:34.503+0000] {processor.py:839} INFO - DAG(s) dict_keys(['stt_task']) retrieved from /opt/airflow/dags/task.py
[2024-01-16T07:14:34.530+0000] {logging_mixin.py:154} INFO - [2024-01-16T07:14:34.529+0000] {dag.py:2941} INFO - Sync 1 DAGs
[2024-01-16T07:14:34.556+0000] {logging_mixin.py:154} INFO - [2024-01-16T07:14:34.555+0000] {dag.py:3722} INFO - Setting next_dagrun for stt_task to 2024-01-16T00:00:00+00:00, run_after=2024-01-17T00:00:00+00:00
[2024-01-16T07:14:34.582+0000] {processor.py:179} INFO - Processing /opt/airflow/dags/task.py took 0.593 seconds
[2024-01-16T07:15:04.905+0000] {processor.py:157} INFO - Started process (PID=956) to work on /opt/airflow/dags/task.py
[2024-01-16T07:15:04.907+0000] {processor.py:829} INFO - Processing file /opt/airflow/dags/task.py for tasks to queue
[2024-01-16T07:15:04.911+0000] {logging_mixin.py:154} INFO - [2024-01-16T07:15:04.910+0000] {dagbag.py:536} INFO - Filling up the DagBag from /opt/airflow/dags/task.py
[2024-01-16T07:15:05.467+0000] {processor.py:839} INFO - DAG(s) dict_keys(['stt_task']) retrieved from /opt/airflow/dags/task.py
[2024-01-16T07:15:05.494+0000] {logging_mixin.py:154} INFO - [2024-01-16T07:15:05.493+0000] {dag.py:2941} INFO - Sync 1 DAGs
[2024-01-16T07:15:05.518+0000] {logging_mixin.py:154} INFO - [2024-01-16T07:15:05.518+0000] {dag.py:3722} INFO - Setting next_dagrun for stt_task to 2024-01-16T00:00:00+00:00, run_after=2024-01-17T00:00:00+00:00
[2024-01-16T07:15:05.545+0000] {processor.py:179} INFO - Processing /opt/airflow/dags/task.py took 0.644 seconds
