[2024-01-16T05:20:20.007+0000] {processor.py:157} INFO - Started process (PID=1418) to work on /opt/airflow/dags/function/clova_function.py
[2024-01-16T05:20:20.008+0000] {processor.py:829} INFO - Processing file /opt/airflow/dags/function/clova_function.py for tasks to queue
[2024-01-16T05:20:20.010+0000] {logging_mixin.py:154} INFO - [2024-01-16T05:20:20.010+0000] {dagbag.py:536} INFO - Filling up the DagBag from /opt/airflow/dags/function/clova_function.py
[2024-01-16T05:20:20.060+0000] {logging_mixin.py:154} INFO - [2024-01-16T05:20:20.049+0000] {dagbag.py:346} ERROR - Failed to import: /opt/airflow/dags/function/clova_function.py
Traceback (most recent call last):
  File "/home/airflow/.local/lib/python3.9/site-packages/airflow/models/dagbag.py", line 342, in parse
    loader.exec_module(new_module)
  File "<frozen importlib._bootstrap_external>", line 850, in exec_module
  File "<frozen importlib._bootstrap>", line 228, in _call_with_frames_removed
  File "/opt/airflow/dags/function/clova_function.py", line 4, in <module>
    import pymysql
ModuleNotFoundError: No module named 'pymysql'
[2024-01-16T05:20:20.062+0000] {processor.py:841} WARNING - No viable dags retrieved from /opt/airflow/dags/function/clova_function.py
[2024-01-16T05:20:20.134+0000] {processor.py:179} INFO - Processing /opt/airflow/dags/function/clova_function.py took 0.131 seconds
[2024-01-16T05:20:50.285+0000] {processor.py:157} INFO - Started process (PID=1427) to work on /opt/airflow/dags/function/clova_function.py
[2024-01-16T05:20:50.287+0000] {processor.py:829} INFO - Processing file /opt/airflow/dags/function/clova_function.py for tasks to queue
[2024-01-16T05:20:50.288+0000] {logging_mixin.py:154} INFO - [2024-01-16T05:20:50.288+0000] {dagbag.py:536} INFO - Filling up the DagBag from /opt/airflow/dags/function/clova_function.py
[2024-01-16T05:20:50.302+0000] {logging_mixin.py:154} INFO - [2024-01-16T05:20:50.300+0000] {dagbag.py:346} ERROR - Failed to import: /opt/airflow/dags/function/clova_function.py
Traceback (most recent call last):
  File "/home/airflow/.local/lib/python3.9/site-packages/airflow/models/dagbag.py", line 342, in parse
    loader.exec_module(new_module)
  File "<frozen importlib._bootstrap_external>", line 850, in exec_module
  File "<frozen importlib._bootstrap>", line 228, in _call_with_frames_removed
  File "/opt/airflow/dags/function/clova_function.py", line 4, in <module>
    import pymysql
ModuleNotFoundError: No module named 'pymysql'
[2024-01-16T05:20:50.303+0000] {processor.py:841} WARNING - No viable dags retrieved from /opt/airflow/dags/function/clova_function.py
[2024-01-16T05:20:50.329+0000] {processor.py:179} INFO - Processing /opt/airflow/dags/function/clova_function.py took 0.049 seconds
[2024-01-16T05:21:20.567+0000] {processor.py:157} INFO - Started process (PID=1435) to work on /opt/airflow/dags/function/clova_function.py
[2024-01-16T05:21:20.569+0000] {processor.py:829} INFO - Processing file /opt/airflow/dags/function/clova_function.py for tasks to queue
[2024-01-16T05:21:20.571+0000] {logging_mixin.py:154} INFO - [2024-01-16T05:21:20.571+0000] {dagbag.py:536} INFO - Filling up the DagBag from /opt/airflow/dags/function/clova_function.py
[2024-01-16T05:21:20.588+0000] {logging_mixin.py:154} INFO - [2024-01-16T05:21:20.586+0000] {dagbag.py:346} ERROR - Failed to import: /opt/airflow/dags/function/clova_function.py
Traceback (most recent call last):
  File "/home/airflow/.local/lib/python3.9/site-packages/airflow/models/dagbag.py", line 342, in parse
    loader.exec_module(new_module)
  File "<frozen importlib._bootstrap_external>", line 850, in exec_module
  File "<frozen importlib._bootstrap>", line 228, in _call_with_frames_removed
  File "/opt/airflow/dags/function/clova_function.py", line 4, in <module>
    import pymysql
ModuleNotFoundError: No module named 'pymysql'
[2024-01-16T05:21:20.589+0000] {processor.py:841} WARNING - No viable dags retrieved from /opt/airflow/dags/function/clova_function.py
[2024-01-16T05:21:20.622+0000] {processor.py:179} INFO - Processing /opt/airflow/dags/function/clova_function.py took 0.061 seconds
[2024-01-16T05:21:50.905+0000] {processor.py:157} INFO - Started process (PID=1443) to work on /opt/airflow/dags/function/clova_function.py
[2024-01-16T05:21:50.907+0000] {processor.py:829} INFO - Processing file /opt/airflow/dags/function/clova_function.py for tasks to queue
[2024-01-16T05:21:50.908+0000] {logging_mixin.py:154} INFO - [2024-01-16T05:21:50.908+0000] {dagbag.py:536} INFO - Filling up the DagBag from /opt/airflow/dags/function/clova_function.py
[2024-01-16T05:21:50.920+0000] {logging_mixin.py:154} INFO - [2024-01-16T05:21:50.918+0000] {dagbag.py:346} ERROR - Failed to import: /opt/airflow/dags/function/clova_function.py
Traceback (most recent call last):
  File "/home/airflow/.local/lib/python3.9/site-packages/airflow/models/dagbag.py", line 342, in parse
    loader.exec_module(new_module)
  File "<frozen importlib._bootstrap_external>", line 850, in exec_module
  File "<frozen importlib._bootstrap>", line 228, in _call_with_frames_removed
  File "/opt/airflow/dags/function/clova_function.py", line 4, in <module>
    import pymysql
ModuleNotFoundError: No module named 'pymysql'
[2024-01-16T05:21:50.921+0000] {processor.py:841} WARNING - No viable dags retrieved from /opt/airflow/dags/function/clova_function.py
[2024-01-16T05:21:50.956+0000] {processor.py:179} INFO - Processing /opt/airflow/dags/function/clova_function.py took 0.054 seconds
[2024-01-16T05:22:21.221+0000] {processor.py:157} INFO - Started process (PID=1451) to work on /opt/airflow/dags/function/clova_function.py
[2024-01-16T05:22:21.223+0000] {processor.py:829} INFO - Processing file /opt/airflow/dags/function/clova_function.py for tasks to queue
[2024-01-16T05:22:21.224+0000] {logging_mixin.py:154} INFO - [2024-01-16T05:22:21.224+0000] {dagbag.py:536} INFO - Filling up the DagBag from /opt/airflow/dags/function/clova_function.py
[2024-01-16T05:22:21.236+0000] {logging_mixin.py:154} INFO - [2024-01-16T05:22:21.234+0000] {dagbag.py:346} ERROR - Failed to import: /opt/airflow/dags/function/clova_function.py
Traceback (most recent call last):
  File "/home/airflow/.local/lib/python3.9/site-packages/airflow/models/dagbag.py", line 342, in parse
    loader.exec_module(new_module)
  File "<frozen importlib._bootstrap_external>", line 850, in exec_module
  File "<frozen importlib._bootstrap>", line 228, in _call_with_frames_removed
  File "/opt/airflow/dags/function/clova_function.py", line 4, in <module>
    import pymysql
ModuleNotFoundError: No module named 'pymysql'
[2024-01-16T05:22:21.237+0000] {processor.py:841} WARNING - No viable dags retrieved from /opt/airflow/dags/function/clova_function.py
[2024-01-16T05:22:21.261+0000] {processor.py:179} INFO - Processing /opt/airflow/dags/function/clova_function.py took 0.044 seconds
[2024-01-16T05:22:51.529+0000] {processor.py:157} INFO - Started process (PID=1460) to work on /opt/airflow/dags/function/clova_function.py
[2024-01-16T05:22:51.531+0000] {processor.py:829} INFO - Processing file /opt/airflow/dags/function/clova_function.py for tasks to queue
[2024-01-16T05:22:51.533+0000] {logging_mixin.py:154} INFO - [2024-01-16T05:22:51.532+0000] {dagbag.py:536} INFO - Filling up the DagBag from /opt/airflow/dags/function/clova_function.py
[2024-01-16T05:22:51.545+0000] {logging_mixin.py:154} INFO - [2024-01-16T05:22:51.542+0000] {dagbag.py:346} ERROR - Failed to import: /opt/airflow/dags/function/clova_function.py
Traceback (most recent call last):
  File "/home/airflow/.local/lib/python3.9/site-packages/airflow/models/dagbag.py", line 342, in parse
    loader.exec_module(new_module)
  File "<frozen importlib._bootstrap_external>", line 850, in exec_module
  File "<frozen importlib._bootstrap>", line 228, in _call_with_frames_removed
  File "/opt/airflow/dags/function/clova_function.py", line 4, in <module>
    import pymysql
ModuleNotFoundError: No module named 'pymysql'
[2024-01-16T05:22:51.546+0000] {processor.py:841} WARNING - No viable dags retrieved from /opt/airflow/dags/function/clova_function.py
[2024-01-16T05:22:51.571+0000] {processor.py:179} INFO - Processing /opt/airflow/dags/function/clova_function.py took 0.047 seconds
[2024-01-16T05:23:21.850+0000] {processor.py:157} INFO - Started process (PID=1468) to work on /opt/airflow/dags/function/clova_function.py
[2024-01-16T05:23:21.852+0000] {processor.py:829} INFO - Processing file /opt/airflow/dags/function/clova_function.py for tasks to queue
[2024-01-16T05:23:21.853+0000] {logging_mixin.py:154} INFO - [2024-01-16T05:23:21.853+0000] {dagbag.py:536} INFO - Filling up the DagBag from /opt/airflow/dags/function/clova_function.py
[2024-01-16T05:23:21.864+0000] {logging_mixin.py:154} INFO - [2024-01-16T05:23:21.862+0000] {dagbag.py:346} ERROR - Failed to import: /opt/airflow/dags/function/clova_function.py
Traceback (most recent call last):
  File "/home/airflow/.local/lib/python3.9/site-packages/airflow/models/dagbag.py", line 342, in parse
    loader.exec_module(new_module)
  File "<frozen importlib._bootstrap_external>", line 850, in exec_module
  File "<frozen importlib._bootstrap>", line 228, in _call_with_frames_removed
  File "/opt/airflow/dags/function/clova_function.py", line 4, in <module>
    import pymysql
ModuleNotFoundError: No module named 'pymysql'
[2024-01-16T05:23:21.865+0000] {processor.py:841} WARNING - No viable dags retrieved from /opt/airflow/dags/function/clova_function.py
[2024-01-16T05:23:21.888+0000] {processor.py:179} INFO - Processing /opt/airflow/dags/function/clova_function.py took 0.042 seconds
[2024-01-16T05:23:52.284+0000] {processor.py:157} INFO - Started process (PID=1476) to work on /opt/airflow/dags/function/clova_function.py
[2024-01-16T05:23:52.286+0000] {processor.py:829} INFO - Processing file /opt/airflow/dags/function/clova_function.py for tasks to queue
[2024-01-16T05:23:52.287+0000] {logging_mixin.py:154} INFO - [2024-01-16T05:23:52.287+0000] {dagbag.py:536} INFO - Filling up the DagBag from /opt/airflow/dags/function/clova_function.py
[2024-01-16T05:23:52.300+0000] {logging_mixin.py:154} INFO - [2024-01-16T05:23:52.298+0000] {dagbag.py:346} ERROR - Failed to import: /opt/airflow/dags/function/clova_function.py
Traceback (most recent call last):
  File "/home/airflow/.local/lib/python3.9/site-packages/airflow/models/dagbag.py", line 342, in parse
    loader.exec_module(new_module)
  File "<frozen importlib._bootstrap_external>", line 850, in exec_module
  File "<frozen importlib._bootstrap>", line 228, in _call_with_frames_removed
  File "/opt/airflow/dags/function/clova_function.py", line 4, in <module>
    import pymysql
ModuleNotFoundError: No module named 'pymysql'
[2024-01-16T05:23:52.300+0000] {processor.py:841} WARNING - No viable dags retrieved from /opt/airflow/dags/function/clova_function.py
[2024-01-16T05:23:52.323+0000] {processor.py:179} INFO - Processing /opt/airflow/dags/function/clova_function.py took 0.043 seconds
[2024-01-16T06:32:43.891+0000] {processor.py:157} INFO - Started process (PID=39) to work on /opt/airflow/dags/function/clova_function.py
[2024-01-16T06:32:43.903+0000] {processor.py:829} INFO - Processing file /opt/airflow/dags/function/clova_function.py for tasks to queue
[2024-01-16T06:32:43.909+0000] {logging_mixin.py:154} INFO - [2024-01-16T06:32:43.909+0000] {dagbag.py:536} INFO - Filling up the DagBag from /opt/airflow/dags/function/clova_function.py
[2024-01-16T06:32:48.211+0000] {logging_mixin.py:154} INFO - [2024-01-16T06:32:48.211+0000] {process_utils.py:259} INFO - Waiting up to 5 seconds for processes to exit...
[2024-01-16T06:33:27.450+0000] {processor.py:157} INFO - Started process (PID=38) to work on /opt/airflow/dags/function/clova_function.py
[2024-01-16T06:33:27.454+0000] {processor.py:829} INFO - Processing file /opt/airflow/dags/function/clova_function.py for tasks to queue
[2024-01-16T06:33:27.461+0000] {logging_mixin.py:154} INFO - [2024-01-16T06:33:27.461+0000] {dagbag.py:536} INFO - Filling up the DagBag from /opt/airflow/dags/function/clova_function.py
[2024-01-16T06:33:29.898+0000] {processor.py:841} WARNING - No viable dags retrieved from /opt/airflow/dags/function/clova_function.py
[2024-01-16T06:33:29.924+0000] {processor.py:179} INFO - Processing /opt/airflow/dags/function/clova_function.py took 2.484 seconds
[2024-01-16T06:34:00.586+0000] {processor.py:157} INFO - Started process (PID=49) to work on /opt/airflow/dags/function/clova_function.py
[2024-01-16T06:34:00.588+0000] {processor.py:829} INFO - Processing file /opt/airflow/dags/function/clova_function.py for tasks to queue
[2024-01-16T06:34:00.595+0000] {logging_mixin.py:154} INFO - [2024-01-16T06:34:00.595+0000] {dagbag.py:536} INFO - Filling up the DagBag from /opt/airflow/dags/function/clova_function.py
[2024-01-16T06:34:01.643+0000] {processor.py:841} WARNING - No viable dags retrieved from /opt/airflow/dags/function/clova_function.py
[2024-01-16T06:34:01.672+0000] {processor.py:179} INFO - Processing /opt/airflow/dags/function/clova_function.py took 1.100 seconds
[2024-01-16T06:34:32.099+0000] {processor.py:157} INFO - Started process (PID=60) to work on /opt/airflow/dags/function/clova_function.py
[2024-01-16T06:34:32.110+0000] {processor.py:829} INFO - Processing file /opt/airflow/dags/function/clova_function.py for tasks to queue
[2024-01-16T06:34:32.125+0000] {logging_mixin.py:154} INFO - [2024-01-16T06:34:32.123+0000] {dagbag.py:536} INFO - Filling up the DagBag from /opt/airflow/dags/function/clova_function.py
[2024-01-16T06:34:36.045+0000] {processor.py:841} WARNING - No viable dags retrieved from /opt/airflow/dags/function/clova_function.py
[2024-01-16T06:34:36.137+0000] {processor.py:179} INFO - Processing /opt/airflow/dags/function/clova_function.py took 4.054 seconds
[2024-01-16T06:35:08.232+0000] {processor.py:157} INFO - Started process (PID=71) to work on /opt/airflow/dags/function/clova_function.py
[2024-01-16T06:35:08.299+0000] {processor.py:829} INFO - Processing file /opt/airflow/dags/function/clova_function.py for tasks to queue
[2024-01-16T06:35:08.534+0000] {logging_mixin.py:154} INFO - [2024-01-16T06:35:08.525+0000] {dagbag.py:536} INFO - Filling up the DagBag from /opt/airflow/dags/function/clova_function.py
[2024-01-16T06:35:13.280+0000] {processor.py:841} WARNING - No viable dags retrieved from /opt/airflow/dags/function/clova_function.py
[2024-01-16T06:35:13.323+0000] {processor.py:179} INFO - Processing /opt/airflow/dags/function/clova_function.py took 5.274 seconds
[2024-01-16T06:35:43.949+0000] {processor.py:157} INFO - Started process (PID=82) to work on /opt/airflow/dags/function/clova_function.py
[2024-01-16T06:35:43.952+0000] {processor.py:829} INFO - Processing file /opt/airflow/dags/function/clova_function.py for tasks to queue
[2024-01-16T06:35:43.976+0000] {logging_mixin.py:154} INFO - [2024-01-16T06:35:43.972+0000] {dagbag.py:536} INFO - Filling up the DagBag from /opt/airflow/dags/function/clova_function.py
[2024-01-16T06:35:56.784+0000] {processor.py:841} WARNING - No viable dags retrieved from /opt/airflow/dags/function/clova_function.py
[2024-01-16T06:35:59.838+0000] {processor.py:179} INFO - Processing /opt/airflow/dags/function/clova_function.py took 15.916 seconds
[2024-01-16T06:36:32.392+0000] {processor.py:157} INFO - Started process (PID=100) to work on /opt/airflow/dags/function/clova_function.py
[2024-01-16T06:36:32.433+0000] {processor.py:829} INFO - Processing file /opt/airflow/dags/function/clova_function.py for tasks to queue
[2024-01-16T06:36:32.560+0000] {logging_mixin.py:154} INFO - [2024-01-16T06:36:32.555+0000] {dagbag.py:536} INFO - Filling up the DagBag from /opt/airflow/dags/function/clova_function.py
[2024-01-16T06:36:42.119+0000] {processor.py:841} WARNING - No viable dags retrieved from /opt/airflow/dags/function/clova_function.py
[2024-01-16T06:36:42.316+0000] {processor.py:179} INFO - Processing /opt/airflow/dags/function/clova_function.py took 10.185 seconds
[2024-01-16T06:37:14.453+0000] {processor.py:157} INFO - Started process (PID=112) to work on /opt/airflow/dags/function/clova_function.py
[2024-01-16T06:37:14.500+0000] {processor.py:829} INFO - Processing file /opt/airflow/dags/function/clova_function.py for tasks to queue
[2024-01-16T06:37:14.651+0000] {logging_mixin.py:154} INFO - [2024-01-16T06:37:14.626+0000] {dagbag.py:536} INFO - Filling up the DagBag from /opt/airflow/dags/function/clova_function.py
[2024-01-16T06:37:32.283+0000] {processor.py:841} WARNING - No viable dags retrieved from /opt/airflow/dags/function/clova_function.py
[2024-01-16T06:37:32.772+0000] {processor.py:179} INFO - Processing /opt/airflow/dags/function/clova_function.py took 18.626 seconds
[2024-01-16T06:38:05.328+0000] {processor.py:157} INFO - Started process (PID=142) to work on /opt/airflow/dags/function/clova_function.py
[2024-01-16T06:38:05.374+0000] {processor.py:829} INFO - Processing file /opt/airflow/dags/function/clova_function.py for tasks to queue
[2024-01-16T06:38:05.640+0000] {logging_mixin.py:154} INFO - [2024-01-16T06:38:05.606+0000] {dagbag.py:536} INFO - Filling up the DagBag from /opt/airflow/dags/function/clova_function.py
[2024-01-16T06:38:19.252+0000] {processor.py:841} WARNING - No viable dags retrieved from /opt/airflow/dags/function/clova_function.py
[2024-01-16T06:38:19.919+0000] {processor.py:179} INFO - Processing /opt/airflow/dags/function/clova_function.py took 14.970 seconds
[2024-01-16T06:38:51.312+0000] {processor.py:157} INFO - Started process (PID=153) to work on /opt/airflow/dags/function/clova_function.py
[2024-01-16T06:38:51.321+0000] {processor.py:829} INFO - Processing file /opt/airflow/dags/function/clova_function.py for tasks to queue
[2024-01-16T06:38:51.377+0000] {logging_mixin.py:154} INFO - [2024-01-16T06:38:51.364+0000] {dagbag.py:536} INFO - Filling up the DagBag from /opt/airflow/dags/function/clova_function.py
[2024-01-16T06:39:03.205+0000] {processor.py:841} WARNING - No viable dags retrieved from /opt/airflow/dags/function/clova_function.py
[2024-01-16T06:39:03.880+0000] {processor.py:179} INFO - Processing /opt/airflow/dags/function/clova_function.py took 12.588 seconds
[2024-01-16T06:39:36.250+0000] {processor.py:157} INFO - Started process (PID=168) to work on /opt/airflow/dags/function/clova_function.py
[2024-01-16T06:39:36.273+0000] {processor.py:829} INFO - Processing file /opt/airflow/dags/function/clova_function.py for tasks to queue
[2024-01-16T06:39:36.402+0000] {logging_mixin.py:154} INFO - [2024-01-16T06:39:36.396+0000] {dagbag.py:536} INFO - Filling up the DagBag from /opt/airflow/dags/function/clova_function.py
[2024-01-16T06:39:47.946+0000] {processor.py:841} WARNING - No viable dags retrieved from /opt/airflow/dags/function/clova_function.py
[2024-01-16T06:39:48.071+0000] {processor.py:179} INFO - Processing /opt/airflow/dags/function/clova_function.py took 12.111 seconds
[2024-01-16T06:40:18.342+0000] {processor.py:157} INFO - Started process (PID=198) to work on /opt/airflow/dags/function/clova_function.py
[2024-01-16T06:40:18.349+0000] {processor.py:829} INFO - Processing file /opt/airflow/dags/function/clova_function.py for tasks to queue
[2024-01-16T06:40:18.366+0000] {logging_mixin.py:154} INFO - [2024-01-16T06:40:18.364+0000] {dagbag.py:536} INFO - Filling up the DagBag from /opt/airflow/dags/function/clova_function.py
[2024-01-16T06:40:19.550+0000] {processor.py:841} WARNING - No viable dags retrieved from /opt/airflow/dags/function/clova_function.py
[2024-01-16T06:40:19.593+0000] {processor.py:179} INFO - Processing /opt/airflow/dags/function/clova_function.py took 1.270 seconds
[2024-01-16T06:40:52.084+0000] {processor.py:157} INFO - Started process (PID=209) to work on /opt/airflow/dags/function/clova_function.py
[2024-01-16T06:40:52.255+0000] {processor.py:829} INFO - Processing file /opt/airflow/dags/function/clova_function.py for tasks to queue
[2024-01-16T06:40:52.463+0000] {logging_mixin.py:154} INFO - [2024-01-16T06:40:52.446+0000] {dagbag.py:536} INFO - Filling up the DagBag from /opt/airflow/dags/function/clova_function.py
[2024-01-16T06:41:07.526+0000] {processor.py:841} WARNING - No viable dags retrieved from /opt/airflow/dags/function/clova_function.py
[2024-01-16T06:41:08.021+0000] {processor.py:179} INFO - Processing /opt/airflow/dags/function/clova_function.py took 16.635 seconds
[2024-01-16T06:41:16.525+0000] {processor.py:157} INFO - Started process (PID=220) to work on /opt/airflow/dags/function/clova_function.py
[2024-01-16T06:41:16.565+0000] {processor.py:829} INFO - Processing file /opt/airflow/dags/function/clova_function.py for tasks to queue
[2024-01-16T06:41:16.777+0000] {logging_mixin.py:154} INFO - [2024-01-16T06:41:16.771+0000] {dagbag.py:536} INFO - Filling up the DagBag from /opt/airflow/dags/function/clova_function.py
[2024-01-16T06:41:34.165+0000] {processor.py:841} WARNING - No viable dags retrieved from /opt/airflow/dags/function/clova_function.py
[2024-01-16T06:41:34.351+0000] {processor.py:179} INFO - Processing /opt/airflow/dags/function/clova_function.py took 18.388 seconds
[2024-01-16T06:42:06.111+0000] {processor.py:157} INFO - Started process (PID=231) to work on /opt/airflow/dags/function/clova_function.py
[2024-01-16T06:42:06.192+0000] {processor.py:829} INFO - Processing file /opt/airflow/dags/function/clova_function.py for tasks to queue
[2024-01-16T06:42:06.339+0000] {logging_mixin.py:154} INFO - [2024-01-16T06:42:06.324+0000] {dagbag.py:536} INFO - Filling up the DagBag from /opt/airflow/dags/function/clova_function.py
[2024-01-16T06:42:18.033+0000] {processor.py:841} WARNING - No viable dags retrieved from /opt/airflow/dags/function/clova_function.py
[2024-01-16T06:42:18.391+0000] {processor.py:179} INFO - Processing /opt/airflow/dags/function/clova_function.py took 12.906 seconds
[2024-01-16T06:42:48.684+0000] {processor.py:157} INFO - Started process (PID=249) to work on /opt/airflow/dags/function/clova_function.py
[2024-01-16T06:42:48.688+0000] {processor.py:829} INFO - Processing file /opt/airflow/dags/function/clova_function.py for tasks to queue
[2024-01-16T06:42:48.703+0000] {logging_mixin.py:154} INFO - [2024-01-16T06:42:48.696+0000] {dagbag.py:536} INFO - Filling up the DagBag from /opt/airflow/dags/function/clova_function.py
[2024-01-16T06:42:58.292+0000] {processor.py:841} WARNING - No viable dags retrieved from /opt/airflow/dags/function/clova_function.py
[2024-01-16T06:42:58.409+0000] {processor.py:179} INFO - Processing /opt/airflow/dags/function/clova_function.py took 9.751 seconds
[2024-01-16T06:42:59.402+0000] {processor.py:157} INFO - Started process (PID=253) to work on /opt/airflow/dags/function/clova_function.py
[2024-01-16T06:42:59.404+0000] {processor.py:829} INFO - Processing file /opt/airflow/dags/function/clova_function.py for tasks to queue
[2024-01-16T06:42:59.413+0000] {logging_mixin.py:154} INFO - [2024-01-16T06:42:59.412+0000] {dagbag.py:536} INFO - Filling up the DagBag from /opt/airflow/dags/function/clova_function.py
[2024-01-16T06:43:00.511+0000] {processor.py:841} WARNING - No viable dags retrieved from /opt/airflow/dags/function/clova_function.py
[2024-01-16T06:43:00.531+0000] {processor.py:179} INFO - Processing /opt/airflow/dags/function/clova_function.py took 1.137 seconds
[2024-01-16T06:43:31.260+0000] {processor.py:157} INFO - Started process (PID=264) to work on /opt/airflow/dags/function/clova_function.py
[2024-01-16T06:43:31.264+0000] {processor.py:829} INFO - Processing file /opt/airflow/dags/function/clova_function.py for tasks to queue
[2024-01-16T06:43:31.272+0000] {logging_mixin.py:154} INFO - [2024-01-16T06:43:31.271+0000] {dagbag.py:536} INFO - Filling up the DagBag from /opt/airflow/dags/function/clova_function.py
[2024-01-16T06:43:32.964+0000] {processor.py:841} WARNING - No viable dags retrieved from /opt/airflow/dags/function/clova_function.py
[2024-01-16T06:43:32.984+0000] {processor.py:179} INFO - Processing /opt/airflow/dags/function/clova_function.py took 1.736 seconds
[2024-01-16T06:44:03.177+0000] {processor.py:157} INFO - Started process (PID=278) to work on /opt/airflow/dags/function/clova_function.py
[2024-01-16T06:44:03.186+0000] {processor.py:829} INFO - Processing file /opt/airflow/dags/function/clova_function.py for tasks to queue
[2024-01-16T06:44:03.221+0000] {logging_mixin.py:154} INFO - [2024-01-16T06:44:03.220+0000] {dagbag.py:536} INFO - Filling up the DagBag from /opt/airflow/dags/function/clova_function.py
[2024-01-16T06:44:05.108+0000] {processor.py:841} WARNING - No viable dags retrieved from /opt/airflow/dags/function/clova_function.py
[2024-01-16T06:44:05.180+0000] {processor.py:179} INFO - Processing /opt/airflow/dags/function/clova_function.py took 2.044 seconds
[2024-01-16T06:44:35.557+0000] {processor.py:157} INFO - Started process (PID=289) to work on /opt/airflow/dags/function/clova_function.py
[2024-01-16T06:44:35.560+0000] {processor.py:829} INFO - Processing file /opt/airflow/dags/function/clova_function.py for tasks to queue
[2024-01-16T06:44:35.602+0000] {logging_mixin.py:154} INFO - [2024-01-16T06:44:35.601+0000] {dagbag.py:536} INFO - Filling up the DagBag from /opt/airflow/dags/function/clova_function.py
[2024-01-16T06:44:36.416+0000] {processor.py:841} WARNING - No viable dags retrieved from /opt/airflow/dags/function/clova_function.py
[2024-01-16T06:44:36.441+0000] {processor.py:179} INFO - Processing /opt/airflow/dags/function/clova_function.py took 0.892 seconds
[2024-01-16T06:45:06.912+0000] {processor.py:157} INFO - Started process (PID=300) to work on /opt/airflow/dags/function/clova_function.py
[2024-01-16T06:45:06.917+0000] {processor.py:829} INFO - Processing file /opt/airflow/dags/function/clova_function.py for tasks to queue
[2024-01-16T06:45:06.922+0000] {logging_mixin.py:154} INFO - [2024-01-16T06:45:06.921+0000] {dagbag.py:536} INFO - Filling up the DagBag from /opt/airflow/dags/function/clova_function.py
[2024-01-16T06:45:08.755+0000] {processor.py:841} WARNING - No viable dags retrieved from /opt/airflow/dags/function/clova_function.py
[2024-01-16T06:45:08.804+0000] {processor.py:179} INFO - Processing /opt/airflow/dags/function/clova_function.py took 1.897 seconds
[2024-01-16T06:45:39.396+0000] {processor.py:157} INFO - Started process (PID=315) to work on /opt/airflow/dags/function/clova_function.py
[2024-01-16T06:45:39.398+0000] {processor.py:829} INFO - Processing file /opt/airflow/dags/function/clova_function.py for tasks to queue
[2024-01-16T06:45:39.417+0000] {logging_mixin.py:154} INFO - [2024-01-16T06:45:39.416+0000] {dagbag.py:536} INFO - Filling up the DagBag from /opt/airflow/dags/function/clova_function.py
[2024-01-16T06:45:40.082+0000] {processor.py:841} WARNING - No viable dags retrieved from /opt/airflow/dags/function/clova_function.py
[2024-01-16T06:45:40.099+0000] {processor.py:179} INFO - Processing /opt/airflow/dags/function/clova_function.py took 0.711 seconds
[2024-01-16T06:46:10.501+0000] {processor.py:157} INFO - Started process (PID=326) to work on /opt/airflow/dags/function/clova_function.py
[2024-01-16T06:46:10.505+0000] {processor.py:829} INFO - Processing file /opt/airflow/dags/function/clova_function.py for tasks to queue
[2024-01-16T06:46:10.510+0000] {logging_mixin.py:154} INFO - [2024-01-16T06:46:10.509+0000] {dagbag.py:536} INFO - Filling up the DagBag from /opt/airflow/dags/function/clova_function.py
[2024-01-16T06:46:11.393+0000] {processor.py:841} WARNING - No viable dags retrieved from /opt/airflow/dags/function/clova_function.py
[2024-01-16T06:46:11.417+0000] {processor.py:179} INFO - Processing /opt/airflow/dags/function/clova_function.py took 0.926 seconds
[2024-01-16T06:46:41.901+0000] {processor.py:157} INFO - Started process (PID=337) to work on /opt/airflow/dags/function/clova_function.py
[2024-01-16T06:46:41.905+0000] {processor.py:829} INFO - Processing file /opt/airflow/dags/function/clova_function.py for tasks to queue
[2024-01-16T06:46:41.914+0000] {logging_mixin.py:154} INFO - [2024-01-16T06:46:41.914+0000] {dagbag.py:536} INFO - Filling up the DagBag from /opt/airflow/dags/function/clova_function.py
[2024-01-16T06:46:44.822+0000] {processor.py:841} WARNING - No viable dags retrieved from /opt/airflow/dags/function/clova_function.py
[2024-01-16T06:46:44.868+0000] {processor.py:179} INFO - Processing /opt/airflow/dags/function/clova_function.py took 2.983 seconds
[2024-01-16T06:47:15.468+0000] {processor.py:157} INFO - Started process (PID=347) to work on /opt/airflow/dags/function/clova_function.py
[2024-01-16T06:47:15.482+0000] {processor.py:829} INFO - Processing file /opt/airflow/dags/function/clova_function.py for tasks to queue
[2024-01-16T06:47:15.588+0000] {logging_mixin.py:154} INFO - [2024-01-16T06:47:15.574+0000] {dagbag.py:536} INFO - Filling up the DagBag from /opt/airflow/dags/function/clova_function.py
[2024-01-16T06:47:20.948+0000] {processor.py:841} WARNING - No viable dags retrieved from /opt/airflow/dags/function/clova_function.py
[2024-01-16T06:47:21.034+0000] {processor.py:179} INFO - Processing /opt/airflow/dags/function/clova_function.py took 5.591 seconds
[2024-01-16T06:47:52.192+0000] {processor.py:157} INFO - Started process (PID=366) to work on /opt/airflow/dags/function/clova_function.py
[2024-01-16T06:47:52.225+0000] {processor.py:829} INFO - Processing file /opt/airflow/dags/function/clova_function.py for tasks to queue
[2024-01-16T06:47:52.273+0000] {logging_mixin.py:154} INFO - [2024-01-16T06:47:52.259+0000] {dagbag.py:536} INFO - Filling up the DagBag from /opt/airflow/dags/function/clova_function.py
[2024-01-16T06:47:59.064+0000] {processor.py:841} WARNING - No viable dags retrieved from /opt/airflow/dags/function/clova_function.py
[2024-01-16T06:47:59.198+0000] {processor.py:179} INFO - Processing /opt/airflow/dags/function/clova_function.py took 7.070 seconds
[2024-01-16T06:48:30.277+0000] {processor.py:157} INFO - Started process (PID=377) to work on /opt/airflow/dags/function/clova_function.py
[2024-01-16T06:48:30.356+0000] {processor.py:829} INFO - Processing file /opt/airflow/dags/function/clova_function.py for tasks to queue
[2024-01-16T06:48:30.539+0000] {logging_mixin.py:154} INFO - [2024-01-16T06:48:30.516+0000] {dagbag.py:536} INFO - Filling up the DagBag from /opt/airflow/dags/function/clova_function.py
[2024-01-16T06:48:37.468+0000] {processor.py:841} WARNING - No viable dags retrieved from /opt/airflow/dags/function/clova_function.py
[2024-01-16T06:48:37.614+0000] {processor.py:179} INFO - Processing /opt/airflow/dags/function/clova_function.py took 7.433 seconds
[2024-01-16T06:49:09.198+0000] {processor.py:157} INFO - Started process (PID=389) to work on /opt/airflow/dags/function/clova_function.py
[2024-01-16T06:49:09.238+0000] {processor.py:829} INFO - Processing file /opt/airflow/dags/function/clova_function.py for tasks to queue
[2024-01-16T06:49:09.395+0000] {logging_mixin.py:154} INFO - [2024-01-16T06:49:09.384+0000] {dagbag.py:536} INFO - Filling up the DagBag from /opt/airflow/dags/function/clova_function.py
[2024-01-16T06:49:18.161+0000] {processor.py:841} WARNING - No viable dags retrieved from /opt/airflow/dags/function/clova_function.py
[2024-01-16T06:49:18.456+0000] {processor.py:179} INFO - Processing /opt/airflow/dags/function/clova_function.py took 9.367 seconds
[2024-01-16T06:49:49.751+0000] {processor.py:157} INFO - Started process (PID=400) to work on /opt/airflow/dags/function/clova_function.py
[2024-01-16T06:49:49.767+0000] {processor.py:829} INFO - Processing file /opt/airflow/dags/function/clova_function.py for tasks to queue
[2024-01-16T06:49:49.834+0000] {logging_mixin.py:154} INFO - [2024-01-16T06:49:49.822+0000] {dagbag.py:536} INFO - Filling up the DagBag from /opt/airflow/dags/function/clova_function.py
[2024-01-16T06:50:04.726+0000] {processor.py:841} WARNING - No viable dags retrieved from /opt/airflow/dags/function/clova_function.py
[2024-01-16T06:50:04.934+0000] {processor.py:179} INFO - Processing /opt/airflow/dags/function/clova_function.py took 15.247 seconds
[2024-01-16T06:50:37.053+0000] {processor.py:157} INFO - Started process (PID=419) to work on /opt/airflow/dags/function/clova_function.py
[2024-01-16T06:50:37.109+0000] {processor.py:829} INFO - Processing file /opt/airflow/dags/function/clova_function.py for tasks to queue
[2024-01-16T06:50:37.258+0000] {logging_mixin.py:154} INFO - [2024-01-16T06:50:37.249+0000] {dagbag.py:536} INFO - Filling up the DagBag from /opt/airflow/dags/function/clova_function.py
[2024-01-16T06:50:49.204+0000] {processor.py:841} WARNING - No viable dags retrieved from /opt/airflow/dags/function/clova_function.py
[2024-01-16T06:50:49.851+0000] {processor.py:179} INFO - Processing /opt/airflow/dags/function/clova_function.py took 12.968 seconds
[2024-01-16T06:51:20.651+0000] {processor.py:157} INFO - Started process (PID=430) to work on /opt/airflow/dags/function/clova_function.py
[2024-01-16T06:51:20.684+0000] {processor.py:829} INFO - Processing file /opt/airflow/dags/function/clova_function.py for tasks to queue
[2024-01-16T06:51:20.701+0000] {logging_mixin.py:154} INFO - [2024-01-16T06:51:20.699+0000] {dagbag.py:536} INFO - Filling up the DagBag from /opt/airflow/dags/function/clova_function.py
[2024-01-16T06:51:30.320+0000] {processor.py:841} WARNING - No viable dags retrieved from /opt/airflow/dags/function/clova_function.py
[2024-01-16T06:51:30.735+0000] {processor.py:179} INFO - Processing /opt/airflow/dags/function/clova_function.py took 10.118 seconds
[2024-01-16T06:52:01.580+0000] {processor.py:157} INFO - Started process (PID=441) to work on /opt/airflow/dags/function/clova_function.py
[2024-01-16T06:52:01.584+0000] {processor.py:829} INFO - Processing file /opt/airflow/dags/function/clova_function.py for tasks to queue
[2024-01-16T06:52:01.595+0000] {logging_mixin.py:154} INFO - [2024-01-16T06:52:01.595+0000] {dagbag.py:536} INFO - Filling up the DagBag from /opt/airflow/dags/function/clova_function.py
[2024-01-16T06:52:02.857+0000] {processor.py:841} WARNING - No viable dags retrieved from /opt/airflow/dags/function/clova_function.py
[2024-01-16T06:52:02.880+0000] {processor.py:179} INFO - Processing /opt/airflow/dags/function/clova_function.py took 1.314 seconds
[2024-01-16T06:52:33.157+0000] {processor.py:157} INFO - Started process (PID=459) to work on /opt/airflow/dags/function/clova_function.py
[2024-01-16T06:52:33.160+0000] {processor.py:829} INFO - Processing file /opt/airflow/dags/function/clova_function.py for tasks to queue
[2024-01-16T06:52:33.165+0000] {logging_mixin.py:154} INFO - [2024-01-16T06:52:33.165+0000] {dagbag.py:536} INFO - Filling up the DagBag from /opt/airflow/dags/function/clova_function.py
[2024-01-16T06:52:34.529+0000] {processor.py:841} WARNING - No viable dags retrieved from /opt/airflow/dags/function/clova_function.py
[2024-01-16T06:52:34.581+0000] {processor.py:179} INFO - Processing /opt/airflow/dags/function/clova_function.py took 1.434 seconds
[2024-01-16T06:53:05.058+0000] {processor.py:157} INFO - Started process (PID=470) to work on /opt/airflow/dags/function/clova_function.py
[2024-01-16T06:53:05.066+0000] {processor.py:829} INFO - Processing file /opt/airflow/dags/function/clova_function.py for tasks to queue
[2024-01-16T06:53:05.105+0000] {logging_mixin.py:154} INFO - [2024-01-16T06:53:05.102+0000] {dagbag.py:536} INFO - Filling up the DagBag from /opt/airflow/dags/function/clova_function.py
[2024-01-16T06:53:10.034+0000] {processor.py:841} WARNING - No viable dags retrieved from /opt/airflow/dags/function/clova_function.py
[2024-01-16T06:53:10.135+0000] {processor.py:179} INFO - Processing /opt/airflow/dags/function/clova_function.py took 5.109 seconds
[2024-01-16T06:53:40.809+0000] {processor.py:157} INFO - Started process (PID=482) to work on /opt/airflow/dags/function/clova_function.py
[2024-01-16T06:53:40.824+0000] {processor.py:829} INFO - Processing file /opt/airflow/dags/function/clova_function.py for tasks to queue
[2024-01-16T06:53:40.884+0000] {logging_mixin.py:154} INFO - [2024-01-16T06:53:40.881+0000] {dagbag.py:536} INFO - Filling up the DagBag from /opt/airflow/dags/function/clova_function.py
[2024-01-16T06:53:43.148+0000] {processor.py:841} WARNING - No viable dags retrieved from /opt/airflow/dags/function/clova_function.py
[2024-01-16T06:53:43.192+0000] {processor.py:179} INFO - Processing /opt/airflow/dags/function/clova_function.py took 2.479 seconds
[2024-01-16T06:54:03.455+0000] {processor.py:157} INFO - Started process (PID=493) to work on /opt/airflow/dags/function/clova_function.py
[2024-01-16T06:54:03.459+0000] {processor.py:829} INFO - Processing file /opt/airflow/dags/function/clova_function.py for tasks to queue
[2024-01-16T06:54:03.474+0000] {logging_mixin.py:154} INFO - [2024-01-16T06:54:03.472+0000] {dagbag.py:536} INFO - Filling up the DagBag from /opt/airflow/dags/function/clova_function.py
[2024-01-16T06:54:04.586+0000] {processor.py:841} WARNING - No viable dags retrieved from /opt/airflow/dags/function/clova_function.py
[2024-01-16T06:54:04.627+0000] {processor.py:179} INFO - Processing /opt/airflow/dags/function/clova_function.py took 1.196 seconds
[2024-01-16T06:54:07.641+0000] {processor.py:157} INFO - Started process (PID=495) to work on /opt/airflow/dags/function/clova_function.py
[2024-01-16T06:54:07.647+0000] {processor.py:829} INFO - Processing file /opt/airflow/dags/function/clova_function.py for tasks to queue
[2024-01-16T06:54:07.661+0000] {logging_mixin.py:154} INFO - [2024-01-16T06:54:07.660+0000] {dagbag.py:536} INFO - Filling up the DagBag from /opt/airflow/dags/function/clova_function.py
[2024-01-16T06:54:08.784+0000] {processor.py:841} WARNING - No viable dags retrieved from /opt/airflow/dags/function/clova_function.py
[2024-01-16T06:54:08.819+0000] {processor.py:179} INFO - Processing /opt/airflow/dags/function/clova_function.py took 1.204 seconds
[2024-01-16T06:54:39.172+0000] {processor.py:157} INFO - Started process (PID=506) to work on /opt/airflow/dags/function/clova_function.py
[2024-01-16T06:54:39.175+0000] {processor.py:829} INFO - Processing file /opt/airflow/dags/function/clova_function.py for tasks to queue
[2024-01-16T06:54:39.182+0000] {logging_mixin.py:154} INFO - [2024-01-16T06:54:39.181+0000] {dagbag.py:536} INFO - Filling up the DagBag from /opt/airflow/dags/function/clova_function.py
[2024-01-16T06:54:40.305+0000] {processor.py:841} WARNING - No viable dags retrieved from /opt/airflow/dags/function/clova_function.py
[2024-01-16T06:54:40.332+0000] {processor.py:179} INFO - Processing /opt/airflow/dags/function/clova_function.py took 1.170 seconds
[2024-01-16T06:55:10.569+0000] {processor.py:157} INFO - Started process (PID=517) to work on /opt/airflow/dags/function/clova_function.py
[2024-01-16T06:55:10.572+0000] {processor.py:829} INFO - Processing file /opt/airflow/dags/function/clova_function.py for tasks to queue
[2024-01-16T06:55:10.575+0000] {logging_mixin.py:154} INFO - [2024-01-16T06:55:10.575+0000] {dagbag.py:536} INFO - Filling up the DagBag from /opt/airflow/dags/function/clova_function.py
[2024-01-16T06:55:11.165+0000] {processor.py:841} WARNING - No viable dags retrieved from /opt/airflow/dags/function/clova_function.py
[2024-01-16T06:55:11.181+0000] {processor.py:179} INFO - Processing /opt/airflow/dags/function/clova_function.py took 0.619 seconds
[2024-01-16T06:55:41.550+0000] {processor.py:157} INFO - Started process (PID=528) to work on /opt/airflow/dags/function/clova_function.py
[2024-01-16T06:55:41.554+0000] {processor.py:829} INFO - Processing file /opt/airflow/dags/function/clova_function.py for tasks to queue
[2024-01-16T06:55:41.566+0000] {logging_mixin.py:154} INFO - [2024-01-16T06:55:41.565+0000] {dagbag.py:536} INFO - Filling up the DagBag from /opt/airflow/dags/function/clova_function.py
[2024-01-16T06:55:43.116+0000] {processor.py:841} WARNING - No viable dags retrieved from /opt/airflow/dags/function/clova_function.py
[2024-01-16T06:55:43.148+0000] {processor.py:179} INFO - Processing /opt/airflow/dags/function/clova_function.py took 1.606 seconds
[2024-01-16T06:56:13.447+0000] {processor.py:157} INFO - Started process (PID=539) to work on /opt/airflow/dags/function/clova_function.py
[2024-01-16T06:56:13.457+0000] {processor.py:829} INFO - Processing file /opt/airflow/dags/function/clova_function.py for tasks to queue
[2024-01-16T06:56:13.481+0000] {logging_mixin.py:154} INFO - [2024-01-16T06:56:13.480+0000] {dagbag.py:536} INFO - Filling up the DagBag from /opt/airflow/dags/function/clova_function.py
[2024-01-16T06:56:15.443+0000] {processor.py:841} WARNING - No viable dags retrieved from /opt/airflow/dags/function/clova_function.py
[2024-01-16T06:56:15.475+0000] {processor.py:179} INFO - Processing /opt/airflow/dags/function/clova_function.py took 2.057 seconds
[2024-01-16T06:56:45.774+0000] {processor.py:157} INFO - Started process (PID=550) to work on /opt/airflow/dags/function/clova_function.py
[2024-01-16T06:56:45.777+0000] {processor.py:829} INFO - Processing file /opt/airflow/dags/function/clova_function.py for tasks to queue
[2024-01-16T06:56:45.782+0000] {logging_mixin.py:154} INFO - [2024-01-16T06:56:45.781+0000] {dagbag.py:536} INFO - Filling up the DagBag from /opt/airflow/dags/function/clova_function.py
[2024-01-16T06:56:46.881+0000] {processor.py:841} WARNING - No viable dags retrieved from /opt/airflow/dags/function/clova_function.py
[2024-01-16T06:56:46.912+0000] {processor.py:179} INFO - Processing /opt/airflow/dags/function/clova_function.py took 1.145 seconds
[2024-01-16T06:57:17.899+0000] {processor.py:157} INFO - Started process (PID=561) to work on /opt/airflow/dags/function/clova_function.py
[2024-01-16T06:57:17.912+0000] {processor.py:829} INFO - Processing file /opt/airflow/dags/function/clova_function.py for tasks to queue
[2024-01-16T06:57:17.939+0000] {logging_mixin.py:154} INFO - [2024-01-16T06:57:17.936+0000] {dagbag.py:536} INFO - Filling up the DagBag from /opt/airflow/dags/function/clova_function.py
[2024-01-16T06:57:19.248+0000] {processor.py:841} WARNING - No viable dags retrieved from /opt/airflow/dags/function/clova_function.py
[2024-01-16T06:57:19.278+0000] {processor.py:179} INFO - Processing /opt/airflow/dags/function/clova_function.py took 1.407 seconds
[2024-01-16T06:57:49.688+0000] {processor.py:157} INFO - Started process (PID=572) to work on /opt/airflow/dags/function/clova_function.py
[2024-01-16T06:57:49.690+0000] {processor.py:829} INFO - Processing file /opt/airflow/dags/function/clova_function.py for tasks to queue
[2024-01-16T06:57:49.694+0000] {logging_mixin.py:154} INFO - [2024-01-16T06:57:49.694+0000] {dagbag.py:536} INFO - Filling up the DagBag from /opt/airflow/dags/function/clova_function.py
[2024-01-16T06:57:50.224+0000] {processor.py:841} WARNING - No viable dags retrieved from /opt/airflow/dags/function/clova_function.py
[2024-01-16T06:57:50.240+0000] {processor.py:179} INFO - Processing /opt/airflow/dags/function/clova_function.py took 0.557 seconds
[2024-01-16T06:58:20.549+0000] {processor.py:157} INFO - Started process (PID=585) to work on /opt/airflow/dags/function/clova_function.py
[2024-01-16T06:58:20.550+0000] {processor.py:829} INFO - Processing file /opt/airflow/dags/function/clova_function.py for tasks to queue
[2024-01-16T06:58:20.554+0000] {logging_mixin.py:154} INFO - [2024-01-16T06:58:20.553+0000] {dagbag.py:536} INFO - Filling up the DagBag from /opt/airflow/dags/function/clova_function.py
[2024-01-16T06:58:21.142+0000] {processor.py:841} WARNING - No viable dags retrieved from /opt/airflow/dags/function/clova_function.py
[2024-01-16T06:58:21.164+0000] {processor.py:179} INFO - Processing /opt/airflow/dags/function/clova_function.py took 0.620 seconds
[2024-01-16T06:58:51.477+0000] {processor.py:157} INFO - Started process (PID=596) to work on /opt/airflow/dags/function/clova_function.py
[2024-01-16T06:58:51.479+0000] {processor.py:829} INFO - Processing file /opt/airflow/dags/function/clova_function.py for tasks to queue
[2024-01-16T06:58:51.483+0000] {logging_mixin.py:154} INFO - [2024-01-16T06:58:51.482+0000] {dagbag.py:536} INFO - Filling up the DagBag from /opt/airflow/dags/function/clova_function.py
[2024-01-16T06:58:52.105+0000] {processor.py:841} WARNING - No viable dags retrieved from /opt/airflow/dags/function/clova_function.py
[2024-01-16T06:58:52.125+0000] {processor.py:179} INFO - Processing /opt/airflow/dags/function/clova_function.py took 0.653 seconds
[2024-01-16T06:59:22.420+0000] {processor.py:157} INFO - Started process (PID=607) to work on /opt/airflow/dags/function/clova_function.py
[2024-01-16T06:59:22.422+0000] {processor.py:829} INFO - Processing file /opt/airflow/dags/function/clova_function.py for tasks to queue
[2024-01-16T06:59:22.425+0000] {logging_mixin.py:154} INFO - [2024-01-16T06:59:22.425+0000] {dagbag.py:536} INFO - Filling up the DagBag from /opt/airflow/dags/function/clova_function.py
[2024-01-16T06:59:22.979+0000] {processor.py:841} WARNING - No viable dags retrieved from /opt/airflow/dags/function/clova_function.py
[2024-01-16T06:59:22.998+0000] {processor.py:179} INFO - Processing /opt/airflow/dags/function/clova_function.py took 0.583 seconds
[2024-01-16T06:59:39.146+0000] {processor.py:157} INFO - Started process (PID=618) to work on /opt/airflow/dags/function/clova_function.py
[2024-01-16T06:59:39.148+0000] {processor.py:829} INFO - Processing file /opt/airflow/dags/function/clova_function.py for tasks to queue
[2024-01-16T06:59:39.152+0000] {logging_mixin.py:154} INFO - [2024-01-16T06:59:39.151+0000] {dagbag.py:536} INFO - Filling up the DagBag from /opt/airflow/dags/function/clova_function.py
[2024-01-16T06:59:39.773+0000] {processor.py:841} WARNING - No viable dags retrieved from /opt/airflow/dags/function/clova_function.py
[2024-01-16T06:59:39.797+0000] {processor.py:179} INFO - Processing /opt/airflow/dags/function/clova_function.py took 0.656 seconds
[2024-01-16T07:00:10.084+0000] {processor.py:157} INFO - Started process (PID=629) to work on /opt/airflow/dags/function/clova_function.py
[2024-01-16T07:00:10.086+0000] {processor.py:829} INFO - Processing file /opt/airflow/dags/function/clova_function.py for tasks to queue
[2024-01-16T07:00:10.090+0000] {logging_mixin.py:154} INFO - [2024-01-16T07:00:10.089+0000] {dagbag.py:536} INFO - Filling up the DagBag from /opt/airflow/dags/function/clova_function.py
[2024-01-16T07:00:10.649+0000] {processor.py:841} WARNING - No viable dags retrieved from /opt/airflow/dags/function/clova_function.py
[2024-01-16T07:00:10.672+0000] {processor.py:179} INFO - Processing /opt/airflow/dags/function/clova_function.py took 0.593 seconds
[2024-01-16T07:00:41.086+0000] {processor.py:157} INFO - Started process (PID=640) to work on /opt/airflow/dags/function/clova_function.py
[2024-01-16T07:00:41.088+0000] {processor.py:829} INFO - Processing file /opt/airflow/dags/function/clova_function.py for tasks to queue
[2024-01-16T07:00:41.095+0000] {logging_mixin.py:154} INFO - [2024-01-16T07:00:41.095+0000] {dagbag.py:536} INFO - Filling up the DagBag from /opt/airflow/dags/function/clova_function.py
[2024-01-16T07:00:41.719+0000] {processor.py:841} WARNING - No viable dags retrieved from /opt/airflow/dags/function/clova_function.py
[2024-01-16T07:00:41.737+0000] {processor.py:179} INFO - Processing /opt/airflow/dags/function/clova_function.py took 0.659 seconds
[2024-01-16T07:01:11.786+0000] {processor.py:157} INFO - Started process (PID=655) to work on /opt/airflow/dags/function/clova_function.py
[2024-01-16T07:01:11.788+0000] {processor.py:829} INFO - Processing file /opt/airflow/dags/function/clova_function.py for tasks to queue
[2024-01-16T07:01:11.792+0000] {logging_mixin.py:154} INFO - [2024-01-16T07:01:11.791+0000] {dagbag.py:536} INFO - Filling up the DagBag from /opt/airflow/dags/function/clova_function.py
[2024-01-16T07:01:12.266+0000] {processor.py:841} WARNING - No viable dags retrieved from /opt/airflow/dags/function/clova_function.py
[2024-01-16T07:01:12.282+0000] {processor.py:179} INFO - Processing /opt/airflow/dags/function/clova_function.py took 0.501 seconds
[2024-01-16T07:01:42.579+0000] {processor.py:157} INFO - Started process (PID=666) to work on /opt/airflow/dags/function/clova_function.py
[2024-01-16T07:01:42.581+0000] {processor.py:829} INFO - Processing file /opt/airflow/dags/function/clova_function.py for tasks to queue
[2024-01-16T07:01:42.584+0000] {logging_mixin.py:154} INFO - [2024-01-16T07:01:42.584+0000] {dagbag.py:536} INFO - Filling up the DagBag from /opt/airflow/dags/function/clova_function.py
[2024-01-16T07:01:43.063+0000] {processor.py:841} WARNING - No viable dags retrieved from /opt/airflow/dags/function/clova_function.py
[2024-01-16T07:01:43.079+0000] {processor.py:179} INFO - Processing /opt/airflow/dags/function/clova_function.py took 0.504 seconds
[2024-01-16T07:02:13.360+0000] {processor.py:157} INFO - Started process (PID=677) to work on /opt/airflow/dags/function/clova_function.py
[2024-01-16T07:02:13.363+0000] {processor.py:829} INFO - Processing file /opt/airflow/dags/function/clova_function.py for tasks to queue
[2024-01-16T07:02:13.366+0000] {logging_mixin.py:154} INFO - [2024-01-16T07:02:13.366+0000] {dagbag.py:536} INFO - Filling up the DagBag from /opt/airflow/dags/function/clova_function.py
[2024-01-16T07:02:13.892+0000] {processor.py:841} WARNING - No viable dags retrieved from /opt/airflow/dags/function/clova_function.py
[2024-01-16T07:02:13.912+0000] {processor.py:179} INFO - Processing /opt/airflow/dags/function/clova_function.py took 0.558 seconds
[2024-01-16T07:02:43.960+0000] {processor.py:157} INFO - Started process (PID=688) to work on /opt/airflow/dags/function/clova_function.py
[2024-01-16T07:02:43.962+0000] {processor.py:829} INFO - Processing file /opt/airflow/dags/function/clova_function.py for tasks to queue
[2024-01-16T07:02:43.966+0000] {logging_mixin.py:154} INFO - [2024-01-16T07:02:43.965+0000] {dagbag.py:536} INFO - Filling up the DagBag from /opt/airflow/dags/function/clova_function.py
[2024-01-16T07:02:44.523+0000] {processor.py:841} WARNING - No viable dags retrieved from /opt/airflow/dags/function/clova_function.py
[2024-01-16T07:02:44.538+0000] {processor.py:179} INFO - Processing /opt/airflow/dags/function/clova_function.py took 0.585 seconds
[2024-01-16T07:03:15.111+0000] {processor.py:157} INFO - Started process (PID=701) to work on /opt/airflow/dags/function/clova_function.py
[2024-01-16T07:03:15.113+0000] {processor.py:829} INFO - Processing file /opt/airflow/dags/function/clova_function.py for tasks to queue
[2024-01-16T07:03:15.117+0000] {logging_mixin.py:154} INFO - [2024-01-16T07:03:15.116+0000] {dagbag.py:536} INFO - Filling up the DagBag from /opt/airflow/dags/function/clova_function.py
[2024-01-16T07:03:15.594+0000] {processor.py:841} WARNING - No viable dags retrieved from /opt/airflow/dags/function/clova_function.py
[2024-01-16T07:03:15.612+0000] {processor.py:179} INFO - Processing /opt/airflow/dags/function/clova_function.py took 0.506 seconds
[2024-01-16T07:03:45.809+0000] {processor.py:157} INFO - Started process (PID=712) to work on /opt/airflow/dags/function/clova_function.py
[2024-01-16T07:03:45.810+0000] {processor.py:829} INFO - Processing file /opt/airflow/dags/function/clova_function.py for tasks to queue
[2024-01-16T07:03:45.814+0000] {logging_mixin.py:154} INFO - [2024-01-16T07:03:45.813+0000] {dagbag.py:536} INFO - Filling up the DagBag from /opt/airflow/dags/function/clova_function.py
[2024-01-16T07:03:46.339+0000] {processor.py:841} WARNING - No viable dags retrieved from /opt/airflow/dags/function/clova_function.py
[2024-01-16T07:03:46.357+0000] {processor.py:179} INFO - Processing /opt/airflow/dags/function/clova_function.py took 0.553 seconds
[2024-01-16T07:04:16.692+0000] {processor.py:157} INFO - Started process (PID=723) to work on /opt/airflow/dags/function/clova_function.py
[2024-01-16T07:04:16.694+0000] {processor.py:829} INFO - Processing file /opt/airflow/dags/function/clova_function.py for tasks to queue
[2024-01-16T07:04:16.698+0000] {logging_mixin.py:154} INFO - [2024-01-16T07:04:16.697+0000] {dagbag.py:536} INFO - Filling up the DagBag from /opt/airflow/dags/function/clova_function.py
[2024-01-16T07:04:17.209+0000] {processor.py:841} WARNING - No viable dags retrieved from /opt/airflow/dags/function/clova_function.py
[2024-01-16T07:04:17.233+0000] {processor.py:179} INFO - Processing /opt/airflow/dags/function/clova_function.py took 0.547 seconds
[2024-01-16T07:04:47.694+0000] {processor.py:157} INFO - Started process (PID=736) to work on /opt/airflow/dags/function/clova_function.py
[2024-01-16T07:04:47.696+0000] {processor.py:829} INFO - Processing file /opt/airflow/dags/function/clova_function.py for tasks to queue
[2024-01-16T07:04:47.700+0000] {logging_mixin.py:154} INFO - [2024-01-16T07:04:47.700+0000] {dagbag.py:536} INFO - Filling up the DagBag from /opt/airflow/dags/function/clova_function.py
[2024-01-16T07:04:48.213+0000] {processor.py:841} WARNING - No viable dags retrieved from /opt/airflow/dags/function/clova_function.py
[2024-01-16T07:04:48.233+0000] {processor.py:179} INFO - Processing /opt/airflow/dags/function/clova_function.py took 0.543 seconds
[2024-01-16T07:05:18.971+0000] {processor.py:157} INFO - Started process (PID=749) to work on /opt/airflow/dags/function/clova_function.py
[2024-01-16T07:05:18.973+0000] {processor.py:829} INFO - Processing file /opt/airflow/dags/function/clova_function.py for tasks to queue
[2024-01-16T07:05:18.977+0000] {logging_mixin.py:154} INFO - [2024-01-16T07:05:18.976+0000] {dagbag.py:536} INFO - Filling up the DagBag from /opt/airflow/dags/function/clova_function.py
[2024-01-16T07:05:19.524+0000] {processor.py:841} WARNING - No viable dags retrieved from /opt/airflow/dags/function/clova_function.py
[2024-01-16T07:05:19.543+0000] {processor.py:179} INFO - Processing /opt/airflow/dags/function/clova_function.py took 0.577 seconds
[2024-01-16T07:05:49.858+0000] {processor.py:157} INFO - Started process (PID=760) to work on /opt/airflow/dags/function/clova_function.py
[2024-01-16T07:05:49.860+0000] {processor.py:829} INFO - Processing file /opt/airflow/dags/function/clova_function.py for tasks to queue
[2024-01-16T07:05:49.865+0000] {logging_mixin.py:154} INFO - [2024-01-16T07:05:49.864+0000] {dagbag.py:536} INFO - Filling up the DagBag from /opt/airflow/dags/function/clova_function.py
[2024-01-16T07:05:50.377+0000] {processor.py:841} WARNING - No viable dags retrieved from /opt/airflow/dags/function/clova_function.py
[2024-01-16T07:05:50.396+0000] {processor.py:179} INFO - Processing /opt/airflow/dags/function/clova_function.py took 0.542 seconds
[2024-01-16T07:06:20.681+0000] {processor.py:157} INFO - Started process (PID=771) to work on /opt/airflow/dags/function/clova_function.py
[2024-01-16T07:06:20.682+0000] {processor.py:829} INFO - Processing file /opt/airflow/dags/function/clova_function.py for tasks to queue
[2024-01-16T07:06:20.686+0000] {logging_mixin.py:154} INFO - [2024-01-16T07:06:20.685+0000] {dagbag.py:536} INFO - Filling up the DagBag from /opt/airflow/dags/function/clova_function.py
[2024-01-16T07:06:21.231+0000] {processor.py:841} WARNING - No viable dags retrieved from /opt/airflow/dags/function/clova_function.py
[2024-01-16T07:06:21.247+0000] {processor.py:179} INFO - Processing /opt/airflow/dags/function/clova_function.py took 0.571 seconds
[2024-01-16T07:06:51.588+0000] {processor.py:157} INFO - Started process (PID=782) to work on /opt/airflow/dags/function/clova_function.py
[2024-01-16T07:06:51.592+0000] {processor.py:829} INFO - Processing file /opt/airflow/dags/function/clova_function.py for tasks to queue
[2024-01-16T07:06:51.596+0000] {logging_mixin.py:154} INFO - [2024-01-16T07:06:51.596+0000] {dagbag.py:536} INFO - Filling up the DagBag from /opt/airflow/dags/function/clova_function.py
[2024-01-16T07:06:52.080+0000] {processor.py:841} WARNING - No viable dags retrieved from /opt/airflow/dags/function/clova_function.py
[2024-01-16T07:06:52.098+0000] {processor.py:179} INFO - Processing /opt/airflow/dags/function/clova_function.py took 0.514 seconds
[2024-01-16T07:07:22.874+0000] {processor.py:157} INFO - Started process (PID=793) to work on /opt/airflow/dags/function/clova_function.py
[2024-01-16T07:07:22.875+0000] {processor.py:829} INFO - Processing file /opt/airflow/dags/function/clova_function.py for tasks to queue
[2024-01-16T07:07:22.879+0000] {logging_mixin.py:154} INFO - [2024-01-16T07:07:22.879+0000] {dagbag.py:536} INFO - Filling up the DagBag from /opt/airflow/dags/function/clova_function.py
[2024-01-16T07:07:23.369+0000] {processor.py:841} WARNING - No viable dags retrieved from /opt/airflow/dags/function/clova_function.py
[2024-01-16T07:07:23.387+0000] {processor.py:179} INFO - Processing /opt/airflow/dags/function/clova_function.py took 0.518 seconds
[2024-01-16T07:07:53.758+0000] {processor.py:157} INFO - Started process (PID=804) to work on /opt/airflow/dags/function/clova_function.py
[2024-01-16T07:07:53.760+0000] {processor.py:829} INFO - Processing file /opt/airflow/dags/function/clova_function.py for tasks to queue
[2024-01-16T07:07:53.763+0000] {logging_mixin.py:154} INFO - [2024-01-16T07:07:53.763+0000] {dagbag.py:536} INFO - Filling up the DagBag from /opt/airflow/dags/function/clova_function.py
[2024-01-16T07:07:54.236+0000] {processor.py:841} WARNING - No viable dags retrieved from /opt/airflow/dags/function/clova_function.py
[2024-01-16T07:07:54.255+0000] {processor.py:179} INFO - Processing /opt/airflow/dags/function/clova_function.py took 0.502 seconds
[2024-01-16T07:08:24.576+0000] {processor.py:157} INFO - Started process (PID=815) to work on /opt/airflow/dags/function/clova_function.py
[2024-01-16T07:08:24.578+0000] {processor.py:829} INFO - Processing file /opt/airflow/dags/function/clova_function.py for tasks to queue
[2024-01-16T07:08:24.582+0000] {logging_mixin.py:154} INFO - [2024-01-16T07:08:24.581+0000] {dagbag.py:536} INFO - Filling up the DagBag from /opt/airflow/dags/function/clova_function.py
[2024-01-16T07:08:25.049+0000] {processor.py:841} WARNING - No viable dags retrieved from /opt/airflow/dags/function/clova_function.py
[2024-01-16T07:08:25.066+0000] {processor.py:179} INFO - Processing /opt/airflow/dags/function/clova_function.py took 0.495 seconds
[2024-01-16T07:08:55.364+0000] {processor.py:157} INFO - Started process (PID=826) to work on /opt/airflow/dags/function/clova_function.py
[2024-01-16T07:08:55.366+0000] {processor.py:829} INFO - Processing file /opt/airflow/dags/function/clova_function.py for tasks to queue
[2024-01-16T07:08:55.370+0000] {logging_mixin.py:154} INFO - [2024-01-16T07:08:55.369+0000] {dagbag.py:536} INFO - Filling up the DagBag from /opt/airflow/dags/function/clova_function.py
[2024-01-16T07:08:55.901+0000] {processor.py:841} WARNING - No viable dags retrieved from /opt/airflow/dags/function/clova_function.py
[2024-01-16T07:08:55.919+0000] {processor.py:179} INFO - Processing /opt/airflow/dags/function/clova_function.py took 0.559 seconds
[2024-01-16T07:09:26.268+0000] {processor.py:157} INFO - Started process (PID=837) to work on /opt/airflow/dags/function/clova_function.py
[2024-01-16T07:09:26.270+0000] {processor.py:829} INFO - Processing file /opt/airflow/dags/function/clova_function.py for tasks to queue
[2024-01-16T07:09:26.273+0000] {logging_mixin.py:154} INFO - [2024-01-16T07:09:26.273+0000] {dagbag.py:536} INFO - Filling up the DagBag from /opt/airflow/dags/function/clova_function.py
[2024-01-16T07:09:26.823+0000] {processor.py:841} WARNING - No viable dags retrieved from /opt/airflow/dags/function/clova_function.py
[2024-01-16T07:09:26.844+0000] {processor.py:179} INFO - Processing /opt/airflow/dags/function/clova_function.py took 0.581 seconds
[2024-01-16T07:09:57.186+0000] {processor.py:157} INFO - Started process (PID=848) to work on /opt/airflow/dags/function/clova_function.py
[2024-01-16T07:09:57.188+0000] {processor.py:829} INFO - Processing file /opt/airflow/dags/function/clova_function.py for tasks to queue
[2024-01-16T07:09:57.193+0000] {logging_mixin.py:154} INFO - [2024-01-16T07:09:57.192+0000] {dagbag.py:536} INFO - Filling up the DagBag from /opt/airflow/dags/function/clova_function.py
[2024-01-16T07:09:57.921+0000] {processor.py:841} WARNING - No viable dags retrieved from /opt/airflow/dags/function/clova_function.py
[2024-01-16T07:09:57.939+0000] {processor.py:179} INFO - Processing /opt/airflow/dags/function/clova_function.py took 0.761 seconds
[2024-01-16T07:10:28.441+0000] {processor.py:157} INFO - Started process (PID=859) to work on /opt/airflow/dags/function/clova_function.py
[2024-01-16T07:10:28.442+0000] {processor.py:829} INFO - Processing file /opt/airflow/dags/function/clova_function.py for tasks to queue
[2024-01-16T07:10:28.445+0000] {logging_mixin.py:154} INFO - [2024-01-16T07:10:28.445+0000] {dagbag.py:536} INFO - Filling up the DagBag from /opt/airflow/dags/function/clova_function.py
[2024-01-16T07:10:28.917+0000] {processor.py:841} WARNING - No viable dags retrieved from /opt/airflow/dags/function/clova_function.py
[2024-01-16T07:10:28.935+0000] {processor.py:179} INFO - Processing /opt/airflow/dags/function/clova_function.py took 0.499 seconds
[2024-01-16T07:10:59.207+0000] {processor.py:157} INFO - Started process (PID=870) to work on /opt/airflow/dags/function/clova_function.py
[2024-01-16T07:10:59.208+0000] {processor.py:829} INFO - Processing file /opt/airflow/dags/function/clova_function.py for tasks to queue
[2024-01-16T07:10:59.212+0000] {logging_mixin.py:154} INFO - [2024-01-16T07:10:59.212+0000] {dagbag.py:536} INFO - Filling up the DagBag from /opt/airflow/dags/function/clova_function.py
[2024-01-16T07:10:59.694+0000] {processor.py:841} WARNING - No viable dags retrieved from /opt/airflow/dags/function/clova_function.py
[2024-01-16T07:10:59.711+0000] {processor.py:179} INFO - Processing /opt/airflow/dags/function/clova_function.py took 0.509 seconds
[2024-01-16T07:11:30.586+0000] {processor.py:157} INFO - Started process (PID=881) to work on /opt/airflow/dags/function/clova_function.py
[2024-01-16T07:11:30.588+0000] {processor.py:829} INFO - Processing file /opt/airflow/dags/function/clova_function.py for tasks to queue
[2024-01-16T07:11:30.591+0000] {logging_mixin.py:154} INFO - [2024-01-16T07:11:30.591+0000] {dagbag.py:536} INFO - Filling up the DagBag from /opt/airflow/dags/function/clova_function.py
[2024-01-16T07:11:31.101+0000] {processor.py:841} WARNING - No viable dags retrieved from /opt/airflow/dags/function/clova_function.py
[2024-01-16T07:11:31.119+0000] {processor.py:179} INFO - Processing /opt/airflow/dags/function/clova_function.py took 0.538 seconds
[2024-01-16T07:12:01.399+0000] {processor.py:157} INFO - Started process (PID=892) to work on /opt/airflow/dags/function/clova_function.py
[2024-01-16T07:12:01.400+0000] {processor.py:829} INFO - Processing file /opt/airflow/dags/function/clova_function.py for tasks to queue
[2024-01-16T07:12:01.404+0000] {logging_mixin.py:154} INFO - [2024-01-16T07:12:01.403+0000] {dagbag.py:536} INFO - Filling up the DagBag from /opt/airflow/dags/function/clova_function.py
[2024-01-16T07:12:01.876+0000] {processor.py:841} WARNING - No viable dags retrieved from /opt/airflow/dags/function/clova_function.py
[2024-01-16T07:12:01.892+0000] {processor.py:179} INFO - Processing /opt/airflow/dags/function/clova_function.py took 0.498 seconds
[2024-01-16T07:12:32.175+0000] {processor.py:157} INFO - Started process (PID=903) to work on /opt/airflow/dags/function/clova_function.py
[2024-01-16T07:12:32.177+0000] {processor.py:829} INFO - Processing file /opt/airflow/dags/function/clova_function.py for tasks to queue
[2024-01-16T07:12:32.182+0000] {logging_mixin.py:154} INFO - [2024-01-16T07:12:32.181+0000] {dagbag.py:536} INFO - Filling up the DagBag from /opt/airflow/dags/function/clova_function.py
[2024-01-16T07:12:32.679+0000] {processor.py:841} WARNING - No viable dags retrieved from /opt/airflow/dags/function/clova_function.py
[2024-01-16T07:12:32.694+0000] {processor.py:179} INFO - Processing /opt/airflow/dags/function/clova_function.py took 0.526 seconds
[2024-01-16T07:13:03.446+0000] {processor.py:157} INFO - Started process (PID=914) to work on /opt/airflow/dags/function/clova_function.py
[2024-01-16T07:13:03.448+0000] {processor.py:829} INFO - Processing file /opt/airflow/dags/function/clova_function.py for tasks to queue
[2024-01-16T07:13:03.451+0000] {logging_mixin.py:154} INFO - [2024-01-16T07:13:03.450+0000] {dagbag.py:536} INFO - Filling up the DagBag from /opt/airflow/dags/function/clova_function.py
[2024-01-16T07:13:03.935+0000] {processor.py:841} WARNING - No viable dags retrieved from /opt/airflow/dags/function/clova_function.py
[2024-01-16T07:13:03.951+0000] {processor.py:179} INFO - Processing /opt/airflow/dags/function/clova_function.py took 0.509 seconds
[2024-01-16T07:13:34.279+0000] {processor.py:157} INFO - Started process (PID=925) to work on /opt/airflow/dags/function/clova_function.py
[2024-01-16T07:13:34.281+0000] {processor.py:829} INFO - Processing file /opt/airflow/dags/function/clova_function.py for tasks to queue
[2024-01-16T07:13:34.285+0000] {logging_mixin.py:154} INFO - [2024-01-16T07:13:34.285+0000] {dagbag.py:536} INFO - Filling up the DagBag from /opt/airflow/dags/function/clova_function.py
[2024-01-16T07:13:34.798+0000] {processor.py:841} WARNING - No viable dags retrieved from /opt/airflow/dags/function/clova_function.py
[2024-01-16T07:13:34.816+0000] {processor.py:179} INFO - Processing /opt/airflow/dags/function/clova_function.py took 0.541 seconds
[2024-01-16T07:14:05.087+0000] {processor.py:157} INFO - Started process (PID=936) to work on /opt/airflow/dags/function/clova_function.py
[2024-01-16T07:14:05.089+0000] {processor.py:829} INFO - Processing file /opt/airflow/dags/function/clova_function.py for tasks to queue
[2024-01-16T07:14:05.094+0000] {logging_mixin.py:154} INFO - [2024-01-16T07:14:05.093+0000] {dagbag.py:536} INFO - Filling up the DagBag from /opt/airflow/dags/function/clova_function.py
[2024-01-16T07:14:05.670+0000] {processor.py:841} WARNING - No viable dags retrieved from /opt/airflow/dags/function/clova_function.py
[2024-01-16T07:14:05.687+0000] {processor.py:179} INFO - Processing /opt/airflow/dags/function/clova_function.py took 0.608 seconds
[2024-01-16T07:14:36.357+0000] {processor.py:157} INFO - Started process (PID=947) to work on /opt/airflow/dags/function/clova_function.py
[2024-01-16T07:14:36.358+0000] {processor.py:829} INFO - Processing file /opt/airflow/dags/function/clova_function.py for tasks to queue
[2024-01-16T07:14:36.361+0000] {logging_mixin.py:154} INFO - [2024-01-16T07:14:36.361+0000] {dagbag.py:536} INFO - Filling up the DagBag from /opt/airflow/dags/function/clova_function.py
[2024-01-16T07:14:37.086+0000] {processor.py:841} WARNING - No viable dags retrieved from /opt/airflow/dags/function/clova_function.py
[2024-01-16T07:14:37.111+0000] {processor.py:179} INFO - Processing /opt/airflow/dags/function/clova_function.py took 0.759 seconds
[2024-01-16T07:15:07.460+0000] {processor.py:157} INFO - Started process (PID=965) to work on /opt/airflow/dags/function/clova_function.py
[2024-01-16T07:15:07.462+0000] {processor.py:829} INFO - Processing file /opt/airflow/dags/function/clova_function.py for tasks to queue
[2024-01-16T07:15:07.466+0000] {logging_mixin.py:154} INFO - [2024-01-16T07:15:07.465+0000] {dagbag.py:536} INFO - Filling up the DagBag from /opt/airflow/dags/function/clova_function.py
[2024-01-16T07:15:07.976+0000] {processor.py:841} WARNING - No viable dags retrieved from /opt/airflow/dags/function/clova_function.py
[2024-01-16T07:15:07.994+0000] {processor.py:179} INFO - Processing /opt/airflow/dags/function/clova_function.py took 0.539 seconds
