[2024-01-16T04:04:02.045+0000] {processor.py:157} INFO - Started process (PID=32) to work on /opt/airflow/dags/m4a/d10/d10_Quan.zip
[2024-01-16T04:04:02.049+0000] {processor.py:829} INFO - Processing file /opt/airflow/dags/m4a/d10/d10_Quan.zip for tasks to queue
[2024-01-16T04:04:02.071+0000] {logging_mixin.py:154} INFO - [2024-01-16T04:04:02.069+0000] {dagbag.py:536} INFO - Filling up the DagBag from /opt/airflow/dags/m4a/d10/d10_Quan.zip
[2024-01-16T04:04:02.082+0000] {processor.py:841} WARNING - No viable dags retrieved from /opt/airflow/dags/m4a/d10/d10_Quan.zip
[2024-01-16T04:04:02.134+0000] {processor.py:179} INFO - Processing /opt/airflow/dags/m4a/d10/d10_Quan.zip took 0.101 seconds
[2024-01-16T04:05:12.858+0000] {processor.py:157} INFO - Started process (PID=31) to work on /opt/airflow/dags/m4a/d10/d10_Quan.zip
[2024-01-16T04:05:12.862+0000] {processor.py:829} INFO - Processing file /opt/airflow/dags/m4a/d10/d10_Quan.zip for tasks to queue
[2024-01-16T04:05:12.867+0000] {logging_mixin.py:154} INFO - [2024-01-16T04:05:12.867+0000] {dagbag.py:536} INFO - Filling up the DagBag from /opt/airflow/dags/m4a/d10/d10_Quan.zip
[2024-01-16T04:05:12.873+0000] {processor.py:841} WARNING - No viable dags retrieved from /opt/airflow/dags/m4a/d10/d10_Quan.zip
[2024-01-16T04:05:12.898+0000] {processor.py:179} INFO - Processing /opt/airflow/dags/m4a/d10/d10_Quan.zip took 0.049 seconds
[2024-01-16T04:05:43.007+0000] {processor.py:157} INFO - Started process (PID=41) to work on /opt/airflow/dags/m4a/d10/d10_Quan.zip
[2024-01-16T04:05:43.009+0000] {processor.py:829} INFO - Processing file /opt/airflow/dags/m4a/d10/d10_Quan.zip for tasks to queue
[2024-01-16T04:05:43.021+0000] {logging_mixin.py:154} INFO - [2024-01-16T04:05:43.021+0000] {dagbag.py:536} INFO - Filling up the DagBag from /opt/airflow/dags/m4a/d10/d10_Quan.zip
[2024-01-16T04:05:43.027+0000] {processor.py:841} WARNING - No viable dags retrieved from /opt/airflow/dags/m4a/d10/d10_Quan.zip
[2024-01-16T04:05:43.078+0000] {processor.py:179} INFO - Processing /opt/airflow/dags/m4a/d10/d10_Quan.zip took 0.087 seconds
[2024-01-16T04:06:13.527+0000] {processor.py:157} INFO - Started process (PID=51) to work on /opt/airflow/dags/m4a/d10/d10_Quan.zip
[2024-01-16T04:06:13.529+0000] {processor.py:829} INFO - Processing file /opt/airflow/dags/m4a/d10/d10_Quan.zip for tasks to queue
[2024-01-16T04:06:13.532+0000] {logging_mixin.py:154} INFO - [2024-01-16T04:06:13.532+0000] {dagbag.py:536} INFO - Filling up the DagBag from /opt/airflow/dags/m4a/d10/d10_Quan.zip
[2024-01-16T04:06:13.536+0000] {processor.py:841} WARNING - No viable dags retrieved from /opt/airflow/dags/m4a/d10/d10_Quan.zip
[2024-01-16T04:06:13.554+0000] {processor.py:179} INFO - Processing /opt/airflow/dags/m4a/d10/d10_Quan.zip took 0.032 seconds
[2024-01-16T04:06:43.945+0000] {processor.py:157} INFO - Started process (PID=61) to work on /opt/airflow/dags/m4a/d10/d10_Quan.zip
[2024-01-16T04:06:43.946+0000] {processor.py:829} INFO - Processing file /opt/airflow/dags/m4a/d10/d10_Quan.zip for tasks to queue
[2024-01-16T04:06:43.949+0000] {logging_mixin.py:154} INFO - [2024-01-16T04:06:43.949+0000] {dagbag.py:536} INFO - Filling up the DagBag from /opt/airflow/dags/m4a/d10/d10_Quan.zip
[2024-01-16T04:06:43.953+0000] {processor.py:841} WARNING - No viable dags retrieved from /opt/airflow/dags/m4a/d10/d10_Quan.zip
[2024-01-16T04:06:43.972+0000] {processor.py:179} INFO - Processing /opt/airflow/dags/m4a/d10/d10_Quan.zip took 0.031 seconds
[2024-01-16T04:07:14.389+0000] {processor.py:157} INFO - Started process (PID=71) to work on /opt/airflow/dags/m4a/d10/d10_Quan.zip
[2024-01-16T04:07:14.391+0000] {processor.py:829} INFO - Processing file /opt/airflow/dags/m4a/d10/d10_Quan.zip for tasks to queue
[2024-01-16T04:07:14.395+0000] {logging_mixin.py:154} INFO - [2024-01-16T04:07:14.395+0000] {dagbag.py:536} INFO - Filling up the DagBag from /opt/airflow/dags/m4a/d10/d10_Quan.zip
[2024-01-16T04:07:14.400+0000] {processor.py:841} WARNING - No viable dags retrieved from /opt/airflow/dags/m4a/d10/d10_Quan.zip
[2024-01-16T04:07:14.436+0000] {processor.py:179} INFO - Processing /opt/airflow/dags/m4a/d10/d10_Quan.zip took 0.051 seconds
[2024-01-16T04:07:44.819+0000] {processor.py:157} INFO - Started process (PID=81) to work on /opt/airflow/dags/m4a/d10/d10_Quan.zip
[2024-01-16T04:07:44.821+0000] {processor.py:829} INFO - Processing file /opt/airflow/dags/m4a/d10/d10_Quan.zip for tasks to queue
[2024-01-16T04:07:44.825+0000] {logging_mixin.py:154} INFO - [2024-01-16T04:07:44.825+0000] {dagbag.py:536} INFO - Filling up the DagBag from /opt/airflow/dags/m4a/d10/d10_Quan.zip
[2024-01-16T04:07:44.830+0000] {processor.py:841} WARNING - No viable dags retrieved from /opt/airflow/dags/m4a/d10/d10_Quan.zip
[2024-01-16T04:07:44.853+0000] {processor.py:179} INFO - Processing /opt/airflow/dags/m4a/d10/d10_Quan.zip took 0.040 seconds
[2024-01-16T04:08:15.626+0000] {processor.py:157} INFO - Started process (PID=91) to work on /opt/airflow/dags/m4a/d10/d10_Quan.zip
[2024-01-16T04:08:15.628+0000] {processor.py:829} INFO - Processing file /opt/airflow/dags/m4a/d10/d10_Quan.zip for tasks to queue
[2024-01-16T04:08:15.632+0000] {logging_mixin.py:154} INFO - [2024-01-16T04:08:15.632+0000] {dagbag.py:536} INFO - Filling up the DagBag from /opt/airflow/dags/m4a/d10/d10_Quan.zip
[2024-01-16T04:08:15.635+0000] {processor.py:841} WARNING - No viable dags retrieved from /opt/airflow/dags/m4a/d10/d10_Quan.zip
[2024-01-16T04:08:15.653+0000] {processor.py:179} INFO - Processing /opt/airflow/dags/m4a/d10/d10_Quan.zip took 0.031 seconds
[2024-01-16T04:08:46.100+0000] {processor.py:157} INFO - Started process (PID=101) to work on /opt/airflow/dags/m4a/d10/d10_Quan.zip
[2024-01-16T04:08:46.102+0000] {processor.py:829} INFO - Processing file /opt/airflow/dags/m4a/d10/d10_Quan.zip for tasks to queue
[2024-01-16T04:08:46.106+0000] {logging_mixin.py:154} INFO - [2024-01-16T04:08:46.106+0000] {dagbag.py:536} INFO - Filling up the DagBag from /opt/airflow/dags/m4a/d10/d10_Quan.zip
[2024-01-16T04:08:46.112+0000] {processor.py:841} WARNING - No viable dags retrieved from /opt/airflow/dags/m4a/d10/d10_Quan.zip
[2024-01-16T04:08:46.145+0000] {processor.py:179} INFO - Processing /opt/airflow/dags/m4a/d10/d10_Quan.zip took 0.054 seconds
[2024-01-16T04:09:16.577+0000] {processor.py:157} INFO - Started process (PID=111) to work on /opt/airflow/dags/m4a/d10/d10_Quan.zip
[2024-01-16T04:09:16.578+0000] {processor.py:829} INFO - Processing file /opt/airflow/dags/m4a/d10/d10_Quan.zip for tasks to queue
[2024-01-16T04:09:16.582+0000] {logging_mixin.py:154} INFO - [2024-01-16T04:09:16.581+0000] {dagbag.py:536} INFO - Filling up the DagBag from /opt/airflow/dags/m4a/d10/d10_Quan.zip
[2024-01-16T04:09:16.586+0000] {processor.py:841} WARNING - No viable dags retrieved from /opt/airflow/dags/m4a/d10/d10_Quan.zip
[2024-01-16T04:09:16.607+0000] {processor.py:179} INFO - Processing /opt/airflow/dags/m4a/d10/d10_Quan.zip took 0.034 seconds
[2024-01-16T04:09:47.037+0000] {processor.py:157} INFO - Started process (PID=121) to work on /opt/airflow/dags/m4a/d10/d10_Quan.zip
[2024-01-16T04:09:47.038+0000] {processor.py:829} INFO - Processing file /opt/airflow/dags/m4a/d10/d10_Quan.zip for tasks to queue
[2024-01-16T04:09:47.042+0000] {logging_mixin.py:154} INFO - [2024-01-16T04:09:47.041+0000] {dagbag.py:536} INFO - Filling up the DagBag from /opt/airflow/dags/m4a/d10/d10_Quan.zip
[2024-01-16T04:09:47.046+0000] {processor.py:841} WARNING - No viable dags retrieved from /opt/airflow/dags/m4a/d10/d10_Quan.zip
[2024-01-16T04:09:47.065+0000] {processor.py:179} INFO - Processing /opt/airflow/dags/m4a/d10/d10_Quan.zip took 0.032 seconds
[2024-01-16T04:10:17.583+0000] {processor.py:157} INFO - Started process (PID=131) to work on /opt/airflow/dags/m4a/d10/d10_Quan.zip
[2024-01-16T04:10:17.584+0000] {processor.py:829} INFO - Processing file /opt/airflow/dags/m4a/d10/d10_Quan.zip for tasks to queue
[2024-01-16T04:10:17.588+0000] {logging_mixin.py:154} INFO - [2024-01-16T04:10:17.588+0000] {dagbag.py:536} INFO - Filling up the DagBag from /opt/airflow/dags/m4a/d10/d10_Quan.zip
[2024-01-16T04:10:17.593+0000] {processor.py:841} WARNING - No viable dags retrieved from /opt/airflow/dags/m4a/d10/d10_Quan.zip
[2024-01-16T04:10:17.612+0000] {processor.py:179} INFO - Processing /opt/airflow/dags/m4a/d10/d10_Quan.zip took 0.033 seconds
[2024-01-16T04:10:48.009+0000] {processor.py:157} INFO - Started process (PID=141) to work on /opt/airflow/dags/m4a/d10/d10_Quan.zip
[2024-01-16T04:10:48.010+0000] {processor.py:829} INFO - Processing file /opt/airflow/dags/m4a/d10/d10_Quan.zip for tasks to queue
[2024-01-16T04:10:48.015+0000] {logging_mixin.py:154} INFO - [2024-01-16T04:10:48.014+0000] {dagbag.py:536} INFO - Filling up the DagBag from /opt/airflow/dags/m4a/d10/d10_Quan.zip
[2024-01-16T04:10:48.018+0000] {processor.py:841} WARNING - No viable dags retrieved from /opt/airflow/dags/m4a/d10/d10_Quan.zip
[2024-01-16T04:10:48.036+0000] {processor.py:179} INFO - Processing /opt/airflow/dags/m4a/d10/d10_Quan.zip took 0.030 seconds
[2024-01-16T04:11:18.457+0000] {processor.py:157} INFO - Started process (PID=151) to work on /opt/airflow/dags/m4a/d10/d10_Quan.zip
[2024-01-16T04:11:18.458+0000] {processor.py:829} INFO - Processing file /opt/airflow/dags/m4a/d10/d10_Quan.zip for tasks to queue
[2024-01-16T04:11:18.462+0000] {logging_mixin.py:154} INFO - [2024-01-16T04:11:18.461+0000] {dagbag.py:536} INFO - Filling up the DagBag from /opt/airflow/dags/m4a/d10/d10_Quan.zip
[2024-01-16T04:11:18.466+0000] {processor.py:841} WARNING - No viable dags retrieved from /opt/airflow/dags/m4a/d10/d10_Quan.zip
[2024-01-16T04:11:18.484+0000] {processor.py:179} INFO - Processing /opt/airflow/dags/m4a/d10/d10_Quan.zip took 0.032 seconds
[2024-01-16T04:11:48.857+0000] {processor.py:157} INFO - Started process (PID=161) to work on /opt/airflow/dags/m4a/d10/d10_Quan.zip
[2024-01-16T04:11:48.858+0000] {processor.py:829} INFO - Processing file /opt/airflow/dags/m4a/d10/d10_Quan.zip for tasks to queue
[2024-01-16T04:11:48.863+0000] {logging_mixin.py:154} INFO - [2024-01-16T04:11:48.863+0000] {dagbag.py:536} INFO - Filling up the DagBag from /opt/airflow/dags/m4a/d10/d10_Quan.zip
[2024-01-16T04:11:48.868+0000] {processor.py:841} WARNING - No viable dags retrieved from /opt/airflow/dags/m4a/d10/d10_Quan.zip
[2024-01-16T04:11:48.892+0000] {processor.py:179} INFO - Processing /opt/airflow/dags/m4a/d10/d10_Quan.zip took 0.040 seconds
[2024-01-16T04:12:19.295+0000] {processor.py:157} INFO - Started process (PID=171) to work on /opt/airflow/dags/m4a/d10/d10_Quan.zip
[2024-01-16T04:12:19.296+0000] {processor.py:829} INFO - Processing file /opt/airflow/dags/m4a/d10/d10_Quan.zip for tasks to queue
[2024-01-16T04:12:19.300+0000] {logging_mixin.py:154} INFO - [2024-01-16T04:12:19.299+0000] {dagbag.py:536} INFO - Filling up the DagBag from /opt/airflow/dags/m4a/d10/d10_Quan.zip
[2024-01-16T04:12:19.304+0000] {processor.py:841} WARNING - No viable dags retrieved from /opt/airflow/dags/m4a/d10/d10_Quan.zip
[2024-01-16T04:12:19.323+0000] {processor.py:179} INFO - Processing /opt/airflow/dags/m4a/d10/d10_Quan.zip took 0.032 seconds
[2024-01-16T04:12:50.114+0000] {processor.py:157} INFO - Started process (PID=181) to work on /opt/airflow/dags/m4a/d10/d10_Quan.zip
[2024-01-16T04:12:50.115+0000] {processor.py:829} INFO - Processing file /opt/airflow/dags/m4a/d10/d10_Quan.zip for tasks to queue
[2024-01-16T04:12:50.119+0000] {logging_mixin.py:154} INFO - [2024-01-16T04:12:50.119+0000] {dagbag.py:536} INFO - Filling up the DagBag from /opt/airflow/dags/m4a/d10/d10_Quan.zip
[2024-01-16T04:12:50.123+0000] {processor.py:841} WARNING - No viable dags retrieved from /opt/airflow/dags/m4a/d10/d10_Quan.zip
[2024-01-16T04:12:50.143+0000] {processor.py:179} INFO - Processing /opt/airflow/dags/m4a/d10/d10_Quan.zip took 0.033 seconds
[2024-01-16T04:13:20.551+0000] {processor.py:157} INFO - Started process (PID=191) to work on /opt/airflow/dags/m4a/d10/d10_Quan.zip
[2024-01-16T04:13:20.552+0000] {processor.py:829} INFO - Processing file /opt/airflow/dags/m4a/d10/d10_Quan.zip for tasks to queue
[2024-01-16T04:13:20.556+0000] {logging_mixin.py:154} INFO - [2024-01-16T04:13:20.555+0000] {dagbag.py:536} INFO - Filling up the DagBag from /opt/airflow/dags/m4a/d10/d10_Quan.zip
[2024-01-16T04:13:20.560+0000] {processor.py:841} WARNING - No viable dags retrieved from /opt/airflow/dags/m4a/d10/d10_Quan.zip
[2024-01-16T04:13:20.578+0000] {processor.py:179} INFO - Processing /opt/airflow/dags/m4a/d10/d10_Quan.zip took 0.032 seconds
[2024-01-16T04:13:50.991+0000] {processor.py:157} INFO - Started process (PID=201) to work on /opt/airflow/dags/m4a/d10/d10_Quan.zip
[2024-01-16T04:13:50.992+0000] {processor.py:829} INFO - Processing file /opt/airflow/dags/m4a/d10/d10_Quan.zip for tasks to queue
[2024-01-16T04:13:50.996+0000] {logging_mixin.py:154} INFO - [2024-01-16T04:13:50.996+0000] {dagbag.py:536} INFO - Filling up the DagBag from /opt/airflow/dags/m4a/d10/d10_Quan.zip
[2024-01-16T04:13:51.001+0000] {processor.py:841} WARNING - No viable dags retrieved from /opt/airflow/dags/m4a/d10/d10_Quan.zip
[2024-01-16T04:13:51.022+0000] {processor.py:179} INFO - Processing /opt/airflow/dags/m4a/d10/d10_Quan.zip took 0.036 seconds
[2024-01-16T04:14:21.446+0000] {processor.py:157} INFO - Started process (PID=211) to work on /opt/airflow/dags/m4a/d10/d10_Quan.zip
[2024-01-16T04:14:21.448+0000] {processor.py:829} INFO - Processing file /opt/airflow/dags/m4a/d10/d10_Quan.zip for tasks to queue
[2024-01-16T04:14:21.451+0000] {logging_mixin.py:154} INFO - [2024-01-16T04:14:21.450+0000] {dagbag.py:536} INFO - Filling up the DagBag from /opt/airflow/dags/m4a/d10/d10_Quan.zip
[2024-01-16T04:14:21.455+0000] {processor.py:841} WARNING - No viable dags retrieved from /opt/airflow/dags/m4a/d10/d10_Quan.zip
[2024-01-16T04:14:21.473+0000] {processor.py:179} INFO - Processing /opt/airflow/dags/m4a/d10/d10_Quan.zip took 0.032 seconds
[2024-01-16T04:14:51.895+0000] {processor.py:157} INFO - Started process (PID=221) to work on /opt/airflow/dags/m4a/d10/d10_Quan.zip
[2024-01-16T04:14:51.896+0000] {processor.py:829} INFO - Processing file /opt/airflow/dags/m4a/d10/d10_Quan.zip for tasks to queue
[2024-01-16T04:14:51.900+0000] {logging_mixin.py:154} INFO - [2024-01-16T04:14:51.899+0000] {dagbag.py:536} INFO - Filling up the DagBag from /opt/airflow/dags/m4a/d10/d10_Quan.zip
[2024-01-16T04:14:51.903+0000] {processor.py:841} WARNING - No viable dags retrieved from /opt/airflow/dags/m4a/d10/d10_Quan.zip
[2024-01-16T04:14:51.921+0000] {processor.py:179} INFO - Processing /opt/airflow/dags/m4a/d10/d10_Quan.zip took 0.030 seconds
[2024-01-16T04:15:22.367+0000] {processor.py:157} INFO - Started process (PID=231) to work on /opt/airflow/dags/m4a/d10/d10_Quan.zip
[2024-01-16T04:15:22.369+0000] {processor.py:829} INFO - Processing file /opt/airflow/dags/m4a/d10/d10_Quan.zip for tasks to queue
[2024-01-16T04:15:22.372+0000] {logging_mixin.py:154} INFO - [2024-01-16T04:15:22.372+0000] {dagbag.py:536} INFO - Filling up the DagBag from /opt/airflow/dags/m4a/d10/d10_Quan.zip
[2024-01-16T04:15:22.376+0000] {processor.py:841} WARNING - No viable dags retrieved from /opt/airflow/dags/m4a/d10/d10_Quan.zip
[2024-01-16T04:15:22.395+0000] {processor.py:179} INFO - Processing /opt/airflow/dags/m4a/d10/d10_Quan.zip took 0.032 seconds
[2024-01-16T04:15:52.787+0000] {processor.py:157} INFO - Started process (PID=241) to work on /opt/airflow/dags/m4a/d10/d10_Quan.zip
[2024-01-16T04:15:52.788+0000] {processor.py:829} INFO - Processing file /opt/airflow/dags/m4a/d10/d10_Quan.zip for tasks to queue
[2024-01-16T04:15:52.792+0000] {logging_mixin.py:154} INFO - [2024-01-16T04:15:52.791+0000] {dagbag.py:536} INFO - Filling up the DagBag from /opt/airflow/dags/m4a/d10/d10_Quan.zip
[2024-01-16T04:15:52.795+0000] {processor.py:841} WARNING - No viable dags retrieved from /opt/airflow/dags/m4a/d10/d10_Quan.zip
[2024-01-16T04:15:52.813+0000] {processor.py:179} INFO - Processing /opt/airflow/dags/m4a/d10/d10_Quan.zip took 0.030 seconds
[2024-01-16T04:16:23.253+0000] {processor.py:157} INFO - Started process (PID=251) to work on /opt/airflow/dags/m4a/d10/d10_Quan.zip
[2024-01-16T04:16:23.254+0000] {processor.py:829} INFO - Processing file /opt/airflow/dags/m4a/d10/d10_Quan.zip for tasks to queue
[2024-01-16T04:16:23.257+0000] {logging_mixin.py:154} INFO - [2024-01-16T04:16:23.257+0000] {dagbag.py:536} INFO - Filling up the DagBag from /opt/airflow/dags/m4a/d10/d10_Quan.zip
[2024-01-16T04:16:23.262+0000] {processor.py:841} WARNING - No viable dags retrieved from /opt/airflow/dags/m4a/d10/d10_Quan.zip
[2024-01-16T04:16:23.279+0000] {processor.py:179} INFO - Processing /opt/airflow/dags/m4a/d10/d10_Quan.zip took 0.030 seconds
[2024-01-16T04:16:53.729+0000] {processor.py:157} INFO - Started process (PID=261) to work on /opt/airflow/dags/m4a/d10/d10_Quan.zip
[2024-01-16T04:16:53.730+0000] {processor.py:829} INFO - Processing file /opt/airflow/dags/m4a/d10/d10_Quan.zip for tasks to queue
[2024-01-16T04:16:53.733+0000] {logging_mixin.py:154} INFO - [2024-01-16T04:16:53.733+0000] {dagbag.py:536} INFO - Filling up the DagBag from /opt/airflow/dags/m4a/d10/d10_Quan.zip
[2024-01-16T04:16:53.738+0000] {processor.py:841} WARNING - No viable dags retrieved from /opt/airflow/dags/m4a/d10/d10_Quan.zip
[2024-01-16T04:16:53.754+0000] {processor.py:179} INFO - Processing /opt/airflow/dags/m4a/d10/d10_Quan.zip took 0.031 seconds
[2024-01-16T04:17:24.187+0000] {processor.py:157} INFO - Started process (PID=271) to work on /opt/airflow/dags/m4a/d10/d10_Quan.zip
[2024-01-16T04:17:24.189+0000] {processor.py:829} INFO - Processing file /opt/airflow/dags/m4a/d10/d10_Quan.zip for tasks to queue
[2024-01-16T04:17:24.192+0000] {logging_mixin.py:154} INFO - [2024-01-16T04:17:24.192+0000] {dagbag.py:536} INFO - Filling up the DagBag from /opt/airflow/dags/m4a/d10/d10_Quan.zip
[2024-01-16T04:17:24.197+0000] {processor.py:841} WARNING - No viable dags retrieved from /opt/airflow/dags/m4a/d10/d10_Quan.zip
[2024-01-16T04:17:24.220+0000] {processor.py:179} INFO - Processing /opt/airflow/dags/m4a/d10/d10_Quan.zip took 0.038 seconds
[2024-01-16T04:17:54.644+0000] {processor.py:157} INFO - Started process (PID=281) to work on /opt/airflow/dags/m4a/d10/d10_Quan.zip
[2024-01-16T04:17:54.646+0000] {processor.py:829} INFO - Processing file /opt/airflow/dags/m4a/d10/d10_Quan.zip for tasks to queue
[2024-01-16T04:17:54.649+0000] {logging_mixin.py:154} INFO - [2024-01-16T04:17:54.649+0000] {dagbag.py:536} INFO - Filling up the DagBag from /opt/airflow/dags/m4a/d10/d10_Quan.zip
[2024-01-16T04:17:54.653+0000] {processor.py:841} WARNING - No viable dags retrieved from /opt/airflow/dags/m4a/d10/d10_Quan.zip
[2024-01-16T04:17:54.672+0000] {processor.py:179} INFO - Processing /opt/airflow/dags/m4a/d10/d10_Quan.zip took 0.033 seconds
[2024-01-16T04:18:25.084+0000] {processor.py:157} INFO - Started process (PID=291) to work on /opt/airflow/dags/m4a/d10/d10_Quan.zip
[2024-01-16T04:18:25.085+0000] {processor.py:829} INFO - Processing file /opt/airflow/dags/m4a/d10/d10_Quan.zip for tasks to queue
[2024-01-16T04:18:25.089+0000] {logging_mixin.py:154} INFO - [2024-01-16T04:18:25.089+0000] {dagbag.py:536} INFO - Filling up the DagBag from /opt/airflow/dags/m4a/d10/d10_Quan.zip
[2024-01-16T04:18:25.094+0000] {processor.py:841} WARNING - No viable dags retrieved from /opt/airflow/dags/m4a/d10/d10_Quan.zip
[2024-01-16T04:18:25.112+0000] {processor.py:179} INFO - Processing /opt/airflow/dags/m4a/d10/d10_Quan.zip took 0.033 seconds
[2024-01-16T04:18:55.492+0000] {processor.py:157} INFO - Started process (PID=301) to work on /opt/airflow/dags/m4a/d10/d10_Quan.zip
[2024-01-16T04:18:55.493+0000] {processor.py:829} INFO - Processing file /opt/airflow/dags/m4a/d10/d10_Quan.zip for tasks to queue
[2024-01-16T04:18:55.497+0000] {logging_mixin.py:154} INFO - [2024-01-16T04:18:55.496+0000] {dagbag.py:536} INFO - Filling up the DagBag from /opt/airflow/dags/m4a/d10/d10_Quan.zip
[2024-01-16T04:18:55.502+0000] {processor.py:841} WARNING - No viable dags retrieved from /opt/airflow/dags/m4a/d10/d10_Quan.zip
[2024-01-16T04:18:55.526+0000] {processor.py:179} INFO - Processing /opt/airflow/dags/m4a/d10/d10_Quan.zip took 0.041 seconds
[2024-01-16T04:19:25.877+0000] {processor.py:157} INFO - Started process (PID=311) to work on /opt/airflow/dags/m4a/d10/d10_Quan.zip
[2024-01-16T04:19:25.878+0000] {processor.py:829} INFO - Processing file /opt/airflow/dags/m4a/d10/d10_Quan.zip for tasks to queue
[2024-01-16T04:19:25.882+0000] {logging_mixin.py:154} INFO - [2024-01-16T04:19:25.881+0000] {dagbag.py:536} INFO - Filling up the DagBag from /opt/airflow/dags/m4a/d10/d10_Quan.zip
[2024-01-16T04:19:25.888+0000] {processor.py:841} WARNING - No viable dags retrieved from /opt/airflow/dags/m4a/d10/d10_Quan.zip
[2024-01-16T04:19:25.908+0000] {processor.py:179} INFO - Processing /opt/airflow/dags/m4a/d10/d10_Quan.zip took 0.035 seconds
[2024-01-16T04:19:56.280+0000] {processor.py:157} INFO - Started process (PID=321) to work on /opt/airflow/dags/m4a/d10/d10_Quan.zip
[2024-01-16T04:19:56.281+0000] {processor.py:829} INFO - Processing file /opt/airflow/dags/m4a/d10/d10_Quan.zip for tasks to queue
[2024-01-16T04:19:56.285+0000] {logging_mixin.py:154} INFO - [2024-01-16T04:19:56.284+0000] {dagbag.py:536} INFO - Filling up the DagBag from /opt/airflow/dags/m4a/d10/d10_Quan.zip
[2024-01-16T04:19:56.290+0000] {processor.py:841} WARNING - No viable dags retrieved from /opt/airflow/dags/m4a/d10/d10_Quan.zip
[2024-01-16T04:19:56.312+0000] {processor.py:179} INFO - Processing /opt/airflow/dags/m4a/d10/d10_Quan.zip took 0.037 seconds
[2024-01-16T04:20:26.802+0000] {processor.py:157} INFO - Started process (PID=331) to work on /opt/airflow/dags/m4a/d10/d10_Quan.zip
[2024-01-16T04:20:26.803+0000] {processor.py:829} INFO - Processing file /opt/airflow/dags/m4a/d10/d10_Quan.zip for tasks to queue
[2024-01-16T04:20:26.806+0000] {logging_mixin.py:154} INFO - [2024-01-16T04:20:26.806+0000] {dagbag.py:536} INFO - Filling up the DagBag from /opt/airflow/dags/m4a/d10/d10_Quan.zip
[2024-01-16T04:20:26.810+0000] {processor.py:841} WARNING - No viable dags retrieved from /opt/airflow/dags/m4a/d10/d10_Quan.zip
[2024-01-16T04:20:26.831+0000] {processor.py:179} INFO - Processing /opt/airflow/dags/m4a/d10/d10_Quan.zip took 0.033 seconds
[2024-01-16T04:20:57.249+0000] {processor.py:157} INFO - Started process (PID=341) to work on /opt/airflow/dags/m4a/d10/d10_Quan.zip
[2024-01-16T04:20:57.282+0000] {processor.py:829} INFO - Processing file /opt/airflow/dags/m4a/d10/d10_Quan.zip for tasks to queue
[2024-01-16T04:20:57.293+0000] {logging_mixin.py:154} INFO - [2024-01-16T04:20:57.292+0000] {dagbag.py:536} INFO - Filling up the DagBag from /opt/airflow/dags/m4a/d10/d10_Quan.zip
[2024-01-16T04:20:57.298+0000] {processor.py:841} WARNING - No viable dags retrieved from /opt/airflow/dags/m4a/d10/d10_Quan.zip
[2024-01-16T04:20:57.320+0000] {processor.py:179} INFO - Processing /opt/airflow/dags/m4a/d10/d10_Quan.zip took 0.077 seconds
[2024-01-16T04:21:27.691+0000] {processor.py:157} INFO - Started process (PID=351) to work on /opt/airflow/dags/m4a/d10/d10_Quan.zip
[2024-01-16T04:21:27.692+0000] {processor.py:829} INFO - Processing file /opt/airflow/dags/m4a/d10/d10_Quan.zip for tasks to queue
[2024-01-16T04:21:27.695+0000] {logging_mixin.py:154} INFO - [2024-01-16T04:21:27.695+0000] {dagbag.py:536} INFO - Filling up the DagBag from /opt/airflow/dags/m4a/d10/d10_Quan.zip
[2024-01-16T04:21:27.700+0000] {processor.py:841} WARNING - No viable dags retrieved from /opt/airflow/dags/m4a/d10/d10_Quan.zip
[2024-01-16T04:21:27.718+0000] {processor.py:179} INFO - Processing /opt/airflow/dags/m4a/d10/d10_Quan.zip took 0.031 seconds
[2024-01-16T04:21:58.114+0000] {processor.py:157} INFO - Started process (PID=361) to work on /opt/airflow/dags/m4a/d10/d10_Quan.zip
[2024-01-16T04:21:58.115+0000] {processor.py:829} INFO - Processing file /opt/airflow/dags/m4a/d10/d10_Quan.zip for tasks to queue
[2024-01-16T04:21:58.118+0000] {logging_mixin.py:154} INFO - [2024-01-16T04:21:58.117+0000] {dagbag.py:536} INFO - Filling up the DagBag from /opt/airflow/dags/m4a/d10/d10_Quan.zip
[2024-01-16T04:21:58.122+0000] {processor.py:841} WARNING - No viable dags retrieved from /opt/airflow/dags/m4a/d10/d10_Quan.zip
[2024-01-16T04:21:58.139+0000] {processor.py:179} INFO - Processing /opt/airflow/dags/m4a/d10/d10_Quan.zip took 0.030 seconds
[2024-01-16T04:22:28.600+0000] {processor.py:157} INFO - Started process (PID=378) to work on /opt/airflow/dags/m4a/d10/d10_Quan.zip
[2024-01-16T04:22:28.601+0000] {processor.py:829} INFO - Processing file /opt/airflow/dags/m4a/d10/d10_Quan.zip for tasks to queue
[2024-01-16T04:22:28.604+0000] {logging_mixin.py:154} INFO - [2024-01-16T04:22:28.604+0000] {dagbag.py:536} INFO - Filling up the DagBag from /opt/airflow/dags/m4a/d10/d10_Quan.zip
[2024-01-16T04:22:28.608+0000] {processor.py:841} WARNING - No viable dags retrieved from /opt/airflow/dags/m4a/d10/d10_Quan.zip
[2024-01-16T04:22:28.624+0000] {processor.py:179} INFO - Processing /opt/airflow/dags/m4a/d10/d10_Quan.zip took 0.029 seconds
[2024-01-16T04:22:58.978+0000] {processor.py:157} INFO - Started process (PID=388) to work on /opt/airflow/dags/m4a/d10/d10_Quan.zip
[2024-01-16T04:22:58.979+0000] {processor.py:829} INFO - Processing file /opt/airflow/dags/m4a/d10/d10_Quan.zip for tasks to queue
[2024-01-16T04:22:58.982+0000] {logging_mixin.py:154} INFO - [2024-01-16T04:22:58.982+0000] {dagbag.py:536} INFO - Filling up the DagBag from /opt/airflow/dags/m4a/d10/d10_Quan.zip
[2024-01-16T04:22:58.987+0000] {processor.py:841} WARNING - No viable dags retrieved from /opt/airflow/dags/m4a/d10/d10_Quan.zip
[2024-01-16T04:22:59.007+0000] {processor.py:179} INFO - Processing /opt/airflow/dags/m4a/d10/d10_Quan.zip took 0.033 seconds
[2024-01-16T04:23:29.365+0000] {processor.py:157} INFO - Started process (PID=398) to work on /opt/airflow/dags/m4a/d10/d10_Quan.zip
[2024-01-16T04:23:29.366+0000] {processor.py:829} INFO - Processing file /opt/airflow/dags/m4a/d10/d10_Quan.zip for tasks to queue
[2024-01-16T04:23:29.370+0000] {logging_mixin.py:154} INFO - [2024-01-16T04:23:29.370+0000] {dagbag.py:536} INFO - Filling up the DagBag from /opt/airflow/dags/m4a/d10/d10_Quan.zip
[2024-01-16T04:23:29.375+0000] {processor.py:841} WARNING - No viable dags retrieved from /opt/airflow/dags/m4a/d10/d10_Quan.zip
[2024-01-16T04:23:29.398+0000] {processor.py:179} INFO - Processing /opt/airflow/dags/m4a/d10/d10_Quan.zip took 0.038 seconds
[2024-01-16T04:23:59.781+0000] {processor.py:157} INFO - Started process (PID=408) to work on /opt/airflow/dags/m4a/d10/d10_Quan.zip
[2024-01-16T04:23:59.782+0000] {processor.py:829} INFO - Processing file /opt/airflow/dags/m4a/d10/d10_Quan.zip for tasks to queue
[2024-01-16T04:23:59.786+0000] {logging_mixin.py:154} INFO - [2024-01-16T04:23:59.786+0000] {dagbag.py:536} INFO - Filling up the DagBag from /opt/airflow/dags/m4a/d10/d10_Quan.zip
[2024-01-16T04:23:59.790+0000] {processor.py:841} WARNING - No viable dags retrieved from /opt/airflow/dags/m4a/d10/d10_Quan.zip
[2024-01-16T04:23:59.809+0000] {processor.py:179} INFO - Processing /opt/airflow/dags/m4a/d10/d10_Quan.zip took 0.032 seconds
[2024-01-16T04:24:30.186+0000] {processor.py:157} INFO - Started process (PID=418) to work on /opt/airflow/dags/m4a/d10/d10_Quan.zip
[2024-01-16T04:24:30.187+0000] {processor.py:829} INFO - Processing file /opt/airflow/dags/m4a/d10/d10_Quan.zip for tasks to queue
[2024-01-16T04:24:30.192+0000] {logging_mixin.py:154} INFO - [2024-01-16T04:24:30.191+0000] {dagbag.py:536} INFO - Filling up the DagBag from /opt/airflow/dags/m4a/d10/d10_Quan.zip
[2024-01-16T04:24:30.196+0000] {processor.py:841} WARNING - No viable dags retrieved from /opt/airflow/dags/m4a/d10/d10_Quan.zip
[2024-01-16T04:24:30.218+0000] {processor.py:179} INFO - Processing /opt/airflow/dags/m4a/d10/d10_Quan.zip took 0.039 seconds
[2024-01-16T04:25:00.633+0000] {processor.py:157} INFO - Started process (PID=428) to work on /opt/airflow/dags/m4a/d10/d10_Quan.zip
[2024-01-16T04:25:00.635+0000] {processor.py:829} INFO - Processing file /opt/airflow/dags/m4a/d10/d10_Quan.zip for tasks to queue
[2024-01-16T04:25:00.639+0000] {logging_mixin.py:154} INFO - [2024-01-16T04:25:00.638+0000] {dagbag.py:536} INFO - Filling up the DagBag from /opt/airflow/dags/m4a/d10/d10_Quan.zip
[2024-01-16T04:25:00.643+0000] {processor.py:841} WARNING - No viable dags retrieved from /opt/airflow/dags/m4a/d10/d10_Quan.zip
[2024-01-16T04:25:00.663+0000] {processor.py:179} INFO - Processing /opt/airflow/dags/m4a/d10/d10_Quan.zip took 0.035 seconds
[2024-01-16T04:25:31.357+0000] {processor.py:157} INFO - Started process (PID=438) to work on /opt/airflow/dags/m4a/d10/d10_Quan.zip
[2024-01-16T04:25:31.358+0000] {processor.py:829} INFO - Processing file /opt/airflow/dags/m4a/d10/d10_Quan.zip for tasks to queue
[2024-01-16T04:25:31.361+0000] {logging_mixin.py:154} INFO - [2024-01-16T04:25:31.361+0000] {dagbag.py:536} INFO - Filling up the DagBag from /opt/airflow/dags/m4a/d10/d10_Quan.zip
[2024-01-16T04:25:31.365+0000] {processor.py:841} WARNING - No viable dags retrieved from /opt/airflow/dags/m4a/d10/d10_Quan.zip
[2024-01-16T04:25:31.385+0000] {processor.py:179} INFO - Processing /opt/airflow/dags/m4a/d10/d10_Quan.zip took 0.032 seconds
[2024-01-16T04:26:01.712+0000] {processor.py:157} INFO - Started process (PID=448) to work on /opt/airflow/dags/m4a/d10/d10_Quan.zip
[2024-01-16T04:26:01.713+0000] {processor.py:829} INFO - Processing file /opt/airflow/dags/m4a/d10/d10_Quan.zip for tasks to queue
[2024-01-16T04:26:01.716+0000] {logging_mixin.py:154} INFO - [2024-01-16T04:26:01.716+0000] {dagbag.py:536} INFO - Filling up the DagBag from /opt/airflow/dags/m4a/d10/d10_Quan.zip
[2024-01-16T04:26:01.721+0000] {processor.py:841} WARNING - No viable dags retrieved from /opt/airflow/dags/m4a/d10/d10_Quan.zip
[2024-01-16T04:26:01.740+0000] {processor.py:179} INFO - Processing /opt/airflow/dags/m4a/d10/d10_Quan.zip took 0.033 seconds
[2024-01-16T04:26:32.101+0000] {processor.py:157} INFO - Started process (PID=458) to work on /opt/airflow/dags/m4a/d10/d10_Quan.zip
[2024-01-16T04:26:32.102+0000] {processor.py:829} INFO - Processing file /opt/airflow/dags/m4a/d10/d10_Quan.zip for tasks to queue
[2024-01-16T04:26:32.106+0000] {logging_mixin.py:154} INFO - [2024-01-16T04:26:32.105+0000] {dagbag.py:536} INFO - Filling up the DagBag from /opt/airflow/dags/m4a/d10/d10_Quan.zip
[2024-01-16T04:26:32.110+0000] {processor.py:841} WARNING - No viable dags retrieved from /opt/airflow/dags/m4a/d10/d10_Quan.zip
[2024-01-16T04:26:32.130+0000] {processor.py:179} INFO - Processing /opt/airflow/dags/m4a/d10/d10_Quan.zip took 0.034 seconds
[2024-01-16T04:27:02.531+0000] {processor.py:157} INFO - Started process (PID=468) to work on /opt/airflow/dags/m4a/d10/d10_Quan.zip
[2024-01-16T04:27:02.533+0000] {processor.py:829} INFO - Processing file /opt/airflow/dags/m4a/d10/d10_Quan.zip for tasks to queue
[2024-01-16T04:27:02.537+0000] {logging_mixin.py:154} INFO - [2024-01-16T04:27:02.537+0000] {dagbag.py:536} INFO - Filling up the DagBag from /opt/airflow/dags/m4a/d10/d10_Quan.zip
[2024-01-16T04:27:02.542+0000] {processor.py:841} WARNING - No viable dags retrieved from /opt/airflow/dags/m4a/d10/d10_Quan.zip
[2024-01-16T04:27:02.564+0000] {processor.py:179} INFO - Processing /opt/airflow/dags/m4a/d10/d10_Quan.zip took 0.038 seconds
[2024-01-16T04:27:32.922+0000] {processor.py:157} INFO - Started process (PID=478) to work on /opt/airflow/dags/m4a/d10/d10_Quan.zip
[2024-01-16T04:27:32.968+0000] {processor.py:829} INFO - Processing file /opt/airflow/dags/m4a/d10/d10_Quan.zip for tasks to queue
[2024-01-16T04:27:32.973+0000] {logging_mixin.py:154} INFO - [2024-01-16T04:27:32.972+0000] {dagbag.py:536} INFO - Filling up the DagBag from /opt/airflow/dags/m4a/d10/d10_Quan.zip
[2024-01-16T04:27:32.987+0000] {processor.py:841} WARNING - No viable dags retrieved from /opt/airflow/dags/m4a/d10/d10_Quan.zip
[2024-01-16T04:27:33.017+0000] {processor.py:179} INFO - Processing /opt/airflow/dags/m4a/d10/d10_Quan.zip took 0.103 seconds
[2024-01-16T04:28:03.372+0000] {processor.py:157} INFO - Started process (PID=488) to work on /opt/airflow/dags/m4a/d10/d10_Quan.zip
[2024-01-16T04:28:03.374+0000] {processor.py:829} INFO - Processing file /opt/airflow/dags/m4a/d10/d10_Quan.zip for tasks to queue
[2024-01-16T04:28:03.378+0000] {logging_mixin.py:154} INFO - [2024-01-16T04:28:03.377+0000] {dagbag.py:536} INFO - Filling up the DagBag from /opt/airflow/dags/m4a/d10/d10_Quan.zip
[2024-01-16T04:28:03.382+0000] {processor.py:841} WARNING - No viable dags retrieved from /opt/airflow/dags/m4a/d10/d10_Quan.zip
[2024-01-16T04:28:03.405+0000] {processor.py:179} INFO - Processing /opt/airflow/dags/m4a/d10/d10_Quan.zip took 0.036 seconds
[2024-01-16T04:28:33.702+0000] {processor.py:157} INFO - Started process (PID=498) to work on /opt/airflow/dags/m4a/d10/d10_Quan.zip
[2024-01-16T04:28:33.703+0000] {processor.py:829} INFO - Processing file /opt/airflow/dags/m4a/d10/d10_Quan.zip for tasks to queue
[2024-01-16T04:28:33.706+0000] {logging_mixin.py:154} INFO - [2024-01-16T04:28:33.706+0000] {dagbag.py:536} INFO - Filling up the DagBag from /opt/airflow/dags/m4a/d10/d10_Quan.zip
[2024-01-16T04:28:33.709+0000] {processor.py:841} WARNING - No viable dags retrieved from /opt/airflow/dags/m4a/d10/d10_Quan.zip
[2024-01-16T04:28:33.727+0000] {processor.py:179} INFO - Processing /opt/airflow/dags/m4a/d10/d10_Quan.zip took 0.028 seconds
[2024-01-16T04:29:04.068+0000] {processor.py:157} INFO - Started process (PID=508) to work on /opt/airflow/dags/m4a/d10/d10_Quan.zip
[2024-01-16T04:29:04.069+0000] {processor.py:829} INFO - Processing file /opt/airflow/dags/m4a/d10/d10_Quan.zip for tasks to queue
[2024-01-16T04:29:04.073+0000] {logging_mixin.py:154} INFO - [2024-01-16T04:29:04.072+0000] {dagbag.py:536} INFO - Filling up the DagBag from /opt/airflow/dags/m4a/d10/d10_Quan.zip
[2024-01-16T04:29:04.078+0000] {processor.py:841} WARNING - No viable dags retrieved from /opt/airflow/dags/m4a/d10/d10_Quan.zip
[2024-01-16T04:29:04.099+0000] {processor.py:179} INFO - Processing /opt/airflow/dags/m4a/d10/d10_Quan.zip took 0.034 seconds
[2024-01-16T04:29:34.477+0000] {processor.py:157} INFO - Started process (PID=518) to work on /opt/airflow/dags/m4a/d10/d10_Quan.zip
[2024-01-16T04:29:34.478+0000] {processor.py:829} INFO - Processing file /opt/airflow/dags/m4a/d10/d10_Quan.zip for tasks to queue
[2024-01-16T04:29:34.483+0000] {logging_mixin.py:154} INFO - [2024-01-16T04:29:34.482+0000] {dagbag.py:536} INFO - Filling up the DagBag from /opt/airflow/dags/m4a/d10/d10_Quan.zip
[2024-01-16T04:29:34.487+0000] {processor.py:841} WARNING - No viable dags retrieved from /opt/airflow/dags/m4a/d10/d10_Quan.zip
[2024-01-16T04:29:34.508+0000] {processor.py:179} INFO - Processing /opt/airflow/dags/m4a/d10/d10_Quan.zip took 0.036 seconds
[2024-01-16T04:30:04.896+0000] {processor.py:157} INFO - Started process (PID=528) to work on /opt/airflow/dags/m4a/d10/d10_Quan.zip
[2024-01-16T04:30:04.897+0000] {processor.py:829} INFO - Processing file /opt/airflow/dags/m4a/d10/d10_Quan.zip for tasks to queue
[2024-01-16T04:30:04.902+0000] {logging_mixin.py:154} INFO - [2024-01-16T04:30:04.902+0000] {dagbag.py:536} INFO - Filling up the DagBag from /opt/airflow/dags/m4a/d10/d10_Quan.zip
[2024-01-16T04:30:04.907+0000] {processor.py:841} WARNING - No viable dags retrieved from /opt/airflow/dags/m4a/d10/d10_Quan.zip
[2024-01-16T04:30:04.928+0000] {processor.py:179} INFO - Processing /opt/airflow/dags/m4a/d10/d10_Quan.zip took 0.037 seconds
[2024-01-16T04:30:35.364+0000] {processor.py:157} INFO - Started process (PID=538) to work on /opt/airflow/dags/m4a/d10/d10_Quan.zip
[2024-01-16T04:30:35.365+0000] {processor.py:829} INFO - Processing file /opt/airflow/dags/m4a/d10/d10_Quan.zip for tasks to queue
[2024-01-16T04:30:35.369+0000] {logging_mixin.py:154} INFO - [2024-01-16T04:30:35.368+0000] {dagbag.py:536} INFO - Filling up the DagBag from /opt/airflow/dags/m4a/d10/d10_Quan.zip
[2024-01-16T04:30:35.372+0000] {processor.py:841} WARNING - No viable dags retrieved from /opt/airflow/dags/m4a/d10/d10_Quan.zip
[2024-01-16T04:30:35.390+0000] {processor.py:179} INFO - Processing /opt/airflow/dags/m4a/d10/d10_Quan.zip took 0.030 seconds
[2024-01-16T04:31:05.743+0000] {processor.py:157} INFO - Started process (PID=548) to work on /opt/airflow/dags/m4a/d10/d10_Quan.zip
[2024-01-16T04:31:05.744+0000] {processor.py:829} INFO - Processing file /opt/airflow/dags/m4a/d10/d10_Quan.zip for tasks to queue
[2024-01-16T04:31:05.747+0000] {logging_mixin.py:154} INFO - [2024-01-16T04:31:05.747+0000] {dagbag.py:536} INFO - Filling up the DagBag from /opt/airflow/dags/m4a/d10/d10_Quan.zip
[2024-01-16T04:31:05.751+0000] {processor.py:841} WARNING - No viable dags retrieved from /opt/airflow/dags/m4a/d10/d10_Quan.zip
[2024-01-16T04:31:05.772+0000] {processor.py:179} INFO - Processing /opt/airflow/dags/m4a/d10/d10_Quan.zip took 0.034 seconds
[2024-01-16T04:31:36.146+0000] {processor.py:157} INFO - Started process (PID=558) to work on /opt/airflow/dags/m4a/d10/d10_Quan.zip
[2024-01-16T04:31:36.147+0000] {processor.py:829} INFO - Processing file /opt/airflow/dags/m4a/d10/d10_Quan.zip for tasks to queue
[2024-01-16T04:31:36.150+0000] {logging_mixin.py:154} INFO - [2024-01-16T04:31:36.150+0000] {dagbag.py:536} INFO - Filling up the DagBag from /opt/airflow/dags/m4a/d10/d10_Quan.zip
[2024-01-16T04:31:36.154+0000] {processor.py:841} WARNING - No viable dags retrieved from /opt/airflow/dags/m4a/d10/d10_Quan.zip
[2024-01-16T04:31:36.173+0000] {processor.py:179} INFO - Processing /opt/airflow/dags/m4a/d10/d10_Quan.zip took 0.031 seconds
[2024-01-16T04:32:06.614+0000] {processor.py:157} INFO - Started process (PID=569) to work on /opt/airflow/dags/m4a/d10/d10_Quan.zip
[2024-01-16T04:32:06.620+0000] {processor.py:829} INFO - Processing file /opt/airflow/dags/m4a/d10/d10_Quan.zip for tasks to queue
[2024-01-16T04:32:06.653+0000] {logging_mixin.py:154} INFO - [2024-01-16T04:32:06.652+0000] {dagbag.py:536} INFO - Filling up the DagBag from /opt/airflow/dags/m4a/d10/d10_Quan.zip
[2024-01-16T04:32:06.669+0000] {processor.py:841} WARNING - No viable dags retrieved from /opt/airflow/dags/m4a/d10/d10_Quan.zip
[2024-01-16T04:32:06.728+0000] {processor.py:179} INFO - Processing /opt/airflow/dags/m4a/d10/d10_Quan.zip took 0.124 seconds
[2024-01-16T04:32:37.145+0000] {processor.py:157} INFO - Started process (PID=579) to work on /opt/airflow/dags/m4a/d10/d10_Quan.zip
[2024-01-16T04:32:37.146+0000] {processor.py:829} INFO - Processing file /opt/airflow/dags/m4a/d10/d10_Quan.zip for tasks to queue
[2024-01-16T04:32:37.150+0000] {logging_mixin.py:154} INFO - [2024-01-16T04:32:37.150+0000] {dagbag.py:536} INFO - Filling up the DagBag from /opt/airflow/dags/m4a/d10/d10_Quan.zip
[2024-01-16T04:32:37.154+0000] {processor.py:841} WARNING - No viable dags retrieved from /opt/airflow/dags/m4a/d10/d10_Quan.zip
[2024-01-16T04:32:37.172+0000] {processor.py:179} INFO - Processing /opt/airflow/dags/m4a/d10/d10_Quan.zip took 0.032 seconds
[2024-01-16T04:33:07.570+0000] {processor.py:157} INFO - Started process (PID=589) to work on /opt/airflow/dags/m4a/d10/d10_Quan.zip
[2024-01-16T04:33:07.571+0000] {processor.py:829} INFO - Processing file /opt/airflow/dags/m4a/d10/d10_Quan.zip for tasks to queue
[2024-01-16T04:33:07.574+0000] {logging_mixin.py:154} INFO - [2024-01-16T04:33:07.574+0000] {dagbag.py:536} INFO - Filling up the DagBag from /opt/airflow/dags/m4a/d10/d10_Quan.zip
[2024-01-16T04:33:07.578+0000] {processor.py:841} WARNING - No viable dags retrieved from /opt/airflow/dags/m4a/d10/d10_Quan.zip
[2024-01-16T04:33:07.596+0000] {processor.py:179} INFO - Processing /opt/airflow/dags/m4a/d10/d10_Quan.zip took 0.031 seconds
[2024-01-16T04:33:38.051+0000] {processor.py:157} INFO - Started process (PID=599) to work on /opt/airflow/dags/m4a/d10/d10_Quan.zip
[2024-01-16T04:33:38.053+0000] {processor.py:829} INFO - Processing file /opt/airflow/dags/m4a/d10/d10_Quan.zip for tasks to queue
[2024-01-16T04:33:38.056+0000] {logging_mixin.py:154} INFO - [2024-01-16T04:33:38.055+0000] {dagbag.py:536} INFO - Filling up the DagBag from /opt/airflow/dags/m4a/d10/d10_Quan.zip
[2024-01-16T04:33:38.059+0000] {processor.py:841} WARNING - No viable dags retrieved from /opt/airflow/dags/m4a/d10/d10_Quan.zip
[2024-01-16T04:33:38.078+0000] {processor.py:179} INFO - Processing /opt/airflow/dags/m4a/d10/d10_Quan.zip took 0.031 seconds
[2024-01-16T04:34:08.546+0000] {processor.py:157} INFO - Started process (PID=609) to work on /opt/airflow/dags/m4a/d10/d10_Quan.zip
[2024-01-16T04:34:08.548+0000] {processor.py:829} INFO - Processing file /opt/airflow/dags/m4a/d10/d10_Quan.zip for tasks to queue
[2024-01-16T04:34:08.551+0000] {logging_mixin.py:154} INFO - [2024-01-16T04:34:08.551+0000] {dagbag.py:536} INFO - Filling up the DagBag from /opt/airflow/dags/m4a/d10/d10_Quan.zip
[2024-01-16T04:34:08.556+0000] {processor.py:841} WARNING - No viable dags retrieved from /opt/airflow/dags/m4a/d10/d10_Quan.zip
[2024-01-16T04:34:08.574+0000] {processor.py:179} INFO - Processing /opt/airflow/dags/m4a/d10/d10_Quan.zip took 0.032 seconds
[2024-01-16T04:34:38.990+0000] {processor.py:157} INFO - Started process (PID=619) to work on /opt/airflow/dags/m4a/d10/d10_Quan.zip
[2024-01-16T04:34:38.992+0000] {processor.py:829} INFO - Processing file /opt/airflow/dags/m4a/d10/d10_Quan.zip for tasks to queue
[2024-01-16T04:34:38.995+0000] {logging_mixin.py:154} INFO - [2024-01-16T04:34:38.994+0000] {dagbag.py:536} INFO - Filling up the DagBag from /opt/airflow/dags/m4a/d10/d10_Quan.zip
[2024-01-16T04:34:38.998+0000] {processor.py:841} WARNING - No viable dags retrieved from /opt/airflow/dags/m4a/d10/d10_Quan.zip
[2024-01-16T04:34:39.018+0000] {processor.py:179} INFO - Processing /opt/airflow/dags/m4a/d10/d10_Quan.zip took 0.031 seconds
[2024-01-16T04:35:09.454+0000] {processor.py:157} INFO - Started process (PID=629) to work on /opt/airflow/dags/m4a/d10/d10_Quan.zip
[2024-01-16T04:35:09.455+0000] {processor.py:829} INFO - Processing file /opt/airflow/dags/m4a/d10/d10_Quan.zip for tasks to queue
[2024-01-16T04:35:09.459+0000] {logging_mixin.py:154} INFO - [2024-01-16T04:35:09.458+0000] {dagbag.py:536} INFO - Filling up the DagBag from /opt/airflow/dags/m4a/d10/d10_Quan.zip
[2024-01-16T04:35:09.463+0000] {processor.py:841} WARNING - No viable dags retrieved from /opt/airflow/dags/m4a/d10/d10_Quan.zip
[2024-01-16T04:35:09.481+0000] {processor.py:179} INFO - Processing /opt/airflow/dags/m4a/d10/d10_Quan.zip took 0.031 seconds
[2024-01-16T04:35:39.942+0000] {processor.py:157} INFO - Started process (PID=639) to work on /opt/airflow/dags/m4a/d10/d10_Quan.zip
[2024-01-16T04:35:39.943+0000] {processor.py:829} INFO - Processing file /opt/airflow/dags/m4a/d10/d10_Quan.zip for tasks to queue
[2024-01-16T04:35:39.946+0000] {logging_mixin.py:154} INFO - [2024-01-16T04:35:39.946+0000] {dagbag.py:536} INFO - Filling up the DagBag from /opt/airflow/dags/m4a/d10/d10_Quan.zip
[2024-01-16T04:35:39.950+0000] {processor.py:841} WARNING - No viable dags retrieved from /opt/airflow/dags/m4a/d10/d10_Quan.zip
[2024-01-16T04:35:39.970+0000] {processor.py:179} INFO - Processing /opt/airflow/dags/m4a/d10/d10_Quan.zip took 0.032 seconds
[2024-01-16T04:36:10.399+0000] {processor.py:157} INFO - Started process (PID=649) to work on /opt/airflow/dags/m4a/d10/d10_Quan.zip
[2024-01-16T04:36:10.401+0000] {processor.py:829} INFO - Processing file /opt/airflow/dags/m4a/d10/d10_Quan.zip for tasks to queue
[2024-01-16T04:36:10.403+0000] {logging_mixin.py:154} INFO - [2024-01-16T04:36:10.403+0000] {dagbag.py:536} INFO - Filling up the DagBag from /opt/airflow/dags/m4a/d10/d10_Quan.zip
[2024-01-16T04:36:10.407+0000] {processor.py:841} WARNING - No viable dags retrieved from /opt/airflow/dags/m4a/d10/d10_Quan.zip
[2024-01-16T04:36:10.426+0000] {processor.py:179} INFO - Processing /opt/airflow/dags/m4a/d10/d10_Quan.zip took 0.031 seconds
[2024-01-16T04:36:40.818+0000] {processor.py:157} INFO - Started process (PID=659) to work on /opt/airflow/dags/m4a/d10/d10_Quan.zip
[2024-01-16T04:36:40.819+0000] {processor.py:829} INFO - Processing file /opt/airflow/dags/m4a/d10/d10_Quan.zip for tasks to queue
[2024-01-16T04:36:40.823+0000] {logging_mixin.py:154} INFO - [2024-01-16T04:36:40.822+0000] {dagbag.py:536} INFO - Filling up the DagBag from /opt/airflow/dags/m4a/d10/d10_Quan.zip
[2024-01-16T04:36:40.827+0000] {processor.py:841} WARNING - No viable dags retrieved from /opt/airflow/dags/m4a/d10/d10_Quan.zip
[2024-01-16T04:36:40.850+0000] {processor.py:179} INFO - Processing /opt/airflow/dags/m4a/d10/d10_Quan.zip took 0.037 seconds
[2024-01-16T04:37:11.261+0000] {processor.py:157} INFO - Started process (PID=669) to work on /opt/airflow/dags/m4a/d10/d10_Quan.zip
[2024-01-16T04:37:11.263+0000] {processor.py:829} INFO - Processing file /opt/airflow/dags/m4a/d10/d10_Quan.zip for tasks to queue
[2024-01-16T04:37:11.266+0000] {logging_mixin.py:154} INFO - [2024-01-16T04:37:11.266+0000] {dagbag.py:536} INFO - Filling up the DagBag from /opt/airflow/dags/m4a/d10/d10_Quan.zip
[2024-01-16T04:37:11.271+0000] {processor.py:841} WARNING - No viable dags retrieved from /opt/airflow/dags/m4a/d10/d10_Quan.zip
[2024-01-16T04:37:11.291+0000] {processor.py:179} INFO - Processing /opt/airflow/dags/m4a/d10/d10_Quan.zip took 0.034 seconds
[2024-01-16T04:37:41.753+0000] {processor.py:157} INFO - Started process (PID=679) to work on /opt/airflow/dags/m4a/d10/d10_Quan.zip
[2024-01-16T04:37:41.754+0000] {processor.py:829} INFO - Processing file /opt/airflow/dags/m4a/d10/d10_Quan.zip for tasks to queue
[2024-01-16T04:37:41.758+0000] {logging_mixin.py:154} INFO - [2024-01-16T04:37:41.758+0000] {dagbag.py:536} INFO - Filling up the DagBag from /opt/airflow/dags/m4a/d10/d10_Quan.zip
[2024-01-16T04:37:41.762+0000] {processor.py:841} WARNING - No viable dags retrieved from /opt/airflow/dags/m4a/d10/d10_Quan.zip
[2024-01-16T04:37:41.781+0000] {processor.py:179} INFO - Processing /opt/airflow/dags/m4a/d10/d10_Quan.zip took 0.032 seconds
[2024-01-16T04:38:12.211+0000] {processor.py:157} INFO - Started process (PID=689) to work on /opt/airflow/dags/m4a/d10/d10_Quan.zip
[2024-01-16T04:38:12.212+0000] {processor.py:829} INFO - Processing file /opt/airflow/dags/m4a/d10/d10_Quan.zip for tasks to queue
[2024-01-16T04:38:12.216+0000] {logging_mixin.py:154} INFO - [2024-01-16T04:38:12.215+0000] {dagbag.py:536} INFO - Filling up the DagBag from /opt/airflow/dags/m4a/d10/d10_Quan.zip
[2024-01-16T04:38:12.221+0000] {processor.py:841} WARNING - No viable dags retrieved from /opt/airflow/dags/m4a/d10/d10_Quan.zip
[2024-01-16T04:38:12.242+0000] {processor.py:179} INFO - Processing /opt/airflow/dags/m4a/d10/d10_Quan.zip took 0.036 seconds
[2024-01-16T04:38:42.671+0000] {processor.py:157} INFO - Started process (PID=699) to work on /opt/airflow/dags/m4a/d10/d10_Quan.zip
[2024-01-16T04:38:42.673+0000] {processor.py:829} INFO - Processing file /opt/airflow/dags/m4a/d10/d10_Quan.zip for tasks to queue
[2024-01-16T04:38:42.676+0000] {logging_mixin.py:154} INFO - [2024-01-16T04:38:42.675+0000] {dagbag.py:536} INFO - Filling up the DagBag from /opt/airflow/dags/m4a/d10/d10_Quan.zip
[2024-01-16T04:38:42.680+0000] {processor.py:841} WARNING - No viable dags retrieved from /opt/airflow/dags/m4a/d10/d10_Quan.zip
[2024-01-16T04:38:42.700+0000] {processor.py:179} INFO - Processing /opt/airflow/dags/m4a/d10/d10_Quan.zip took 0.033 seconds
[2024-01-16T04:39:13.136+0000] {processor.py:157} INFO - Started process (PID=709) to work on /opt/airflow/dags/m4a/d10/d10_Quan.zip
[2024-01-16T04:39:13.137+0000] {processor.py:829} INFO - Processing file /opt/airflow/dags/m4a/d10/d10_Quan.zip for tasks to queue
[2024-01-16T04:39:13.140+0000] {logging_mixin.py:154} INFO - [2024-01-16T04:39:13.140+0000] {dagbag.py:536} INFO - Filling up the DagBag from /opt/airflow/dags/m4a/d10/d10_Quan.zip
[2024-01-16T04:39:13.144+0000] {processor.py:841} WARNING - No viable dags retrieved from /opt/airflow/dags/m4a/d10/d10_Quan.zip
[2024-01-16T04:39:13.164+0000] {processor.py:179} INFO - Processing /opt/airflow/dags/m4a/d10/d10_Quan.zip took 0.032 seconds
[2024-01-16T04:39:43.598+0000] {processor.py:157} INFO - Started process (PID=719) to work on /opt/airflow/dags/m4a/d10/d10_Quan.zip
[2024-01-16T04:39:43.599+0000] {processor.py:829} INFO - Processing file /opt/airflow/dags/m4a/d10/d10_Quan.zip for tasks to queue
[2024-01-16T04:39:43.603+0000] {logging_mixin.py:154} INFO - [2024-01-16T04:39:43.602+0000] {dagbag.py:536} INFO - Filling up the DagBag from /opt/airflow/dags/m4a/d10/d10_Quan.zip
[2024-01-16T04:39:43.607+0000] {processor.py:841} WARNING - No viable dags retrieved from /opt/airflow/dags/m4a/d10/d10_Quan.zip
[2024-01-16T04:39:43.624+0000] {processor.py:179} INFO - Processing /opt/airflow/dags/m4a/d10/d10_Quan.zip took 0.031 seconds
[2024-01-16T04:40:14.064+0000] {processor.py:157} INFO - Started process (PID=729) to work on /opt/airflow/dags/m4a/d10/d10_Quan.zip
[2024-01-16T04:40:14.065+0000] {processor.py:829} INFO - Processing file /opt/airflow/dags/m4a/d10/d10_Quan.zip for tasks to queue
[2024-01-16T04:40:14.068+0000] {logging_mixin.py:154} INFO - [2024-01-16T04:40:14.068+0000] {dagbag.py:536} INFO - Filling up the DagBag from /opt/airflow/dags/m4a/d10/d10_Quan.zip
[2024-01-16T04:40:14.072+0000] {processor.py:841} WARNING - No viable dags retrieved from /opt/airflow/dags/m4a/d10/d10_Quan.zip
[2024-01-16T04:40:14.091+0000] {processor.py:179} INFO - Processing /opt/airflow/dags/m4a/d10/d10_Quan.zip took 0.031 seconds
[2024-01-16T04:40:44.548+0000] {processor.py:157} INFO - Started process (PID=739) to work on /opt/airflow/dags/m4a/d10/d10_Quan.zip
[2024-01-16T04:40:44.549+0000] {processor.py:829} INFO - Processing file /opt/airflow/dags/m4a/d10/d10_Quan.zip for tasks to queue
[2024-01-16T04:40:44.553+0000] {logging_mixin.py:154} INFO - [2024-01-16T04:40:44.552+0000] {dagbag.py:536} INFO - Filling up the DagBag from /opt/airflow/dags/m4a/d10/d10_Quan.zip
[2024-01-16T04:40:44.556+0000] {processor.py:841} WARNING - No viable dags retrieved from /opt/airflow/dags/m4a/d10/d10_Quan.zip
[2024-01-16T04:40:44.574+0000] {processor.py:179} INFO - Processing /opt/airflow/dags/m4a/d10/d10_Quan.zip took 0.030 seconds
[2024-01-16T04:41:14.961+0000] {processor.py:157} INFO - Started process (PID=749) to work on /opt/airflow/dags/m4a/d10/d10_Quan.zip
[2024-01-16T04:41:14.962+0000] {processor.py:829} INFO - Processing file /opt/airflow/dags/m4a/d10/d10_Quan.zip for tasks to queue
[2024-01-16T04:41:14.974+0000] {logging_mixin.py:154} INFO - [2024-01-16T04:41:14.971+0000] {dagbag.py:536} INFO - Filling up the DagBag from /opt/airflow/dags/m4a/d10/d10_Quan.zip
[2024-01-16T04:41:14.997+0000] {processor.py:841} WARNING - No viable dags retrieved from /opt/airflow/dags/m4a/d10/d10_Quan.zip
[2024-01-16T04:41:15.058+0000] {processor.py:179} INFO - Processing /opt/airflow/dags/m4a/d10/d10_Quan.zip took 0.101 seconds
[2024-01-16T04:41:45.513+0000] {processor.py:157} INFO - Started process (PID=759) to work on /opt/airflow/dags/m4a/d10/d10_Quan.zip
[2024-01-16T04:41:45.514+0000] {processor.py:829} INFO - Processing file /opt/airflow/dags/m4a/d10/d10_Quan.zip for tasks to queue
[2024-01-16T04:41:45.517+0000] {logging_mixin.py:154} INFO - [2024-01-16T04:41:45.517+0000] {dagbag.py:536} INFO - Filling up the DagBag from /opt/airflow/dags/m4a/d10/d10_Quan.zip
[2024-01-16T04:41:45.522+0000] {processor.py:841} WARNING - No viable dags retrieved from /opt/airflow/dags/m4a/d10/d10_Quan.zip
[2024-01-16T04:41:45.540+0000] {processor.py:179} INFO - Processing /opt/airflow/dags/m4a/d10/d10_Quan.zip took 0.030 seconds
[2024-01-16T04:42:15.955+0000] {processor.py:157} INFO - Started process (PID=769) to work on /opt/airflow/dags/m4a/d10/d10_Quan.zip
[2024-01-16T04:42:15.956+0000] {processor.py:829} INFO - Processing file /opt/airflow/dags/m4a/d10/d10_Quan.zip for tasks to queue
[2024-01-16T04:42:15.960+0000] {logging_mixin.py:154} INFO - [2024-01-16T04:42:15.959+0000] {dagbag.py:536} INFO - Filling up the DagBag from /opt/airflow/dags/m4a/d10/d10_Quan.zip
[2024-01-16T04:42:15.964+0000] {processor.py:841} WARNING - No viable dags retrieved from /opt/airflow/dags/m4a/d10/d10_Quan.zip
[2024-01-16T04:42:15.985+0000] {processor.py:179} INFO - Processing /opt/airflow/dags/m4a/d10/d10_Quan.zip took 0.034 seconds
[2024-01-16T04:42:46.334+0000] {processor.py:157} INFO - Started process (PID=779) to work on /opt/airflow/dags/m4a/d10/d10_Quan.zip
[2024-01-16T04:42:46.336+0000] {processor.py:829} INFO - Processing file /opt/airflow/dags/m4a/d10/d10_Quan.zip for tasks to queue
[2024-01-16T04:42:46.339+0000] {logging_mixin.py:154} INFO - [2024-01-16T04:42:46.339+0000] {dagbag.py:536} INFO - Filling up the DagBag from /opt/airflow/dags/m4a/d10/d10_Quan.zip
[2024-01-16T04:42:46.344+0000] {processor.py:841} WARNING - No viable dags retrieved from /opt/airflow/dags/m4a/d10/d10_Quan.zip
[2024-01-16T04:42:46.366+0000] {processor.py:179} INFO - Processing /opt/airflow/dags/m4a/d10/d10_Quan.zip took 0.037 seconds
[2024-01-16T04:43:16.711+0000] {processor.py:157} INFO - Started process (PID=789) to work on /opt/airflow/dags/m4a/d10/d10_Quan.zip
[2024-01-16T04:43:16.713+0000] {processor.py:829} INFO - Processing file /opt/airflow/dags/m4a/d10/d10_Quan.zip for tasks to queue
[2024-01-16T04:43:16.716+0000] {logging_mixin.py:154} INFO - [2024-01-16T04:43:16.716+0000] {dagbag.py:536} INFO - Filling up the DagBag from /opt/airflow/dags/m4a/d10/d10_Quan.zip
[2024-01-16T04:43:16.720+0000] {processor.py:841} WARNING - No viable dags retrieved from /opt/airflow/dags/m4a/d10/d10_Quan.zip
[2024-01-16T04:43:16.736+0000] {processor.py:179} INFO - Processing /opt/airflow/dags/m4a/d10/d10_Quan.zip took 0.029 seconds
[2024-01-16T04:43:47.083+0000] {processor.py:157} INFO - Started process (PID=799) to work on /opt/airflow/dags/m4a/d10/d10_Quan.zip
[2024-01-16T04:43:47.084+0000] {processor.py:829} INFO - Processing file /opt/airflow/dags/m4a/d10/d10_Quan.zip for tasks to queue
[2024-01-16T04:43:47.088+0000] {logging_mixin.py:154} INFO - [2024-01-16T04:43:47.088+0000] {dagbag.py:536} INFO - Filling up the DagBag from /opt/airflow/dags/m4a/d10/d10_Quan.zip
[2024-01-16T04:43:47.094+0000] {processor.py:841} WARNING - No viable dags retrieved from /opt/airflow/dags/m4a/d10/d10_Quan.zip
[2024-01-16T04:43:47.119+0000] {processor.py:179} INFO - Processing /opt/airflow/dags/m4a/d10/d10_Quan.zip took 0.040 seconds
[2024-01-16T04:44:17.450+0000] {processor.py:157} INFO - Started process (PID=809) to work on /opt/airflow/dags/m4a/d10/d10_Quan.zip
[2024-01-16T04:44:17.451+0000] {processor.py:829} INFO - Processing file /opt/airflow/dags/m4a/d10/d10_Quan.zip for tasks to queue
[2024-01-16T04:44:17.455+0000] {logging_mixin.py:154} INFO - [2024-01-16T04:44:17.455+0000] {dagbag.py:536} INFO - Filling up the DagBag from /opt/airflow/dags/m4a/d10/d10_Quan.zip
[2024-01-16T04:44:17.459+0000] {processor.py:841} WARNING - No viable dags retrieved from /opt/airflow/dags/m4a/d10/d10_Quan.zip
[2024-01-16T04:44:17.477+0000] {processor.py:179} INFO - Processing /opt/airflow/dags/m4a/d10/d10_Quan.zip took 0.031 seconds
[2024-01-16T04:44:47.891+0000] {processor.py:157} INFO - Started process (PID=819) to work on /opt/airflow/dags/m4a/d10/d10_Quan.zip
[2024-01-16T04:44:47.892+0000] {processor.py:829} INFO - Processing file /opt/airflow/dags/m4a/d10/d10_Quan.zip for tasks to queue
[2024-01-16T04:44:47.895+0000] {logging_mixin.py:154} INFO - [2024-01-16T04:44:47.895+0000] {dagbag.py:536} INFO - Filling up the DagBag from /opt/airflow/dags/m4a/d10/d10_Quan.zip
[2024-01-16T04:44:47.899+0000] {processor.py:841} WARNING - No viable dags retrieved from /opt/airflow/dags/m4a/d10/d10_Quan.zip
[2024-01-16T04:44:47.918+0000] {processor.py:179} INFO - Processing /opt/airflow/dags/m4a/d10/d10_Quan.zip took 0.032 seconds
[2024-01-16T04:45:18.441+0000] {processor.py:157} INFO - Started process (PID=829) to work on /opt/airflow/dags/m4a/d10/d10_Quan.zip
[2024-01-16T04:45:18.444+0000] {processor.py:829} INFO - Processing file /opt/airflow/dags/m4a/d10/d10_Quan.zip for tasks to queue
[2024-01-16T04:45:18.447+0000] {logging_mixin.py:154} INFO - [2024-01-16T04:45:18.447+0000] {dagbag.py:536} INFO - Filling up the DagBag from /opt/airflow/dags/m4a/d10/d10_Quan.zip
[2024-01-16T04:45:18.457+0000] {processor.py:841} WARNING - No viable dags retrieved from /opt/airflow/dags/m4a/d10/d10_Quan.zip
[2024-01-16T04:45:18.492+0000] {processor.py:179} INFO - Processing /opt/airflow/dags/m4a/d10/d10_Quan.zip took 0.059 seconds
[2024-01-16T04:45:48.873+0000] {processor.py:157} INFO - Started process (PID=839) to work on /opt/airflow/dags/m4a/d10/d10_Quan.zip
[2024-01-16T04:45:48.874+0000] {processor.py:829} INFO - Processing file /opt/airflow/dags/m4a/d10/d10_Quan.zip for tasks to queue
[2024-01-16T04:45:48.878+0000] {logging_mixin.py:154} INFO - [2024-01-16T04:45:48.877+0000] {dagbag.py:536} INFO - Filling up the DagBag from /opt/airflow/dags/m4a/d10/d10_Quan.zip
[2024-01-16T04:45:48.881+0000] {processor.py:841} WARNING - No viable dags retrieved from /opt/airflow/dags/m4a/d10/d10_Quan.zip
[2024-01-16T04:45:48.901+0000] {processor.py:179} INFO - Processing /opt/airflow/dags/m4a/d10/d10_Quan.zip took 0.032 seconds
[2024-01-16T04:46:19.286+0000] {processor.py:157} INFO - Started process (PID=849) to work on /opt/airflow/dags/m4a/d10/d10_Quan.zip
[2024-01-16T04:46:19.287+0000] {processor.py:829} INFO - Processing file /opt/airflow/dags/m4a/d10/d10_Quan.zip for tasks to queue
[2024-01-16T04:46:19.290+0000] {logging_mixin.py:154} INFO - [2024-01-16T04:46:19.290+0000] {dagbag.py:536} INFO - Filling up the DagBag from /opt/airflow/dags/m4a/d10/d10_Quan.zip
[2024-01-16T04:46:19.295+0000] {processor.py:841} WARNING - No viable dags retrieved from /opt/airflow/dags/m4a/d10/d10_Quan.zip
[2024-01-16T04:46:19.316+0000] {processor.py:179} INFO - Processing /opt/airflow/dags/m4a/d10/d10_Quan.zip took 0.034 seconds
[2024-01-16T04:46:49.716+0000] {processor.py:157} INFO - Started process (PID=859) to work on /opt/airflow/dags/m4a/d10/d10_Quan.zip
[2024-01-16T04:46:49.718+0000] {processor.py:829} INFO - Processing file /opt/airflow/dags/m4a/d10/d10_Quan.zip for tasks to queue
[2024-01-16T04:46:49.722+0000] {logging_mixin.py:154} INFO - [2024-01-16T04:46:49.721+0000] {dagbag.py:536} INFO - Filling up the DagBag from /opt/airflow/dags/m4a/d10/d10_Quan.zip
[2024-01-16T04:46:49.726+0000] {processor.py:841} WARNING - No viable dags retrieved from /opt/airflow/dags/m4a/d10/d10_Quan.zip
[2024-01-16T04:46:49.748+0000] {processor.py:179} INFO - Processing /opt/airflow/dags/m4a/d10/d10_Quan.zip took 0.036 seconds
[2024-01-16T04:47:20.122+0000] {processor.py:157} INFO - Started process (PID=869) to work on /opt/airflow/dags/m4a/d10/d10_Quan.zip
[2024-01-16T04:47:20.123+0000] {processor.py:829} INFO - Processing file /opt/airflow/dags/m4a/d10/d10_Quan.zip for tasks to queue
[2024-01-16T04:47:20.127+0000] {logging_mixin.py:154} INFO - [2024-01-16T04:47:20.126+0000] {dagbag.py:536} INFO - Filling up the DagBag from /opt/airflow/dags/m4a/d10/d10_Quan.zip
[2024-01-16T04:47:20.130+0000] {processor.py:841} WARNING - No viable dags retrieved from /opt/airflow/dags/m4a/d10/d10_Quan.zip
[2024-01-16T04:47:20.150+0000] {processor.py:179} INFO - Processing /opt/airflow/dags/m4a/d10/d10_Quan.zip took 0.032 seconds
[2024-01-16T04:47:50.508+0000] {processor.py:157} INFO - Started process (PID=879) to work on /opt/airflow/dags/m4a/d10/d10_Quan.zip
[2024-01-16T04:47:50.509+0000] {processor.py:829} INFO - Processing file /opt/airflow/dags/m4a/d10/d10_Quan.zip for tasks to queue
[2024-01-16T04:47:50.512+0000] {logging_mixin.py:154} INFO - [2024-01-16T04:47:50.512+0000] {dagbag.py:536} INFO - Filling up the DagBag from /opt/airflow/dags/m4a/d10/d10_Quan.zip
[2024-01-16T04:47:50.515+0000] {processor.py:841} WARNING - No viable dags retrieved from /opt/airflow/dags/m4a/d10/d10_Quan.zip
[2024-01-16T04:47:50.535+0000] {processor.py:179} INFO - Processing /opt/airflow/dags/m4a/d10/d10_Quan.zip took 0.031 seconds
[2024-01-16T04:48:20.896+0000] {processor.py:157} INFO - Started process (PID=889) to work on /opt/airflow/dags/m4a/d10/d10_Quan.zip
[2024-01-16T04:48:20.897+0000] {processor.py:829} INFO - Processing file /opt/airflow/dags/m4a/d10/d10_Quan.zip for tasks to queue
[2024-01-16T04:48:20.900+0000] {logging_mixin.py:154} INFO - [2024-01-16T04:48:20.900+0000] {dagbag.py:536} INFO - Filling up the DagBag from /opt/airflow/dags/m4a/d10/d10_Quan.zip
[2024-01-16T04:48:20.904+0000] {processor.py:841} WARNING - No viable dags retrieved from /opt/airflow/dags/m4a/d10/d10_Quan.zip
[2024-01-16T04:48:20.922+0000] {processor.py:179} INFO - Processing /opt/airflow/dags/m4a/d10/d10_Quan.zip took 0.031 seconds
[2024-01-16T04:48:51.294+0000] {processor.py:157} INFO - Started process (PID=899) to work on /opt/airflow/dags/m4a/d10/d10_Quan.zip
[2024-01-16T04:48:51.295+0000] {processor.py:829} INFO - Processing file /opt/airflow/dags/m4a/d10/d10_Quan.zip for tasks to queue
[2024-01-16T04:48:51.299+0000] {logging_mixin.py:154} INFO - [2024-01-16T04:48:51.298+0000] {dagbag.py:536} INFO - Filling up the DagBag from /opt/airflow/dags/m4a/d10/d10_Quan.zip
[2024-01-16T04:48:51.302+0000] {processor.py:841} WARNING - No viable dags retrieved from /opt/airflow/dags/m4a/d10/d10_Quan.zip
[2024-01-16T04:48:51.319+0000] {processor.py:179} INFO - Processing /opt/airflow/dags/m4a/d10/d10_Quan.zip took 0.029 seconds
[2024-01-16T04:49:21.716+0000] {processor.py:157} INFO - Started process (PID=909) to work on /opt/airflow/dags/m4a/d10/d10_Quan.zip
[2024-01-16T04:49:21.717+0000] {processor.py:829} INFO - Processing file /opt/airflow/dags/m4a/d10/d10_Quan.zip for tasks to queue
[2024-01-16T04:49:21.720+0000] {logging_mixin.py:154} INFO - [2024-01-16T04:49:21.720+0000] {dagbag.py:536} INFO - Filling up the DagBag from /opt/airflow/dags/m4a/d10/d10_Quan.zip
[2024-01-16T04:49:21.724+0000] {processor.py:841} WARNING - No viable dags retrieved from /opt/airflow/dags/m4a/d10/d10_Quan.zip
[2024-01-16T04:49:21.743+0000] {processor.py:179} INFO - Processing /opt/airflow/dags/m4a/d10/d10_Quan.zip took 0.031 seconds
[2024-01-16T04:49:52.131+0000] {processor.py:157} INFO - Started process (PID=919) to work on /opt/airflow/dags/m4a/d10/d10_Quan.zip
[2024-01-16T04:49:52.132+0000] {processor.py:829} INFO - Processing file /opt/airflow/dags/m4a/d10/d10_Quan.zip for tasks to queue
[2024-01-16T04:49:52.135+0000] {logging_mixin.py:154} INFO - [2024-01-16T04:49:52.135+0000] {dagbag.py:536} INFO - Filling up the DagBag from /opt/airflow/dags/m4a/d10/d10_Quan.zip
[2024-01-16T04:49:52.139+0000] {processor.py:841} WARNING - No viable dags retrieved from /opt/airflow/dags/m4a/d10/d10_Quan.zip
[2024-01-16T04:49:52.158+0000] {processor.py:179} INFO - Processing /opt/airflow/dags/m4a/d10/d10_Quan.zip took 0.033 seconds
[2024-01-16T04:50:22.638+0000] {processor.py:157} INFO - Started process (PID=929) to work on /opt/airflow/dags/m4a/d10/d10_Quan.zip
[2024-01-16T04:50:22.639+0000] {processor.py:829} INFO - Processing file /opt/airflow/dags/m4a/d10/d10_Quan.zip for tasks to queue
[2024-01-16T04:50:22.643+0000] {logging_mixin.py:154} INFO - [2024-01-16T04:50:22.642+0000] {dagbag.py:536} INFO - Filling up the DagBag from /opt/airflow/dags/m4a/d10/d10_Quan.zip
[2024-01-16T04:50:22.647+0000] {processor.py:841} WARNING - No viable dags retrieved from /opt/airflow/dags/m4a/d10/d10_Quan.zip
[2024-01-16T04:50:22.667+0000] {processor.py:179} INFO - Processing /opt/airflow/dags/m4a/d10/d10_Quan.zip took 0.033 seconds
[2024-01-16T04:50:53.112+0000] {processor.py:157} INFO - Started process (PID=939) to work on /opt/airflow/dags/m4a/d10/d10_Quan.zip
[2024-01-16T04:50:53.113+0000] {processor.py:829} INFO - Processing file /opt/airflow/dags/m4a/d10/d10_Quan.zip for tasks to queue
[2024-01-16T04:50:53.116+0000] {logging_mixin.py:154} INFO - [2024-01-16T04:50:53.116+0000] {dagbag.py:536} INFO - Filling up the DagBag from /opt/airflow/dags/m4a/d10/d10_Quan.zip
[2024-01-16T04:50:53.120+0000] {processor.py:841} WARNING - No viable dags retrieved from /opt/airflow/dags/m4a/d10/d10_Quan.zip
[2024-01-16T04:50:53.138+0000] {processor.py:179} INFO - Processing /opt/airflow/dags/m4a/d10/d10_Quan.zip took 0.031 seconds
[2024-01-16T04:51:23.545+0000] {processor.py:157} INFO - Started process (PID=949) to work on /opt/airflow/dags/m4a/d10/d10_Quan.zip
[2024-01-16T04:51:23.546+0000] {processor.py:829} INFO - Processing file /opt/airflow/dags/m4a/d10/d10_Quan.zip for tasks to queue
[2024-01-16T04:51:23.550+0000] {logging_mixin.py:154} INFO - [2024-01-16T04:51:23.549+0000] {dagbag.py:536} INFO - Filling up the DagBag from /opt/airflow/dags/m4a/d10/d10_Quan.zip
[2024-01-16T04:51:23.553+0000] {processor.py:841} WARNING - No viable dags retrieved from /opt/airflow/dags/m4a/d10/d10_Quan.zip
[2024-01-16T04:51:23.570+0000] {processor.py:179} INFO - Processing /opt/airflow/dags/m4a/d10/d10_Quan.zip took 0.029 seconds
[2024-01-16T04:51:54.026+0000] {processor.py:157} INFO - Started process (PID=959) to work on /opt/airflow/dags/m4a/d10/d10_Quan.zip
[2024-01-16T04:51:54.028+0000] {processor.py:829} INFO - Processing file /opt/airflow/dags/m4a/d10/d10_Quan.zip for tasks to queue
[2024-01-16T04:51:54.033+0000] {logging_mixin.py:154} INFO - [2024-01-16T04:51:54.033+0000] {dagbag.py:536} INFO - Filling up the DagBag from /opt/airflow/dags/m4a/d10/d10_Quan.zip
[2024-01-16T04:51:54.039+0000] {processor.py:841} WARNING - No viable dags retrieved from /opt/airflow/dags/m4a/d10/d10_Quan.zip
[2024-01-16T04:51:54.060+0000] {processor.py:179} INFO - Processing /opt/airflow/dags/m4a/d10/d10_Quan.zip took 0.039 seconds
[2024-01-16T04:52:24.534+0000] {processor.py:157} INFO - Started process (PID=969) to work on /opt/airflow/dags/m4a/d10/d10_Quan.zip
[2024-01-16T04:52:24.535+0000] {processor.py:829} INFO - Processing file /opt/airflow/dags/m4a/d10/d10_Quan.zip for tasks to queue
[2024-01-16T04:52:24.538+0000] {logging_mixin.py:154} INFO - [2024-01-16T04:52:24.538+0000] {dagbag.py:536} INFO - Filling up the DagBag from /opt/airflow/dags/m4a/d10/d10_Quan.zip
[2024-01-16T04:52:24.542+0000] {processor.py:841} WARNING - No viable dags retrieved from /opt/airflow/dags/m4a/d10/d10_Quan.zip
[2024-01-16T04:52:24.560+0000] {processor.py:179} INFO - Processing /opt/airflow/dags/m4a/d10/d10_Quan.zip took 0.031 seconds
[2024-01-16T04:52:55.002+0000] {processor.py:157} INFO - Started process (PID=979) to work on /opt/airflow/dags/m4a/d10/d10_Quan.zip
[2024-01-16T04:52:55.003+0000] {processor.py:829} INFO - Processing file /opt/airflow/dags/m4a/d10/d10_Quan.zip for tasks to queue
[2024-01-16T04:52:55.007+0000] {logging_mixin.py:154} INFO - [2024-01-16T04:52:55.006+0000] {dagbag.py:536} INFO - Filling up the DagBag from /opt/airflow/dags/m4a/d10/d10_Quan.zip
[2024-01-16T04:52:55.011+0000] {processor.py:841} WARNING - No viable dags retrieved from /opt/airflow/dags/m4a/d10/d10_Quan.zip
[2024-01-16T04:52:55.034+0000] {processor.py:179} INFO - Processing /opt/airflow/dags/m4a/d10/d10_Quan.zip took 0.036 seconds
[2024-01-16T04:53:25.456+0000] {processor.py:157} INFO - Started process (PID=989) to work on /opt/airflow/dags/m4a/d10/d10_Quan.zip
[2024-01-16T04:53:25.457+0000] {processor.py:829} INFO - Processing file /opt/airflow/dags/m4a/d10/d10_Quan.zip for tasks to queue
[2024-01-16T04:53:25.460+0000] {logging_mixin.py:154} INFO - [2024-01-16T04:53:25.460+0000] {dagbag.py:536} INFO - Filling up the DagBag from /opt/airflow/dags/m4a/d10/d10_Quan.zip
[2024-01-16T04:53:25.464+0000] {processor.py:841} WARNING - No viable dags retrieved from /opt/airflow/dags/m4a/d10/d10_Quan.zip
[2024-01-16T04:53:25.485+0000] {processor.py:179} INFO - Processing /opt/airflow/dags/m4a/d10/d10_Quan.zip took 0.034 seconds
[2024-01-16T04:53:55.894+0000] {processor.py:157} INFO - Started process (PID=999) to work on /opt/airflow/dags/m4a/d10/d10_Quan.zip
[2024-01-16T04:53:55.895+0000] {processor.py:829} INFO - Processing file /opt/airflow/dags/m4a/d10/d10_Quan.zip for tasks to queue
[2024-01-16T04:53:55.898+0000] {logging_mixin.py:154} INFO - [2024-01-16T04:53:55.898+0000] {dagbag.py:536} INFO - Filling up the DagBag from /opt/airflow/dags/m4a/d10/d10_Quan.zip
[2024-01-16T04:53:55.902+0000] {processor.py:841} WARNING - No viable dags retrieved from /opt/airflow/dags/m4a/d10/d10_Quan.zip
[2024-01-16T04:53:55.920+0000] {processor.py:179} INFO - Processing /opt/airflow/dags/m4a/d10/d10_Quan.zip took 0.030 seconds
[2024-01-16T04:54:26.352+0000] {processor.py:157} INFO - Started process (PID=1009) to work on /opt/airflow/dags/m4a/d10/d10_Quan.zip
[2024-01-16T04:54:26.353+0000] {processor.py:829} INFO - Processing file /opt/airflow/dags/m4a/d10/d10_Quan.zip for tasks to queue
[2024-01-16T04:54:26.357+0000] {logging_mixin.py:154} INFO - [2024-01-16T04:54:26.357+0000] {dagbag.py:536} INFO - Filling up the DagBag from /opt/airflow/dags/m4a/d10/d10_Quan.zip
[2024-01-16T04:54:26.362+0000] {processor.py:841} WARNING - No viable dags retrieved from /opt/airflow/dags/m4a/d10/d10_Quan.zip
[2024-01-16T04:54:26.382+0000] {processor.py:179} INFO - Processing /opt/airflow/dags/m4a/d10/d10_Quan.zip took 0.034 seconds
[2024-01-16T04:54:56.810+0000] {processor.py:157} INFO - Started process (PID=1019) to work on /opt/airflow/dags/m4a/d10/d10_Quan.zip
[2024-01-16T04:54:56.811+0000] {processor.py:829} INFO - Processing file /opt/airflow/dags/m4a/d10/d10_Quan.zip for tasks to queue
[2024-01-16T04:54:56.815+0000] {logging_mixin.py:154} INFO - [2024-01-16T04:54:56.815+0000] {dagbag.py:536} INFO - Filling up the DagBag from /opt/airflow/dags/m4a/d10/d10_Quan.zip
[2024-01-16T04:54:56.820+0000] {processor.py:841} WARNING - No viable dags retrieved from /opt/airflow/dags/m4a/d10/d10_Quan.zip
[2024-01-16T04:54:56.840+0000] {processor.py:179} INFO - Processing /opt/airflow/dags/m4a/d10/d10_Quan.zip took 0.034 seconds
[2024-01-16T04:55:27.314+0000] {processor.py:157} INFO - Started process (PID=1029) to work on /opt/airflow/dags/m4a/d10/d10_Quan.zip
[2024-01-16T04:55:27.316+0000] {processor.py:829} INFO - Processing file /opt/airflow/dags/m4a/d10/d10_Quan.zip for tasks to queue
[2024-01-16T04:55:27.319+0000] {logging_mixin.py:154} INFO - [2024-01-16T04:55:27.319+0000] {dagbag.py:536} INFO - Filling up the DagBag from /opt/airflow/dags/m4a/d10/d10_Quan.zip
[2024-01-16T04:55:27.324+0000] {processor.py:841} WARNING - No viable dags retrieved from /opt/airflow/dags/m4a/d10/d10_Quan.zip
[2024-01-16T04:55:27.346+0000] {processor.py:179} INFO - Processing /opt/airflow/dags/m4a/d10/d10_Quan.zip took 0.036 seconds
[2024-01-16T04:55:57.792+0000] {processor.py:157} INFO - Started process (PID=1039) to work on /opt/airflow/dags/m4a/d10/d10_Quan.zip
[2024-01-16T04:55:57.793+0000] {processor.py:829} INFO - Processing file /opt/airflow/dags/m4a/d10/d10_Quan.zip for tasks to queue
[2024-01-16T04:55:57.797+0000] {logging_mixin.py:154} INFO - [2024-01-16T04:55:57.796+0000] {dagbag.py:536} INFO - Filling up the DagBag from /opt/airflow/dags/m4a/d10/d10_Quan.zip
[2024-01-16T04:55:57.801+0000] {processor.py:841} WARNING - No viable dags retrieved from /opt/airflow/dags/m4a/d10/d10_Quan.zip
[2024-01-16T04:55:57.822+0000] {processor.py:179} INFO - Processing /opt/airflow/dags/m4a/d10/d10_Quan.zip took 0.034 seconds
[2024-01-16T04:56:28.237+0000] {processor.py:157} INFO - Started process (PID=1049) to work on /opt/airflow/dags/m4a/d10/d10_Quan.zip
[2024-01-16T04:56:28.238+0000] {processor.py:829} INFO - Processing file /opt/airflow/dags/m4a/d10/d10_Quan.zip for tasks to queue
[2024-01-16T04:56:28.242+0000] {logging_mixin.py:154} INFO - [2024-01-16T04:56:28.242+0000] {dagbag.py:536} INFO - Filling up the DagBag from /opt/airflow/dags/m4a/d10/d10_Quan.zip
[2024-01-16T04:56:28.246+0000] {processor.py:841} WARNING - No viable dags retrieved from /opt/airflow/dags/m4a/d10/d10_Quan.zip
[2024-01-16T04:56:28.266+0000] {processor.py:179} INFO - Processing /opt/airflow/dags/m4a/d10/d10_Quan.zip took 0.032 seconds
[2024-01-16T04:56:58.698+0000] {processor.py:157} INFO - Started process (PID=1059) to work on /opt/airflow/dags/m4a/d10/d10_Quan.zip
[2024-01-16T04:56:58.699+0000] {processor.py:829} INFO - Processing file /opt/airflow/dags/m4a/d10/d10_Quan.zip for tasks to queue
[2024-01-16T04:56:58.702+0000] {logging_mixin.py:154} INFO - [2024-01-16T04:56:58.702+0000] {dagbag.py:536} INFO - Filling up the DagBag from /opt/airflow/dags/m4a/d10/d10_Quan.zip
[2024-01-16T04:56:58.706+0000] {processor.py:841} WARNING - No viable dags retrieved from /opt/airflow/dags/m4a/d10/d10_Quan.zip
[2024-01-16T04:56:58.727+0000] {processor.py:179} INFO - Processing /opt/airflow/dags/m4a/d10/d10_Quan.zip took 0.033 seconds
[2024-01-16T04:57:29.147+0000] {processor.py:157} INFO - Started process (PID=1069) to work on /opt/airflow/dags/m4a/d10/d10_Quan.zip
[2024-01-16T04:57:29.148+0000] {processor.py:829} INFO - Processing file /opt/airflow/dags/m4a/d10/d10_Quan.zip for tasks to queue
[2024-01-16T04:57:29.152+0000] {logging_mixin.py:154} INFO - [2024-01-16T04:57:29.152+0000] {dagbag.py:536} INFO - Filling up the DagBag from /opt/airflow/dags/m4a/d10/d10_Quan.zip
[2024-01-16T04:57:29.156+0000] {processor.py:841} WARNING - No viable dags retrieved from /opt/airflow/dags/m4a/d10/d10_Quan.zip
[2024-01-16T04:57:29.175+0000] {processor.py:179} INFO - Processing /opt/airflow/dags/m4a/d10/d10_Quan.zip took 0.033 seconds
[2024-01-16T04:57:59.606+0000] {processor.py:157} INFO - Started process (PID=1079) to work on /opt/airflow/dags/m4a/d10/d10_Quan.zip
[2024-01-16T04:57:59.609+0000] {processor.py:829} INFO - Processing file /opt/airflow/dags/m4a/d10/d10_Quan.zip for tasks to queue
[2024-01-16T04:57:59.614+0000] {logging_mixin.py:154} INFO - [2024-01-16T04:57:59.613+0000] {dagbag.py:536} INFO - Filling up the DagBag from /opt/airflow/dags/m4a/d10/d10_Quan.zip
[2024-01-16T04:57:59.619+0000] {processor.py:841} WARNING - No viable dags retrieved from /opt/airflow/dags/m4a/d10/d10_Quan.zip
[2024-01-16T04:57:59.647+0000] {processor.py:179} INFO - Processing /opt/airflow/dags/m4a/d10/d10_Quan.zip took 0.047 seconds
[2024-01-16T04:58:29.925+0000] {processor.py:157} INFO - Started process (PID=1089) to work on /opt/airflow/dags/m4a/d10/d10_Quan.zip
[2024-01-16T04:58:29.926+0000] {processor.py:829} INFO - Processing file /opt/airflow/dags/m4a/d10/d10_Quan.zip for tasks to queue
[2024-01-16T04:58:29.929+0000] {logging_mixin.py:154} INFO - [2024-01-16T04:58:29.929+0000] {dagbag.py:536} INFO - Filling up the DagBag from /opt/airflow/dags/m4a/d10/d10_Quan.zip
[2024-01-16T04:58:29.933+0000] {processor.py:841} WARNING - No viable dags retrieved from /opt/airflow/dags/m4a/d10/d10_Quan.zip
[2024-01-16T04:58:29.953+0000] {processor.py:179} INFO - Processing /opt/airflow/dags/m4a/d10/d10_Quan.zip took 0.033 seconds
[2024-01-16T04:59:00.380+0000] {processor.py:157} INFO - Started process (PID=1099) to work on /opt/airflow/dags/m4a/d10/d10_Quan.zip
[2024-01-16T04:59:00.381+0000] {processor.py:829} INFO - Processing file /opt/airflow/dags/m4a/d10/d10_Quan.zip for tasks to queue
[2024-01-16T04:59:00.384+0000] {logging_mixin.py:154} INFO - [2024-01-16T04:59:00.384+0000] {dagbag.py:536} INFO - Filling up the DagBag from /opt/airflow/dags/m4a/d10/d10_Quan.zip
[2024-01-16T04:59:00.388+0000] {processor.py:841} WARNING - No viable dags retrieved from /opt/airflow/dags/m4a/d10/d10_Quan.zip
[2024-01-16T04:59:00.409+0000] {processor.py:179} INFO - Processing /opt/airflow/dags/m4a/d10/d10_Quan.zip took 0.034 seconds
[2024-01-16T04:59:30.828+0000] {processor.py:157} INFO - Started process (PID=1109) to work on /opt/airflow/dags/m4a/d10/d10_Quan.zip
[2024-01-16T04:59:30.830+0000] {processor.py:829} INFO - Processing file /opt/airflow/dags/m4a/d10/d10_Quan.zip for tasks to queue
[2024-01-16T04:59:30.833+0000] {logging_mixin.py:154} INFO - [2024-01-16T04:59:30.833+0000] {dagbag.py:536} INFO - Filling up the DagBag from /opt/airflow/dags/m4a/d10/d10_Quan.zip
[2024-01-16T04:59:30.838+0000] {processor.py:841} WARNING - No viable dags retrieved from /opt/airflow/dags/m4a/d10/d10_Quan.zip
[2024-01-16T04:59:30.858+0000] {processor.py:179} INFO - Processing /opt/airflow/dags/m4a/d10/d10_Quan.zip took 0.034 seconds
[2024-01-16T05:00:01.275+0000] {processor.py:157} INFO - Started process (PID=1119) to work on /opt/airflow/dags/m4a/d10/d10_Quan.zip
[2024-01-16T05:00:01.292+0000] {processor.py:829} INFO - Processing file /opt/airflow/dags/m4a/d10/d10_Quan.zip for tasks to queue
[2024-01-16T05:00:01.296+0000] {logging_mixin.py:154} INFO - [2024-01-16T05:00:01.295+0000] {dagbag.py:536} INFO - Filling up the DagBag from /opt/airflow/dags/m4a/d10/d10_Quan.zip
[2024-01-16T05:00:01.299+0000] {processor.py:841} WARNING - No viable dags retrieved from /opt/airflow/dags/m4a/d10/d10_Quan.zip
[2024-01-16T05:00:01.315+0000] {processor.py:179} INFO - Processing /opt/airflow/dags/m4a/d10/d10_Quan.zip took 0.044 seconds
[2024-01-16T05:00:31.805+0000] {processor.py:157} INFO - Started process (PID=1129) to work on /opt/airflow/dags/m4a/d10/d10_Quan.zip
[2024-01-16T05:00:31.806+0000] {processor.py:829} INFO - Processing file /opt/airflow/dags/m4a/d10/d10_Quan.zip for tasks to queue
[2024-01-16T05:00:31.810+0000] {logging_mixin.py:154} INFO - [2024-01-16T05:00:31.810+0000] {dagbag.py:536} INFO - Filling up the DagBag from /opt/airflow/dags/m4a/d10/d10_Quan.zip
[2024-01-16T05:00:31.814+0000] {processor.py:841} WARNING - No viable dags retrieved from /opt/airflow/dags/m4a/d10/d10_Quan.zip
[2024-01-16T05:00:31.834+0000] {processor.py:179} INFO - Processing /opt/airflow/dags/m4a/d10/d10_Quan.zip took 0.033 seconds
[2024-01-16T05:01:02.306+0000] {processor.py:157} INFO - Started process (PID=1139) to work on /opt/airflow/dags/m4a/d10/d10_Quan.zip
[2024-01-16T05:01:02.308+0000] {processor.py:829} INFO - Processing file /opt/airflow/dags/m4a/d10/d10_Quan.zip for tasks to queue
[2024-01-16T05:01:02.312+0000] {logging_mixin.py:154} INFO - [2024-01-16T05:01:02.311+0000] {dagbag.py:536} INFO - Filling up the DagBag from /opt/airflow/dags/m4a/d10/d10_Quan.zip
[2024-01-16T05:01:02.317+0000] {processor.py:841} WARNING - No viable dags retrieved from /opt/airflow/dags/m4a/d10/d10_Quan.zip
[2024-01-16T05:01:02.350+0000] {processor.py:179} INFO - Processing /opt/airflow/dags/m4a/d10/d10_Quan.zip took 0.050 seconds
[2024-01-16T05:01:32.695+0000] {processor.py:157} INFO - Started process (PID=1149) to work on /opt/airflow/dags/m4a/d10/d10_Quan.zip
[2024-01-16T05:01:32.697+0000] {processor.py:829} INFO - Processing file /opt/airflow/dags/m4a/d10/d10_Quan.zip for tasks to queue
[2024-01-16T05:01:32.700+0000] {logging_mixin.py:154} INFO - [2024-01-16T05:01:32.700+0000] {dagbag.py:536} INFO - Filling up the DagBag from /opt/airflow/dags/m4a/d10/d10_Quan.zip
[2024-01-16T05:01:32.704+0000] {processor.py:841} WARNING - No viable dags retrieved from /opt/airflow/dags/m4a/d10/d10_Quan.zip
[2024-01-16T05:01:32.723+0000] {processor.py:179} INFO - Processing /opt/airflow/dags/m4a/d10/d10_Quan.zip took 0.032 seconds
