[2024-03-26T00:18:11.879+0000] {processor.py:157} INFO - Started process (PID=4819) to work on /opt/airflow/dags/task.py
[2024-03-26T00:18:11.883+0000] {processor.py:829} INFO - Processing file /opt/airflow/dags/task.py for tasks to queue
[2024-03-26T00:18:11.886+0000] {logging_mixin.py:154} INFO - [2024-03-26T00:18:11.885+0000] {dagbag.py:536} INFO - Filling up the DagBag from /opt/airflow/dags/task.py
[2024-03-26T00:18:13.520+0000] {processor.py:839} INFO - DAG(s) dict_keys(['stt_task']) retrieved from /opt/airflow/dags/task.py
[2024-03-26T00:18:13.577+0000] {logging_mixin.py:154} INFO - [2024-03-26T00:18:13.576+0000] {dag.py:2941} INFO - Sync 1 DAGs
[2024-03-26T00:18:13.610+0000] {logging_mixin.py:154} INFO - [2024-03-26T00:18:13.609+0000] {dag.py:3722} INFO - Setting next_dagrun for stt_task to 2024-03-26T00:00:00+00:00, run_after=2024-03-27T00:00:00+00:00
[2024-03-26T00:18:13.639+0000] {processor.py:179} INFO - Processing /opt/airflow/dags/task.py took 1.788 seconds
[2024-03-26T01:19:27.200+0000] {processor.py:157} INFO - Started process (PID=4830) to work on /opt/airflow/dags/task.py
[2024-03-26T01:19:27.207+0000] {processor.py:829} INFO - Processing file /opt/airflow/dags/task.py for tasks to queue
[2024-03-26T01:19:27.215+0000] {logging_mixin.py:154} INFO - [2024-03-26T01:19:27.211+0000] {dagbag.py:536} INFO - Filling up the DagBag from /opt/airflow/dags/task.py
[2024-03-26T01:19:28.454+0000] {processor.py:839} INFO - DAG(s) dict_keys(['stt_task']) retrieved from /opt/airflow/dags/task.py
[2024-03-26T01:19:28.491+0000] {logging_mixin.py:154} INFO - [2024-03-26T01:19:28.490+0000] {dag.py:2941} INFO - Sync 1 DAGs
[2024-03-26T01:19:28.523+0000] {logging_mixin.py:154} INFO - [2024-03-26T01:19:28.522+0000] {dag.py:3722} INFO - Setting next_dagrun for stt_task to 2024-03-26T00:00:00+00:00, run_after=2024-03-27T00:00:00+00:00
[2024-03-26T01:19:28.549+0000] {processor.py:179} INFO - Processing /opt/airflow/dags/task.py took 1.376 seconds
[2024-03-26T02:20:33.174+0000] {processor.py:157} INFO - Started process (PID=4841) to work on /opt/airflow/dags/task.py
[2024-03-26T02:20:33.179+0000] {processor.py:829} INFO - Processing file /opt/airflow/dags/task.py for tasks to queue
[2024-03-26T02:20:33.182+0000] {logging_mixin.py:154} INFO - [2024-03-26T02:20:33.181+0000] {dagbag.py:536} INFO - Filling up the DagBag from /opt/airflow/dags/task.py
[2024-03-26T02:20:34.481+0000] {processor.py:839} INFO - DAG(s) dict_keys(['stt_task']) retrieved from /opt/airflow/dags/task.py
[2024-03-26T02:20:34.518+0000] {logging_mixin.py:154} INFO - [2024-03-26T02:20:34.517+0000] {dag.py:2941} INFO - Sync 1 DAGs
[2024-03-26T02:20:34.552+0000] {logging_mixin.py:154} INFO - [2024-03-26T02:20:34.551+0000] {dag.py:3722} INFO - Setting next_dagrun for stt_task to 2024-03-26T00:00:00+00:00, run_after=2024-03-27T00:00:00+00:00
[2024-03-26T02:20:34.581+0000] {processor.py:179} INFO - Processing /opt/airflow/dags/task.py took 1.420 seconds
[2024-03-26T03:21:31.420+0000] {processor.py:157} INFO - Started process (PID=4852) to work on /opt/airflow/dags/task.py
[2024-03-26T03:21:31.425+0000] {processor.py:829} INFO - Processing file /opt/airflow/dags/task.py for tasks to queue
[2024-03-26T03:21:31.430+0000] {logging_mixin.py:154} INFO - [2024-03-26T03:21:31.428+0000] {dagbag.py:536} INFO - Filling up the DagBag from /opt/airflow/dags/task.py
[2024-03-26T03:21:32.872+0000] {processor.py:839} INFO - DAG(s) dict_keys(['stt_task']) retrieved from /opt/airflow/dags/task.py
[2024-03-26T03:21:32.910+0000] {logging_mixin.py:154} INFO - [2024-03-26T03:21:32.910+0000] {dag.py:2941} INFO - Sync 1 DAGs
[2024-03-26T03:21:32.940+0000] {logging_mixin.py:154} INFO - [2024-03-26T03:21:32.940+0000] {dag.py:3722} INFO - Setting next_dagrun for stt_task to 2024-03-26T00:00:00+00:00, run_after=2024-03-27T00:00:00+00:00
[2024-03-26T03:21:32.967+0000] {processor.py:179} INFO - Processing /opt/airflow/dags/task.py took 1.566 seconds
[2024-03-26T03:40:56.150+0000] {processor.py:157} INFO - Started process (PID=4863) to work on /opt/airflow/dags/task.py
[2024-03-26T03:40:56.157+0000] {processor.py:829} INFO - Processing file /opt/airflow/dags/task.py for tasks to queue
[2024-03-26T03:40:56.164+0000] {logging_mixin.py:154} INFO - [2024-03-26T03:40:56.162+0000] {dagbag.py:536} INFO - Filling up the DagBag from /opt/airflow/dags/task.py
[2024-03-26T03:40:59.148+0000] {processor.py:839} INFO - DAG(s) dict_keys(['stt_task']) retrieved from /opt/airflow/dags/task.py
[2024-03-26T03:40:59.211+0000] {logging_mixin.py:154} INFO - [2024-03-26T03:40:59.210+0000] {dag.py:2941} INFO - Sync 1 DAGs
[2024-03-26T03:40:59.278+0000] {logging_mixin.py:154} INFO - [2024-03-26T03:40:59.277+0000] {dag.py:3722} INFO - Setting next_dagrun for stt_task to 2024-03-26T00:00:00+00:00, run_after=2024-03-27T00:00:00+00:00
[2024-03-26T03:40:59.334+0000] {processor.py:179} INFO - Processing /opt/airflow/dags/task.py took 3.217 seconds
